2023-02-23 22:01:10,059 [INFO] Activator:179 - 


2023-02-23 22:01:10,060 [INFO] Activator:180 - !SESSION log4j initialized
2023-02-23 22:01:27,356 [INFO] McuFinderGlobals:52 - Set McuFinder mode to 2 (CubeIDE integrated)
2023-02-23 22:01:27,666 [INFO] ApplicationProperties:181 - Using Application install path: C:\ST\STM32CubeIDE_1.11.2\STM32CubeIDE\plugins\com.st.stm32cube.common.mx_6.7.0.202301130839
2023-02-23 22:01:27,682 [INFO] DbMcusXml:77 - Set database path to: C:\ST\STM32CubeIDE_1.11.2\STM32CubeIDE\plugins\com.st.stm32cube.common.mx_6.7.0.202301130839\\db\/mcu/
2023-02-23 22:01:27,682 [INFO] ApiDb:273 - Set plugin database path to: C:\ST\STM32CubeIDE_1.11.2\STM32CubeIDE\plugins\com.st.stm32cube.common.mx_6.7.0.202301130839\\db\/plugins/boardmanager/
2023-02-23 22:01:27,684 [WARN] ApiDb:258 - Overriding images path with different value:  => C:\ST\STM32CubeIDE_1.11.2\STM32CubeIDE\plugins\com.st.stm32cube.common.mx_6.7.0.202301130839\\db\/plugins/mcufinder/images/
2023-02-23 22:01:28,776 [INFO] ApiDb:249 - Set database path to: C:\Users\Alec\.stmcufinder\plugins\mcufinder//mcu/
2023-02-23 22:01:28,777 [INFO] DbMcusAds:124 - Set database path to: C:\Users\Alec\.stmcufinder\plugins\mcufinder//mcu/
2023-02-23 22:01:28,792 [INFO] CrossReferenceDbSqlite:202 - Set database path to: C:\Users\Alec\.stmcufinder\plugins\mcufinder//mcu/cs/
2023-02-23 22:01:28,886 [INFO] RulesReader:61 - Compatibility file has been processed (283 Rules)
2023-02-23 22:01:28,971 [INFO] DbMcusXml:77 - Set database path to: C:\ST\STM32CubeIDE_1.11.2\STM32CubeIDE\plugins\com.st.stm32cube.common.mx_6.7.0.202301130839\\db\/mcu/
2023-02-23 22:01:28,971 [INFO] ApiDb:273 - Set plugin database path to: C:\ST\STM32CubeIDE_1.11.2\STM32CubeIDE\plugins\com.st.stm32cube.common.mx_6.7.0.202301130839\\db\/plugins/boardmanager/
2023-02-23 22:01:28,972 [INFO] ApiDb:260 - Set plugin images path to: C:\ST\STM32CubeIDE_1.11.2\STM32CubeIDE\plugins\com.st.stm32cube.common.mx_6.7.0.202301130839\\db\/plugins/mcufinder/images/
2023-02-23 22:01:28,972 [WARN] DbFile:40 - Overriding database path with different value: C:\Users\Alec\.stmcufinder\plugins\mcufinder/ => C:\Users\Alec\.stmcufinder\plugins\mcufinder
2023-02-23 22:01:28,972 [INFO] ApiDb:249 - Set database path to: C:\Users\Alec\.stmcufinder\plugins\mcufinder//mcu/
2023-02-23 22:01:28,972 [WARN] DbFile:40 - Overriding database path with different value: C:\Users\Alec\.stmcufinder\plugins\mcufinder/ => C:\Users\Alec\.stmcufinder\plugins\mcufinder
2023-02-23 22:01:28,972 [INFO] DbMcusAds:124 - Set database path to: C:\Users\Alec\.stmcufinder\plugins\mcufinder//mcu/
2023-02-23 22:01:28,973 [WARN] DbFile:40 - Overriding database path with different value: C:\Users\Alec\.stmcufinder\plugins\mcufinder/ => C:\Users\Alec\.stmcufinder\plugins\mcufinder
2023-02-23 22:01:28,973 [WARN] DbFile:40 - Overriding database path with different value: C:\Users\Alec\.stmcufinder\plugins\mcufinder/ => C:\Users\Alec\.stmcufinder\plugins\mcufinder
2023-02-23 22:01:28,973 [INFO] CrossReferenceDbSqlite:202 - Set database path to: C:\Users\Alec\.stmcufinder\plugins\mcufinder//mcu/cs/
2023-02-23 22:01:29,043 [INFO] MainPanel:252 - HeapMemory: 268435456
2023-02-23 22:01:29,141 [INFO] DbMcusXml:77 - Set database path to: C:\ST\STM32CubeIDE_1.11.2\STM32CubeIDE\plugins\com.st.stm32cube.common.mx_6.7.0.202301130839\\db\/mcu/
2023-02-23 22:01:29,141 [INFO] ApiDb:273 - Set plugin database path to: C:\ST\STM32CubeIDE_1.11.2\STM32CubeIDE\plugins\com.st.stm32cube.common.mx_6.7.0.202301130839\\db\/plugins/boardmanager/
2023-02-23 22:01:29,141 [INFO] ApiDb:260 - Set plugin images path to: C:\ST\STM32CubeIDE_1.11.2\STM32CubeIDE\plugins\com.st.stm32cube.common.mx_6.7.0.202301130839\\db\/plugins/mcufinder/images/
2023-02-23 22:01:29,142 [WARN] DbFile:40 - Overriding database path with different value: C:\Users\Alec\.stmcufinder\plugins\mcufinder/ => C:\Users\Alec\.stmcufinder\plugins\mcufinder
2023-02-23 22:01:29,142 [INFO] ApiDb:249 - Set database path to: C:\Users\Alec\.stmcufinder\plugins\mcufinder//mcu/
2023-02-23 22:01:29,142 [WARN] DbFile:40 - Overriding database path with different value: C:\Users\Alec\.stmcufinder\plugins\mcufinder/ => C:\Users\Alec\.stmcufinder\plugins\mcufinder
2023-02-23 22:01:29,142 [INFO] DbMcusAds:124 - Set database path to: C:\Users\Alec\.stmcufinder\plugins\mcufinder//mcu/
2023-02-23 22:01:29,143 [WARN] DbFile:40 - Overriding database path with different value: C:\Users\Alec\.stmcufinder\plugins\mcufinder/ => C:\Users\Alec\.stmcufinder\plugins\mcufinder
2023-02-23 22:01:29,143 [WARN] DbFile:40 - Overriding database path with different value: C:\Users\Alec\.stmcufinder\plugins\mcufinder/ => C:\Users\Alec\.stmcufinder\plugins\mcufinder
2023-02-23 22:01:29,143 [INFO] CrossReferenceDbSqlite:202 - Set database path to: C:\Users\Alec\.stmcufinder\plugins\mcufinder//mcu/cs/
2023-02-23 22:01:29,160 [INFO] ApplicationProperties:181 - Using Application install path: C:\ST\STM32CubeIDE_1.11.2\STM32CubeIDE\plugins\com.st.stm32cube.common.mx_6.7.0.202301130839
2023-02-23 22:01:29,162 [INFO] PluginManage:193 - Search for loadable plugins [exclusion list=, ]
2023-02-23 22:01:29,163 [INFO] PluginManage:307 - Check plugin analytics
2023-02-23 22:01:29,316 [INFO] AnalyticsPlugin:262 - Accepted Software Licenses: 
2023-02-23 22:01:29,317 [INFO] AnalyticsPlugin:264 - Accepted CMSIS Pack Licenses: 
2023-02-23 22:01:29,318 [INFO] AnalyticsPlugin:266 - Accepted Firmware Licenses: 
2023-02-23 22:01:29,333 [INFO] PluginManage:356 - Loaded plugin analytics (category:tool,tabindex:-1)
2023-02-23 22:01:29,334 [INFO] PluginManage:307 - Check plugin cadmodel
2023-02-23 22:01:29,339 [INFO] CADModel:104 - Init CAD model plugin
2023-02-23 22:01:29,340 [INFO] PluginManage:356 - Loaded plugin cadmodel (category:power,tabindex:5)
2023-02-23 22:01:29,340 [INFO] PluginManage:307 - Check plugin clock
2023-02-23 22:01:29,351 [INFO] PluginManage:356 - Loaded plugin clock (category:base,tabindex:2)
2023-02-23 22:01:29,351 [INFO] PluginManage:307 - Check plugin ddr
2023-02-23 22:01:29,353 [INFO] PluginManage:356 - Loaded plugin ddr (category:tool,tabindex:6)
2023-02-23 22:01:29,354 [INFO] PluginManage:307 - Check plugin filemanager
2023-02-23 22:01:29,475 [INFO] PluginManage:356 - Loaded plugin filemanager (category:base,tabindex:10)
2023-02-23 22:01:29,475 [INFO] PluginManage:307 - Check plugin ipmanager
2023-02-23 22:01:29,482 [INFO] PluginManage:356 - Loaded plugin ipmanager (category:base,tabindex:5)
2023-02-23 22:01:29,482 [INFO] PluginManage:307 - Check plugin lpbam
2023-02-23 22:01:29,490 [INFO] PluginManage:356 - Loaded plugin lpbam (category:base,tabindex:0)
2023-02-23 22:01:29,491 [INFO] PluginManage:307 - Check plugin pinoutandconfiguration
2023-02-23 22:01:29,498 [INFO] PluginManage:356 - Loaded plugin pinoutandconfiguration (category:base,tabindex:1)
2023-02-23 22:01:29,498 [INFO] PluginManage:307 - Check plugin pinoutconfig
2023-02-23 22:01:29,536 [INFO] PluginManage:356 - Loaded plugin pinoutconfig (category:base,tabindex:0)
2023-02-23 22:01:29,536 [INFO] PluginManage:307 - Check plugin power
2023-02-23 22:01:29,562 [INFO] PluginManage:356 - Loaded plugin power (category:power,tabindex:4)
2023-02-23 22:01:29,562 [INFO] PluginManage:307 - Check plugin projectmanager
2023-02-23 22:01:29,578 [INFO] PluginManage:356 - Loaded plugin projectmanager (category:projectmanager,tabindex:3)
2023-02-23 22:01:29,578 [INFO] PluginManage:307 - Check plugin thirdparty
2023-02-23 22:01:29,687 [WARN] IntegrityCheckThread:82 - waiting for thirdparty lock release [integrity check]
2023-02-23 22:01:29,689 [INFO] PluginManage:356 - Loaded plugin thirdparty (category:base,tabindex:-1)
2023-02-23 22:01:29,690 [INFO] IntegrityCheckThread:84 - entering critical section [integrity check]
2023-02-23 22:01:29,690 [INFO] PluginManage:307 - Check plugin tools
2023-02-23 22:01:29,694 [INFO] ThirdPartyUpdaterWithRetryManager:70 - Updater plugin not ready yet. [1/15]
2023-02-23 22:01:29,694 [INFO] PluginManage:356 - Loaded plugin tools (category:base,tabindex:7)
2023-02-23 22:01:29,695 [INFO] PluginManage:307 - Check plugin tutovideos
2023-02-23 22:01:29,866 [INFO] PluginManage:356 - Loaded plugin tutovideos (category:base,tabindex:-1)
2023-02-23 22:01:29,866 [INFO] PluginManage:307 - Check plugin updater
2023-02-23 22:01:29,878 [INFO] PluginManage:356 - Loaded plugin updater (category:base,tabindex:12)
2023-02-23 22:01:29,879 [INFO] PluginManage:280 - PluginManage : Loaded plugins [15]
2023-02-23 22:01:30,083 [INFO] PinOutPanel:1477 - setPackage(No Configuration,No Configuration)
2023-02-23 22:01:30,139 [INFO] CADModel:164 - CPN selected for project level
2023-02-23 22:01:30,139 [INFO] CADModel:113 - Register for checkConnection events
2023-02-23 22:01:30,154 [INFO] IPUIPlugin:79 - create IPUIPlugin
2023-02-23 22:01:30,155 [INFO] PluginManager:219 - loadIPPluginJar : add adc
2023-02-23 22:01:30,157 [INFO] IPUIPlugin:79 - create IPUIPlugin
2023-02-23 22:01:30,157 [INFO] PluginManager:219 - loadIPPluginJar : add aes
2023-02-23 22:01:30,159 [INFO] IPUIPlugin:79 - create IPUIPlugin
2023-02-23 22:01:30,159 [INFO] PluginManager:219 - loadIPPluginJar : add can
2023-02-23 22:01:30,161 [INFO] IPUIPlugin:79 - create IPUIPlugin
2023-02-23 22:01:30,161 [INFO] PluginManager:219 - loadIPPluginJar : add comp
2023-02-23 22:01:30,163 [INFO] IPUIPlugin:79 - create IPUIPlugin
2023-02-23 22:01:30,163 [INFO] PluginManager:219 - loadIPPluginJar : add cryp
2023-02-23 22:01:30,166 [INFO] IPUIPlugin:79 - create IPUIPlugin
2023-02-23 22:01:30,166 [INFO] PluginManager:219 - loadIPPluginJar : add dfsdm
2023-02-23 22:01:30,171 [INFO] IPUIPlugin:79 - create IPUIPlugin
2023-02-23 22:01:30,172 [INFO] PluginManager:219 - loadIPPluginJar : add dma
2023-02-23 22:01:30,174 [INFO] IPUIPlugin:79 - create IPUIPlugin
2023-02-23 22:01:30,174 [INFO] PluginManager:219 - loadIPPluginJar : add dma3
2023-02-23 22:01:30,176 [INFO] IPUIPlugin:79 - create IPUIPlugin
2023-02-23 22:01:30,176 [INFO] PluginManager:219 - loadIPPluginJar : add fatfs
2023-02-23 22:01:30,180 [INFO] IPUIPlugin:79 - create IPUIPlugin
2023-02-23 22:01:30,180 [INFO] PluginManager:219 - loadIPPluginJar : add fmc
2023-02-23 22:01:30,184 [INFO] IPUIPlugin:79 - create IPUIPlugin
2023-02-23 22:01:30,184 [INFO] PluginManager:219 - loadIPPluginJar : add freertos
2023-02-23 22:01:30,186 [INFO] IPUIPlugin:79 - create IPUIPlugin
2023-02-23 22:01:30,186 [INFO] PluginManager:219 - loadIPPluginJar : add genericplugin
2023-02-23 22:01:30,188 [INFO] IPUIPlugin:79 - create IPUIPlugin
2023-02-23 22:01:30,188 [INFO] PluginManager:219 - loadIPPluginJar : add gfxmmu
2023-02-23 22:01:30,192 [INFO] IPUIPlugin:79 - create IPUIPlugin
2023-02-23 22:01:30,192 [INFO] PluginManager:219 - loadIPPluginJar : add gic
2023-02-23 22:01:30,196 [INFO] IPUIPlugin:79 - create IPUIPlugin
2023-02-23 22:01:30,196 [INFO] PluginManager:219 - loadIPPluginJar : add gpio
2023-02-23 22:01:30,199 [INFO] IPUIPlugin:79 - create IPUIPlugin
2023-02-23 22:01:30,199 [INFO] PluginManager:219 - loadIPPluginJar : add gtzc
2023-02-23 22:01:30,201 [INFO] IPUIPlugin:79 - create IPUIPlugin
2023-02-23 22:01:30,201 [INFO] PluginManager:219 - loadIPPluginJar : add hash
2023-02-23 22:01:30,204 [INFO] IPUIPlugin:79 - create IPUIPlugin
2023-02-23 22:01:30,204 [INFO] PluginManager:219 - loadIPPluginJar : add i2c
2023-02-23 22:01:30,206 [INFO] IPUIPlugin:79 - create IPUIPlugin
2023-02-23 22:01:30,206 [INFO] PluginManager:219 - loadIPPluginJar : add i2s
2023-02-23 22:01:30,209 [INFO] IPUIPlugin:79 - create IPUIPlugin
2023-02-23 22:01:30,209 [INFO] PluginManager:219 - loadIPPluginJar : add ipddr
2023-02-23 22:01:30,215 [INFO] IPUIPlugin:79 - create IPUIPlugin
2023-02-23 22:01:30,215 [INFO] PluginManager:219 - loadIPPluginJar : add linkedlist
2023-02-23 22:01:30,218 [INFO] IPUIPlugin:79 - create IPUIPlugin
2023-02-23 22:01:30,218 [INFO] PluginManager:219 - loadIPPluginJar : add lorawan
2023-02-23 22:01:30,219 [INFO] IPUIPlugin:79 - create IPUIPlugin
2023-02-23 22:01:30,219 [INFO] PluginManager:219 - loadIPPluginJar : add ltdc
2023-02-23 22:01:30,224 [INFO] IPUIPlugin:79 - create IPUIPlugin
2023-02-23 22:01:30,225 [INFO] PluginManager:219 - loadIPPluginJar : add mdma
2023-02-23 22:01:30,228 [INFO] IPUIPlugin:79 - create IPUIPlugin
2023-02-23 22:01:30,228 [INFO] PluginManager:219 - loadIPPluginJar : add nvic
2023-02-23 22:01:30,230 [INFO] IPUIPlugin:79 - create IPUIPlugin
2023-02-23 22:01:30,230 [INFO] PluginManager:219 - loadIPPluginJar : add opamp
2023-02-23 22:01:30,233 [INFO] IPUIPlugin:79 - create IPUIPlugin
2023-02-23 22:01:30,234 [INFO] PluginManager:219 - loadIPPluginJar : add openamp
2023-02-23 22:01:30,236 [INFO] IPUIPlugin:79 - create IPUIPlugin
2023-02-23 22:01:30,237 [INFO] PluginManager:219 - loadIPPluginJar : add pdm2pcm
2023-02-23 22:01:30,242 [INFO] IPUIPlugin:79 - create IPUIPlugin
2023-02-23 22:01:30,244 [INFO] PluginManager:219 - loadIPPluginJar : add plateformsettings
2023-02-23 22:01:30,246 [INFO] IPUIPlugin:79 - create IPUIPlugin
2023-02-23 22:01:30,246 [INFO] PluginManager:219 - loadIPPluginJar : add quadspi
2023-02-23 22:01:30,250 [INFO] IPUIPlugin:79 - create IPUIPlugin
2023-02-23 22:01:30,250 [INFO] PluginManager:219 - loadIPPluginJar : add resmgrutility
2023-02-23 22:01:30,253 [INFO] IPUIPlugin:79 - create IPUIPlugin
2023-02-23 22:01:30,253 [INFO] PluginManager:219 - loadIPPluginJar : add sai
2023-02-23 22:01:30,254 [INFO] IPUIPlugin:79 - create IPUIPlugin
2023-02-23 22:01:30,255 [INFO] PluginManager:219 - loadIPPluginJar : add spi
2023-02-23 22:01:30,258 [INFO] IPUIPlugin:79 - create IPUIPlugin
2023-02-23 22:01:30,259 [INFO] PluginManager:219 - loadIPPluginJar : add stm32_wpan
2023-02-23 22:01:30,261 [INFO] IPUIPlugin:79 - create IPUIPlugin
2023-02-23 22:01:30,261 [INFO] PluginManager:219 - loadIPPluginJar : add tim
2023-02-23 22:01:30,264 [INFO] IPUIPlugin:79 - create IPUIPlugin
2023-02-23 22:01:30,264 [INFO] PluginManager:219 - loadIPPluginJar : add touchsensing
2023-02-23 22:01:30,266 [INFO] IPUIPlugin:79 - create IPUIPlugin
2023-02-23 22:01:30,266 [INFO] PluginManager:219 - loadIPPluginJar : add tracer_emb
2023-02-23 22:01:30,268 [INFO] IPUIPlugin:79 - create IPUIPlugin
2023-02-23 22:01:30,268 [INFO] PluginManager:219 - loadIPPluginJar : add ts
2023-02-23 22:01:30,269 [INFO] IPUIPlugin:79 - create IPUIPlugin
2023-02-23 22:01:30,269 [INFO] PluginManager:219 - loadIPPluginJar : add tsc
2023-02-23 22:01:30,271 [INFO] IPUIPlugin:79 - create IPUIPlugin
2023-02-23 22:01:30,272 [INFO] PluginManager:219 - loadIPPluginJar : add ucpd
2023-02-23 22:01:30,274 [INFO] IPUIPlugin:79 - create IPUIPlugin
2023-02-23 22:01:30,274 [INFO] PluginManager:219 - loadIPPluginJar : add usart
2023-02-23 22:01:30,276 [INFO] IPUIPlugin:79 - create IPUIPlugin
2023-02-23 22:01:30,277 [INFO] PluginManager:219 - loadIPPluginJar : add usbx
2023-02-23 22:01:30,395 [INFO] CADModel:164 - CPN selected for project level
2023-02-23 22:01:30,395 [INFO] CADModel:113 - Register for checkConnection events
2023-02-23 22:01:30,395 [FATAL] Updater:308 - Updater called before beeing initialized
2023-02-23 22:01:30,395 [ERROR] CADModel:124 - Updater not yet initialized, retry later 
2023-02-23 22:01:30,517 [INFO] CADModel:164 - CPN selected for project level
2023-02-23 22:01:30,517 [INFO] CADModel:113 - Register for checkConnection events
2023-02-23 22:01:30,518 [FATAL] Updater:308 - Updater called before beeing initialized
2023-02-23 22:01:30,518 [ERROR] CADModel:124 - Updater not yet initialized, retry later 
2023-02-23 22:01:30,520 [FATAL] Updater:308 - Updater called before beeing initialized
2023-02-23 22:01:30,616 [FATAL] Updater:308 - Updater called before beeing initialized
2023-02-23 22:01:30,623 [INFO] DbMcusAds:52 - JSON generation date=Thu Sep 30 00:55:09 MDT 2021 (1632984909247)
2023-02-23 22:01:30,623 [FATAL] Updater:308 - Updater called before beeing initialized
2023-02-23 22:01:30,660 [WARN] DetailPanel:344 - Failed to get advertising image, set to default
2023-02-23 22:01:30,770 [FATAL] Updater:308 - Updater called before beeing initialized
2023-02-23 22:01:30,772 [FATAL] Updater:308 - Updater called before beeing initialized
2023-02-23 22:01:30,772 [FATAL] Updater:308 - Updater called before beeing initialized
2023-02-23 22:01:30,772 [WARN] DetailPanel:344 - Failed to get advertising image, set to default
2023-02-23 22:01:30,773 [FATAL] Updater:308 - Updater called before beeing initialized
2023-02-23 22:01:30,821 [ERROR] Updater:1120 - MainUpdater not yet initialized. External WinMGr cannot be set.
2023-02-23 22:01:30,833 [INFO] Updater:1056 - Updater Version found : 6.7.0
2023-02-23 22:01:30,852 [INFO] ApplicationProperties:181 - Using Application install path: C:\ST\STM32CubeIDE_1.11.2\STM32CubeIDE\plugins\com.st.stm32cube.common.mx_6.7.0.202301130839
2023-02-23 22:01:30,889 [INFO] MainUpdater:518 - Copy updater definitions from MX database
2023-02-23 22:01:31,167 [INFO] MainUpdater:2800 - connection check result : 10
2023-02-23 22:01:31,168 [INFO] MainUpdater:3494 - Updater definition file requires update
2023-02-23 22:01:31,169 [INFO] MainUpdater:282 - Updater Check For Update Now.
2023-02-23 22:01:31,169 [INFO] MicroXplorer:481 - Change Database Version : DB.6.0.70
2023-02-23 22:01:31,305 [INFO] ServerAccessManage:474 - Download File updaters.zip
2023-02-23 22:01:31,406 [INFO] FileExtend:239 - Unzip File : updaters.zip
2023-02-23 22:01:31,406 [INFO] FileExtend:254 - Standard Zip Deflate
2023-02-23 22:01:31,856 [INFO] ServerAccessManage:474 - Download File PacksControlFlags.xml
2023-02-23 22:01:31,997 [INFO] ServerAccessManage:474 - Download File cubemx.pidx
2023-02-23 22:01:32,379 [INFO] ServerAccessManage:474 - Download File STMicroelectronics.FP-ATR-ASTRA1.pdsc
2023-02-23 22:01:32,499 [INFO] ServerAccessManage:474 - Download File STMicroelectronics.FP-ATR-SIGFOX1.pdsc
2023-02-23 22:01:32,689 [INFO] ServerAccessManage:474 - Download File STMicroelectronics.X-CUBE-AI.pdsc
2023-02-23 22:01:32,697 [WARN] MainUpdater:1186 - Updater busy. Cannot search thirdparties
2023-02-23 22:01:32,697 [INFO] ThirdPartyUpdaterWithRetryManager:96 - Updater plugin is busy. [1/15]
2023-02-23 22:01:32,756 [ERROR] LogOutputStream:74 - [STDERR_REDIRECT] SLF4J: Failed to load class "org.slf4j.impl.StaticLoggerBinder".
2023-02-23 22:01:32,757 [ERROR] LogOutputStream:74 - [STDERR_REDIRECT] SLF4J: Defaulting to no-operation (NOP) logger implementation
2023-02-23 22:01:32,758 [ERROR] LogOutputStream:74 - [STDERR_REDIRECT] SLF4J: See http://www.slf4j.org/codes.html#StaticLoggerBinder for further details.
2023-02-23 22:01:33,475 [INFO] ServerAccessManage:474 - Download File STMicroelectronics.X-CUBE-BLE1.pdsc
2023-02-23 22:01:34,416 [ERROR] ServerAccessManage:1090 - Problem, file not found on Server
2023-02-23 22:01:34,480 [INFO] ServerAccessManage:474 - Download File STMicroelectronics.X-CUBE-BLE2.pdsc
2023-02-23 22:01:34,784 [INFO] ServerAccessManage:474 - Download File STMicroelectronics.X-CUBE-BLEMGR.pdsc
2023-02-23 22:01:35,006 [INFO] ServerAccessManage:474 - Download File STMicroelectronics.X-CUBE-DISPLAY.pdsc
2023-02-23 22:01:35,546 [INFO] ServerAccessManage:474 - Download File STMicroelectronics.X-CUBE-EEPRMA1.pdsc
2023-02-23 22:01:35,701 [WARN] MainUpdater:1186 - Updater busy. Cannot search thirdparties
2023-02-23 22:01:35,701 [INFO] ThirdPartyUpdaterWithRetryManager:96 - Updater plugin is busy. [2/15]
2023-02-23 22:01:35,877 [ERROR] ServerAccessManage:1090 - Problem, file not found on Server
2023-02-23 22:01:35,999 [INFO] ServerAccessManage:474 - Download File STMicroelectronics.X-CUBE-GNSS1.pdsc
2023-02-23 22:01:36,590 [ERROR] ServerAccessManage:1090 - Problem, file not found on Server
2023-02-23 22:01:36,874 [ERROR] ServerAccessManage:1090 - Problem, file not found on Server
2023-02-23 22:01:37,164 [ERROR] ServerAccessManage:1090 - Problem, file not found on Server
2023-02-23 22:01:37,436 [ERROR] ServerAccessManage:1090 - Problem, file not found on Server
2023-02-23 22:01:37,711 [ERROR] ServerAccessManage:1090 - Problem, file not found on Server
2023-02-23 22:01:37,994 [ERROR] ServerAccessManage:1090 - Problem, file not found on Server
2023-02-23 22:01:38,026 [INFO] ServerAccessManage:474 - Download File STMicroelectronics.X-CUBE-ISPU.pdsc
2023-02-23 22:01:38,424 [INFO] ServerAccessManage:474 - Download File STMicroelectronics.X-CUBE-MEMS1.pdsc
2023-02-23 22:01:38,708 [WARN] MainUpdater:1186 - Updater busy. Cannot search thirdparties
2023-02-23 22:01:38,708 [INFO] ThirdPartyUpdaterWithRetryManager:96 - Updater plugin is busy. [3/15]
2023-02-23 22:01:39,944 [INFO] ServerAccessManage:474 - Download File STMicroelectronics.X-CUBE-NFC4.pdsc
2023-02-23 22:01:40,672 [INFO] ServerAccessManage:474 - Download File STMicroelectronics.X-CUBE-NFC7.pdsc
2023-02-23 22:01:40,767 [INFO] ServerAccessManage:474 - Download File STMicroelectronics.X-CUBE-SFXS2LP1.pdsc
2023-02-23 22:01:40,959 [INFO] ServerAccessManage:474 - Download File STMicroelectronics.X-CUBE-SUBG2.pdsc
2023-02-23 22:01:41,646 [INFO] ServerAccessManage:474 - Download File STMicroelectronics.X-CUBE-TOF1.pdsc
2023-02-23 22:01:41,717 [WARN] MainUpdater:1186 - Updater busy. Cannot search thirdparties
2023-02-23 22:01:41,717 [INFO] ThirdPartyUpdaterWithRetryManager:96 - Updater plugin is busy. [4/15]
2023-02-23 22:01:42,087 [ERROR] ServerAccessManage:1090 - Problem, file not found on Server
2023-02-23 22:01:42,150 [INFO] ServerAccessManage:474 - Download File STMicroelectronics.X-CUBE-TOUCHGFX.pdsc
2023-02-23 22:01:43,489 [INFO] ServerAccessManage:474 - Download File STMicroelectronics.X-CUBE-ALGOBUILD.pdsc
2023-02-23 22:01:43,712 [INFO] ServerAccessManage:474 - Download File STMicroelectronics.X-CUBE-AZRTOS-H7.pdsc
2023-02-23 22:01:44,212 [INFO] ServerAccessManage:474 - Download File STMicroelectronics.X-CUBE-AZRTOS-F4.pdsc
2023-02-23 22:01:44,370 [INFO] ServerAccessManage:474 - Download File STMicroelectronics.X-CUBE-AZRTOS-F7.pdsc
2023-02-23 22:01:44,722 [WARN] MainUpdater:1186 - Updater busy. Cannot search thirdparties
2023-02-23 22:01:44,722 [INFO] ThirdPartyUpdaterWithRetryManager:96 - Updater plugin is busy. [5/15]
2023-02-23 22:01:44,796 [INFO] ServerAccessManage:474 - Download File STMicroelectronics.X-CUBE-AZRTOS-L5.pdsc
2023-02-23 22:01:45,063 [INFO] ServerAccessManage:474 - Download File STMicroelectronics.X-CUBE-AZRTOS-G0.pdsc
2023-02-23 22:01:45,210 [INFO] ServerAccessManage:474 - Download File STMicroelectronics.X-CUBE-AZRTOS-WB.pdsc
2023-02-23 22:01:45,314 [INFO] ServerAccessManage:474 - Download File STMicroelectronics.X-CUBE-AZRTOS-WL.pdsc
2023-02-23 22:01:47,729 [WARN] MainUpdater:1186 - Updater busy. Cannot search thirdparties
2023-02-23 22:01:47,729 [INFO] ThirdPartyUpdaterWithRetryManager:96 - Updater plugin is busy. [6/15]
2023-02-23 22:01:47,961 [INFO] ServerAccessManage:474 - Download File portGmbH.I-Cube-SoM-uGOAL.pdsc
2023-02-23 22:01:49,850 [ERROR] ServerAccessManage:1090 - Problem, file not found on Server
2023-02-23 22:01:50,035 [ERROR] ServerAccessManage:1090 - Problem, file not found on Server
2023-02-23 22:01:50,228 [ERROR] ServerAccessManage:1090 - Problem, file not found on Server
2023-02-23 22:01:50,736 [WARN] MainUpdater:1186 - Updater busy. Cannot search thirdparties
2023-02-23 22:01:50,736 [INFO] ThirdPartyUpdaterWithRetryManager:96 - Updater plugin is busy. [7/15]
2023-02-23 22:01:51,260 [INFO] ServerAccessManage:474 - Download File emotas.I-CUBE-CANOPEN.pdsc
2023-02-23 22:01:51,403 [INFO] MainUpdater:2800 - connection check result : 10
2023-02-23 22:01:51,935 [WARN] PackLoader:242 - Cannot read IP mode file for STMicroelectronics.FP-ATR-ASTRA1.1.1.1
2023-02-23 22:01:51,944 [WARN] PackLoader:242 - Cannot read IP mode file for STMicroelectronics.FP-ATR-SIGFOX1.3.2.0
2023-02-23 22:01:51,950 [WARN] PackLoader:242 - Cannot read IP mode file for STMicroelectronics.X-CUBE-AI.8.0.0
2023-02-23 22:01:51,958 [WARN] PackLoader:242 - Cannot read IP mode file for STMicroelectronics.X-CUBE-BLE1.6.2.4
2023-02-23 22:01:51,964 [WARN] PackLoader:242 - Cannot read IP mode file for STMicroelectronics.X-CUBE-BLE2.3.3.0
2023-02-23 22:01:51,976 [WARN] PackLoader:242 - Cannot read IP mode file for STMicroelectronics.X-CUBE-BLEMGR.1.3.0
2023-02-23 22:01:52,003 [WARN] PackLoader:242 - Cannot read IP mode file for STMicroelectronics.X-CUBE-DISPLAY.3.0.0
2023-02-23 22:01:52,017 [WARN] PackLoader:242 - Cannot read IP mode file for STMicroelectronics.X-CUBE-EEPRMA1.4.1.0
2023-02-23 22:01:52,028 [WARN] PackLoader:242 - Cannot read IP mode file for STMicroelectronics.X-CUBE-GNSS1.6.0.0
2023-02-23 22:01:52,034 [WARN] PackLoader:242 - Cannot read IP mode file for STMicroelectronics.X-CUBE-ISPU.1.1.0
2023-02-23 22:01:52,057 [INFO] CheckServerUpdateThread:119 - End of CheckServer Thread
2023-02-23 22:01:52,090 [WARN] PackLoader:242 - Cannot read IP mode file for STMicroelectronics.X-CUBE-MEMS1.9.5.0
2023-02-23 22:01:52,239 [INFO] McuFinderGlobals:65 - Set McuFinderConnectedMode to true
2023-02-23 22:01:52,274 [WARN] PackLoader:242 - Cannot read IP mode file for STMicroelectronics.X-CUBE-NFC4.3.0.0
2023-02-23 22:01:52,296 [WARN] PackLoader:242 - Cannot read IP mode file for STMicroelectronics.X-CUBE-NFC7.1.0.0
2023-02-23 22:01:52,303 [WARN] PackLoader:242 - Cannot read IP mode file for STMicroelectronics.X-CUBE-SFXS2LP1.4.0.0
2023-02-23 22:01:52,314 [WARN] PackLoader:242 - Cannot read IP mode file for STMicroelectronics.X-CUBE-SUBG2.5.0.0
2023-02-23 22:01:52,331 [WARN] PackLoader:242 - Cannot read IP mode file for STMicroelectronics.X-CUBE-TOF1.3.2.0
2023-02-23 22:01:52,340 [WARN] PackLoader:242 - Cannot read IP mode file for STMicroelectronics.X-CUBE-TOUCHGFX.4.21.1
2023-02-23 22:01:52,346 [WARN] PackLoader:242 - Cannot read IP mode file for STMicroelectronics.X-CUBE-ALGOBUILD.1.3.0
2023-02-23 22:01:52,371 [WARN] PackLoader:242 - Cannot read IP mode file for STMicroelectronics.X-CUBE-AZRTOS-H7.3.0.0
2023-02-23 22:01:52,392 [WARN] PackLoader:242 - Cannot read IP mode file for STMicroelectronics.X-CUBE-AZRTOS-F4.1.1.0
2023-02-23 22:01:52,405 [WARN] PackLoader:242 - Cannot read IP mode file for STMicroelectronics.X-CUBE-AZRTOS-F7.1.1.0
2023-02-23 22:01:52,408 [INFO] ServerAccessManage:474 - Download File mcusAds.json._tmp_
2023-02-23 22:01:52,421 [WARN] PackLoader:242 - Cannot read IP mode file for STMicroelectronics.X-CUBE-AZRTOS-L5.1.1.0
2023-02-23 22:01:52,442 [WARN] PackLoader:242 - Cannot read IP mode file for STMicroelectronics.X-CUBE-AZRTOS-G0.1.1.0
2023-02-23 22:01:52,464 [WARN] PackLoader:242 - Cannot read IP mode file for STMicroelectronics.X-CUBE-AZRTOS-WB.1.1.0
2023-02-23 22:01:52,478 [WARN] PackLoader:242 - Cannot read IP mode file for STMicroelectronics.X-CUBE-AZRTOS-WL.1.0.0
2023-02-23 22:01:52,485 [WARN] PackLoader:242 - Cannot read IP mode file for portGmbH.I-Cube-SoM-uGOAL.1.1.0
2023-02-23 22:01:52,492 [WARN] PackLoader:242 - Cannot read IP mode file for emotas.I-CUBE-CANOPEN.1.1.3
2023-02-23 22:01:52,493 [INFO] PopulateThirdPartyThread:64 - Ending populate Thread
2023-02-23 22:01:52,495 [INFO] ThirdParty:999 - CMSIS Pack Vendor :STMicroelectronics X-CUBE-ISPU 1.1.0
2023-02-23 22:01:52,496 [INFO] ThirdParty:999 - CMSIS Pack Vendor :STMicroelectronics X-CUBE-DISPLAY 3.0.0
2023-02-23 22:01:52,496 [INFO] ThirdParty:999 - CMSIS Pack Vendor :STMicroelectronics X-CUBE-BLEMGR 1.3.0
2023-02-23 22:01:52,496 [INFO] ThirdParty:999 - CMSIS Pack Vendor :STMicroelectronics X-CUBE-GNSS1 6.0.0
2023-02-23 22:01:52,496 [INFO] ThirdParty:999 - CMSIS Pack Vendor :STMicroelectronics X-CUBE-AZRTOS-F4 1.1.0
2023-02-23 22:01:52,496 [INFO] ThirdParty:999 - CMSIS Pack Vendor :STMicroelectronics FP-ATR-SIGFOX1 3.2.0
2023-02-23 22:01:52,496 [INFO] ThirdParty:999 - CMSIS Pack Vendor :STMicroelectronics X-CUBE-AI 8.0.0
2023-02-23 22:01:52,496 [INFO] ThirdParty:999 - CMSIS Pack Vendor :STMicroelectronics X-CUBE-TOUCHGFX 4.21.1
2023-02-23 22:01:52,496 [INFO] ThirdParty:999 - CMSIS Pack Vendor :STMicroelectronics X-CUBE-NFC7 1.0.0
2023-02-23 22:01:52,496 [INFO] ThirdParty:999 - CMSIS Pack Vendor :STMicroelectronics X-CUBE-AZRTOS-WL 1.0.0
2023-02-23 22:01:52,496 [INFO] ThirdParty:999 - CMSIS Pack Vendor :STMicroelectronics X-CUBE-AZRTOS-F7 1.1.0
2023-02-23 22:01:52,496 [INFO] ThirdParty:999 - CMSIS Pack Vendor :STMicroelectronics X-CUBE-EEPRMA1 4.1.0
2023-02-23 22:01:52,496 [INFO] ThirdParty:999 - CMSIS Pack Vendor :portGmbH I-Cube-SoM-uGOAL 1.1.0
2023-02-23 22:01:52,496 [INFO] ThirdParty:999 - CMSIS Pack Vendor :STMicroelectronics X-CUBE-MEMS1 9.5.0
2023-02-23 22:01:52,496 [INFO] ThirdParty:999 - CMSIS Pack Vendor :STMicroelectronics X-CUBE-AZRTOS-WB 1.1.0
2023-02-23 22:01:52,496 [INFO] ThirdParty:999 - CMSIS Pack Vendor :STMicroelectronics X-CUBE-ALGOBUILD 1.3.0
2023-02-23 22:01:52,496 [INFO] ThirdParty:999 - CMSIS Pack Vendor :STMicroelectronics X-CUBE-BLE1 6.2.4
2023-02-23 22:01:52,496 [INFO] ThirdParty:999 - CMSIS Pack Vendor :STMicroelectronics X-CUBE-AZRTOS-L5 1.1.0
2023-02-23 22:01:52,496 [INFO] ThirdParty:999 - CMSIS Pack Vendor :STMicroelectronics X-CUBE-AZRTOS-G0 1.1.0
2023-02-23 22:01:52,497 [INFO] ThirdParty:999 - CMSIS Pack Vendor :emotas I-CUBE-CANOPEN 1.1.3
2023-02-23 22:01:52,497 [INFO] ThirdParty:999 - CMSIS Pack Vendor :STMicroelectronics X-CUBE-NFC4 3.0.0
2023-02-23 22:01:52,497 [INFO] ThirdParty:999 - CMSIS Pack Vendor :STMicroelectronics X-CUBE-SUBG2 5.0.0
2023-02-23 22:01:52,497 [INFO] ThirdParty:999 - CMSIS Pack Vendor :STMicroelectronics X-CUBE-SFXS2LP1 4.0.0
2023-02-23 22:01:52,497 [INFO] ThirdParty:999 - CMSIS Pack Vendor :STMicroelectronics X-CUBE-BLE2 3.3.0
2023-02-23 22:01:52,497 [INFO] ThirdParty:999 - CMSIS Pack Vendor :STMicroelectronics X-CUBE-TOF1 3.2.0
2023-02-23 22:01:52,497 [INFO] ThirdParty:999 - CMSIS Pack Vendor :STMicroelectronics FP-ATR-ASTRA1 1.1.1
2023-02-23 22:01:52,497 [INFO] ThirdParty:999 - CMSIS Pack Vendor :STMicroelectronics X-CUBE-AZRTOS-H7 3.0.0
2023-02-23 22:01:52,498 [INFO] LoadServerUpdatesThread:367 - End of LoadServerUpdate Thread
2023-02-23 22:01:52,545 [INFO] LoadUrlFilesThread:150 - End of LoadUrlFiles Thread
2023-02-23 22:01:52,728 [INFO] ServerAccessManage:474 - Download File cube-finder-db.zip
2023-02-23 22:01:53,255 [INFO] FileExtend:239 - Unzip File : cube-finder-db.zip
2023-02-23 22:01:53,255 [INFO] FileExtend:254 - Standard Zip Deflate
2023-02-23 22:01:53,743 [WARN] MainUpdater:1186 - Updater busy. Cannot search thirdparties
2023-02-23 22:01:53,743 [INFO] ThirdPartyUpdaterWithRetryManager:96 - Updater plugin is busy. [8/15]
2023-02-23 22:01:53,828 [INFO] LoadUrlFilesThread:150 - End of LoadUrlFiles Thread
2023-02-23 22:01:54,600 [INFO] ServerAccessManage:474 - Download File crdb.zip
2023-02-23 22:01:55,503 [INFO] FileExtend:239 - Unzip File : crdb.zip
2023-02-23 22:01:55,504 [INFO] FileExtend:254 - Standard Zip Deflate
2023-02-23 22:01:55,641 [INFO] LoadUrlFilesThread:150 - End of LoadUrlFiles Thread
2023-02-23 22:01:55,754 [INFO] ServerAccessManage:474 - Download File tutoVideoDB.zip
2023-02-23 22:01:55,808 [INFO] FileExtend:239 - Unzip File : tutoVideoDB.zip
2023-02-23 22:01:55,808 [INFO] FileExtend:254 - Standard Zip Deflate
2023-02-23 22:01:55,937 [INFO] LoadUrlFilesThread:150 - End of LoadUrlFiles Thread
2023-02-23 22:01:55,949 [INFO] JxBrowserEngine:114 - Initiate JxBrowser Engine with user profile folder
2023-02-23 22:01:56,872 [WARN] PackLoader:242 - Cannot read IP mode file for STMicroelectronics.X-CUBE-GNSS1.6.0.0
2023-02-23 22:01:56,890 [WARN] PackLoader:242 - Cannot read IP mode file for STMicroelectronics.X-CUBE-AZRTOS-F4.1.1.0
2023-02-23 22:01:56,918 [WARN] PackLoader:242 - Cannot read IP mode file for STMicroelectronics.X-CUBE-AZRTOS-F7.1.1.0
2023-02-23 22:01:56,925 [WARN] PackLoader:242 - Cannot read IP mode file for STMicroelectronics.X-CUBE-BLE1.6.2.4
2023-02-23 22:01:56,932 [WARN] PackLoader:242 - Cannot read IP mode file for emotas.I-CUBE-CANOPEN.1.1.3
2023-02-23 22:01:56,948 [WARN] PackLoader:242 - Cannot read IP mode file for STMicroelectronics.X-CUBE-BLE1.6.2.2
2023-02-23 22:01:56,962 [WARN] PackLoader:242 - Cannot read IP mode file for STMicroelectronics.X-CUBE-BLE2.3.2.2
2023-02-23 22:01:56,974 [WARN] PackLoader:242 - Cannot read IP mode file for STMicroelectronics.X-CUBE-NFC4.2.0.3
2023-02-23 22:01:56,987 [WARN] PackLoader:242 - Cannot read IP mode file for STMicroelectronics.X-CUBE-SFXS2LP1.3.1.0
2023-02-23 22:01:56,991 [WARN] PackLoader:242 - Cannot read IP mode file for STMicroelectronics.X-CUBE-DISPLAY.3.0.0
2023-02-23 22:01:57,016 [WARN] PackLoader:242 - Cannot read IP mode file for STMicroelectronics.X-CUBE-AZRTOS-F4.1.0.0
2023-02-23 22:01:57,030 [WARN] PackLoader:242 - Cannot read IP mode file for STMicroelectronics.X-CUBE-TOF1.2.0.0
2023-02-23 22:01:57,034 [WARN] PackLoader:242 - Cannot read IP mode file for STMicroelectronics.X-CUBE-NFC7.1.0.0
2023-02-23 22:01:57,047 [WARN] PackLoader:242 - Cannot read IP mode file for STMicroelectronics.X-CUBE-SUBG2.4.2.0
2023-02-23 22:01:57,053 [WARN] PackLoader:242 - Cannot read IP mode file for STMicroelectronics.X-CUBE-EEPRMA1.4.1.0
2023-02-23 22:01:57,064 [WARN] PackLoader:242 - Cannot read IP mode file for STMicroelectronics.X-CUBE-ALGOBUILD.1.2.1
2023-02-23 22:01:57,068 [WARN] PackLoader:242 - Cannot read IP mode file for STMicroelectronics.X-CUBE-SFXS2LP1.4.0.0
2023-02-23 22:01:57,071 [WARN] PackLoader:242 - Cannot read IP mode file for STMicroelectronics.X-CUBE-BLE2.3.3.0
2023-02-23 22:01:57,077 [WARN] PackLoader:242 - Cannot read IP mode file for STMicroelectronics.X-CUBE-TOF1.3.2.0
2023-02-23 22:01:57,107 [WARN] PackLoader:242 - Cannot read IP mode file for STMicroelectronics.X-CUBE-AZRTOS-H7.3.0.0
2023-02-23 22:01:57,113 [WARN] PackLoader:242 - Cannot read IP mode file for STMicroelectronics.X-CUBE-TOUCHGFX.4.18.0
2023-02-23 22:01:57,123 [WARN] PackLoader:242 - Cannot read IP mode file for wolfSSL.I-CUBE-wolfSSL.5.0.0
2023-02-23 22:01:57,127 [WARN] PackLoader:242 - Cannot read IP mode file for STMicroelectronics.X-CUBE-ISPU.1.1.0
2023-02-23 22:01:57,143 [WARN] PackLoader:242 - Cannot read IP mode file for RoweBots.I-CUBE-UNISONRTOS.5.5.0-4
2023-02-23 22:01:57,150 [WARN] PackLoader:242 - Cannot read IP mode file for STMicroelectronics.X-CUBE-AI.8.0.0
2023-02-23 22:01:57,152 [WARN] PackLoader:242 - Cannot read IP mode file for STMicroelectronics.X-CUBE-TOUCHGFX.4.21.1
2023-02-23 22:01:57,157 [WARN] PackLoader:242 - Cannot read IP mode file for STMicroelectronics.X-CUBE-ALGOBUILD.1.3.0
2023-02-23 22:01:57,171 [WARN] PackLoader:242 - Cannot read IP mode file for STMicroelectronics.X-CUBE-AZRTOS-L5.1.1.0
2023-02-23 22:01:57,188 [WARN] PackLoader:242 - Cannot read IP mode file for STMicroelectronics.X-CUBE-AZRTOS-G0.1.1.0
2023-02-23 22:01:57,198 [WARN] PackLoader:242 - Cannot read IP mode file for STMicroelectronics.X-CUBE-SUBG2.5.0.0
2023-02-23 22:01:57,207 [WARN] PackLoader:242 - Cannot read IP mode file for STMicroelectronics.X-CUBE-NFC4.3.0.0
2023-02-23 22:01:57,268 [WARN] PackLoader:242 - Cannot read IP mode file for SEGGER.I-CUBE-embOS.1.2.0
2023-02-23 22:01:57,322 [WARN] PackLoader:242 - Cannot read IP mode file for STMicroelectronics.FP-ATR-ASTRA1.1.1.1
2023-02-23 22:01:57,333 [WARN] PackLoader:242 - Cannot read IP mode file for STMicroelectronics.X-CUBE-BLEMGR.1.3.0
2023-02-23 22:01:57,369 [WARN] PackLoader:242 - Cannot read IP mode file for STMicroelectronics.X-CUBE-AZRTOS-H7.2.0.0
2023-02-23 22:01:57,393 [WARN] PackLoader:242 - Cannot read IP mode file for STMicroelectronics.X-CUBE-AZRTOS-G4.1.0.0
2023-02-23 22:01:57,398 [WARN] PackLoader:242 - Cannot read IP mode file for STMicroelectronics.FP-ATR-SIGFOX1.3.2.0
2023-02-23 22:01:57,429 [WARN] PackLoader:242 - Cannot read IP mode file for STMicroelectronics.X-CUBE-AZRTOS-L4.1.0.0
2023-02-23 22:01:57,465 [WARN] PackLoader:242 - Cannot read IP mode file for STMicroelectronics.X-CUBE-AZRTOS-F7.1.0.0
2023-02-23 22:01:57,475 [WARN] PackLoader:242 - Cannot read IP mode file for STMicroelectronics.X-CUBE-AZRTOS-WL.1.0.0
2023-02-23 22:01:57,510 [WARN] PackLoader:242 - Cannot read IP mode file for STMicroelectronics.X-CUBE-MEMS1.9.1.0
2023-02-23 22:01:57,602 [WARN] PackLoader:242 - Cannot read IP mode file for portGmbH.I-Cube-SoM-uGOAL.1.1.0
2023-02-23 22:01:57,613 [WARN] PackLoader:242 - Cannot read IP mode file for STMicroelectronics.X-CUBE-ALS.1.0.1
2023-02-23 22:01:57,640 [WARN] PackLoader:242 - Cannot read IP mode file for STMicroelectronics.X-CUBE-MEMS1.9.5.0
2023-02-23 22:01:57,769 [WARN] PackLoader:242 - Cannot read IP mode file for STMicroelectronics.X-CUBE-AI.7.0.0
2023-02-23 22:01:57,781 [WARN] PackLoader:242 - Cannot read IP mode file for STMicroelectronics.X-CUBE-AZRTOS-WB.1.1.0
2023-02-23 22:01:57,808 [WARN] PackLoader:242 - Cannot read IP mode file for STMicroelectronics.X-CUBE-AZRTOS-L5.1.0.0
2023-02-23 22:01:57,821 [WARN] PackLoader:242 - Cannot read IP mode file for STMicroelectronics.X-CUBE-EEPRMA1.3.1.0
2023-02-23 22:01:57,847 [WARN] PackLoader:242 - Cannot read IP mode file for STMicroelectronics.X-CUBE-GNSS1.5.2.0
2023-02-23 22:01:57,859 [WARN] PackLoader:242 - Cannot read IP mode file for STMicroelectronics.X-CUBE-DISPLAY.2.0.0
2023-02-23 22:01:57,860 [INFO] ThirdParty:947 - Integrity check success = true
2023-02-23 22:01:57,860 [INFO] IntegrityCheckThread:98 - exiting critical section [integrity check]
2023-02-23 22:01:57,860 [INFO] IntegrityCheckThread:101 - End integrity checks thread
2023-02-23 22:01:59,598 [WARN] DbFile:40 - Overriding database path with different value: C:\Users\Alec\.stmcufinder\plugins\mcufinder/ => C:\Users\Alec\.stmcufinder\plugins\mcufinder
2023-02-23 22:01:59,661 [INFO] ServerAccessManage:474 - Download File api_config.json
2023-02-23 22:01:59,779 [INFO] LoadUrlFilesThread:150 - End of LoadUrlFiles Thread
2023-02-23 22:01:59,782 [INFO] DbMcusAds:52 - JSON generation date=Tue Feb 21 07:58:20 MST 2023 (1676991500439)
2023-02-23 22:01:59,910 [INFO] ServerAccessManage:474 - Download File 
2023-02-23 22:01:59,961 [INFO] LoadUrlFilesThread:179 - End of LoadServerUrlFiles without Thread
2023-02-23 22:01:59,961 [INFO] TargetSelectorAdapter:258 - Refresh data is successful
2023-02-23 22:02:00,040 [INFO] ApiDb:580 - Connected to CubeFinder SQLite database (C:\Users\Alec\.stmcufinder\plugins\mcufinder\mcu\cube-finder-db.db)
2023-02-23 22:02:00,086 [INFO] ApiDb:667 - CubeFinder database Data Model version=2.1
2023-02-23 22:02:00,086 [INFO] ApiDb:668 - CubeFinder database Configuration version=3.0.35
2023-02-23 22:02:00,086 [INFO] ApiDb:669 - CubeFinder database generation date=2023-02-01 (1675320190)
2023-02-23 22:02:00,086 [INFO] ApiDb:670 - CubeFinder database FW Pack versions=[FP-ATR-ASTRA1_V1.1.1, STM32Cube_FW_C0_V1.0.1, STM32Cube_FW_F4_V1.27.1, STM32Cube_FW_F7_V1.17.0, STM32Cube_FW_G0_V1.6.1, STM32Cube_FW_G4_V1.5.0, STM32Cube_FW_H5_V0.5.1, STM32Cube_FW_H7_V1.11.0, STM32Cube_FW_L5_V1.5.0, STM32Cube_FW_U5_V1.1.1, STM32Cube_FW_WBA_V0.2.0, STM32Cube_FW_WB_V1.15.0, STM32Cube_FW_WB_V1.15.0RC1, STM32Cube_FW_WL_V1.3.0, X-CUBE-ALGOBUILD_V1.3.0, X-CUBE-ALS_V1.0.1, X-CUBE-AZRTOS-F4_V1.1.0, X-CUBE-AZRTOS-F7_V1.1.0, X-CUBE-AZRTOS-G0_V1.1.0, X-CUBE-AZRTOS-G4_V1.0.0, X-CUBE-AZRTOS-H7_V3.0.0, X-CUBE-AZRTOS-L4_V1.0.0, X-CUBE-AZRTOS-L5_V1.1.0, X-CUBE-AZRTOS-WB_V1.1.0, X-CUBE-AZRTOS-WL_V1.0.0, X-CUBE-BLE1_V6.2.4, X-CUBE-BLE2_V3.3.0, X-CUBE-BLEMGR_V1.3.0, X-CUBE-EEPRMA1_V4.1.0, X-CUBE-GNSS1_V6.0.0, X-CUBE-MEMS1_V9.1.0, X-CUBE-MEMS1_V9.3.0, X-CUBE-MEMS1_V9.4.0, X-CUBE-NFC4_V3.0.0, X-CUBE-NFC7_V1.0.0, X-CUBE-SFXS2LP1_V4.0.0, X-CUBE-SUBG2_V5.0.0]
2023-02-23 22:02:01,633 [INFO] ApiDb:239 - Found 143 in-development CPN: [B-WB1M-WPAN1, B-WL5M-SUBG1, NUCLEO-C031C6, STEVAL-PROTEUS1, STEVAL-STWINBX1, STM320518-EVAL, STM32C0116-DK, STM32C011D6Y3TR, STM32C011D6Y6TR, STM32C011F4P3, STM32C011F4P6, STM32C011F4U3, STM32C011F4U6TR, STM32C011F6P3, STM32C011F6P6, STM32C011F6U3, STM32C011F6U6TR, STM32C011J4M3, STM32C011J4M6, STM32C011J6M3, STM32C011J6M6, STM32C0316-DK, STM32C031C4T3, STM32C031C4T6, STM32C031C4U3, STM32C031C4U6, STM32C031C6T3, STM32C031C6T6, STM32C031C6U3, STM32C031C6U6, STM32C031F4P3, STM32C031F4P6, STM32C031F6P3, STM32C031F6P6, STM32C031G4U3, STM32C031G4U6, STM32C031G6U3, STM32C031G6U6, STM32C031K4T3, STM32C031K4T6, STM32C031K4U3, STM32C031K4U6, STM32C031K6T3, STM32C031K6T6, STM32C031K6U3, STM32C031K6U6, STM32G071K8TXN, STM32G071K8UXN, STM32G081GBU6N, STM32G081KBT6N, STM32G081KBUXN, STM32G0B1CCT6N, STM32G0B1KCT6, STM32G0B1NEY6TR, STM32G0B1RCT6N, STM32G0C1CCT6, STM32G0C1CCT6N, STM32G0C1CCU6N, STM32G0C1CET6N, STM32G0C1CEU6N, STM32G0C1KCT6, STM32G0C1NEY6TR, STM32G0C1RCI6N, STM32G0C1RCT6N, STM32G0C1REI6N, STM32G0C1RET6N, STM32G0C1VCI6, STM32G0C1VEI6, STM32G471CCT6, STM32G471CCU6, STM32G471CET3, STM32G471CET6, STM32G471CEU3, STM32G471CEU6, STM32G471MCT6, STM32G471MET3, STM32G471MET6, STM32G471MEY6TR, STM32G471QCT6, STM32G471QET3, STM32G471RCT6, STM32G471RET3, STM32G471RET6, STM32G471VCH6, STM32G471VCI6, STM32G471VCT6, STM32G471VEH3, STM32G471VEH6, STM32G471VEI3, STM32G471VEI6, STM32G471VET3, STM32G471VET6, STM32G474CCT6, STM32L476VGY6PTR, STM32L4R5QGI6STR, STM32MP131AAE3, STM32MP131AAF3, STM32MP131AAG3, STM32MP131CAE3, STM32MP131CAF3, STM32MP131CAG3, STM32MP131DAE7, STM32MP131DAF7, STM32MP131DAG7, STM32MP131FAE7, STM32MP131FAF7, STM32MP131FAG7, STM32MP133AAE3, STM32MP133AAF3, STM32MP133AAG3, STM32MP133CAE3, STM32MP133CAF3, STM32MP133CAG3, STM32MP133DAE7, STM32MP133DAF7, STM32MP133DAG7, STM32MP133FAE7, STM32MP133FAF7, STM32MP133FAG7, STM32MP135AAE3, STM32MP135AAF3, STM32MP135AAG3, STM32MP135CAE3, STM32MP135CAF3, STM32MP135CAG3, STM32MP135DAE7, STM32MP135DAF7, STM32MP135DAG7, STM32MP135F-DK, STM32MP135FAE7, STM32MP135FAF7, STM32MP135FAF7T, STM32MP135FAF7U, STM32MP135FAG7, STM32U595ZJT6Q, STM32U599BJY6QTR, STM32U599NIH6Q, STM32U599NJH6Q, STM32U5A5ZJT6Q, STM32U5A9BJY6QTR, STM32U5A9NJH6Q, STM32WB1MMCH6, STM32WL5MOCH6TR]
2023-02-23 22:02:01,636 [INFO] DbMcus:215 - Found 3582 MCUs, 3582 are supported
2023-02-23 22:02:01,638 [INFO] ApiDb:422 - Load user favorites file C:\Users\Alec/.stm32cubeide/favorites.mcus.txt: 0 item(s)
2023-02-23 22:02:01,639 [INFO] ApiDb:426 - User favorites MCUs=[]
2023-02-23 22:02:01,639 [INFO] DbMcus:221 - Set 0 / 0 favorites MCUs
2023-02-23 22:02:01,788 [INFO] ApiDb:667 - CubeFinder database Data Model version=2.1
2023-02-23 22:02:01,788 [INFO] ApiDb:668 - CubeFinder database Configuration version=3.0.35
2023-02-23 22:02:01,788 [INFO] ApiDb:669 - CubeFinder database generation date=2023-02-01 (1675320190)
2023-02-23 22:02:01,788 [INFO] ApiDb:670 - CubeFinder database FW Pack versions=[FP-ATR-ASTRA1_V1.1.1, STM32Cube_FW_C0_V1.0.1, STM32Cube_FW_F4_V1.27.1, STM32Cube_FW_F7_V1.17.0, STM32Cube_FW_G0_V1.6.1, STM32Cube_FW_G4_V1.5.0, STM32Cube_FW_H5_V0.5.1, STM32Cube_FW_H7_V1.11.0, STM32Cube_FW_L5_V1.5.0, STM32Cube_FW_U5_V1.1.1, STM32Cube_FW_WBA_V0.2.0, STM32Cube_FW_WB_V1.15.0, STM32Cube_FW_WB_V1.15.0RC1, STM32Cube_FW_WL_V1.3.0, X-CUBE-ALGOBUILD_V1.3.0, X-CUBE-ALS_V1.0.1, X-CUBE-AZRTOS-F4_V1.1.0, X-CUBE-AZRTOS-F7_V1.1.0, X-CUBE-AZRTOS-G0_V1.1.0, X-CUBE-AZRTOS-G4_V1.0.0, X-CUBE-AZRTOS-H7_V3.0.0, X-CUBE-AZRTOS-L4_V1.0.0, X-CUBE-AZRTOS-L5_V1.1.0, X-CUBE-AZRTOS-WB_V1.1.0, X-CUBE-AZRTOS-WL_V1.0.0, X-CUBE-BLE1_V6.2.4, X-CUBE-BLE2_V3.3.0, X-CUBE-BLEMGR_V1.3.0, X-CUBE-EEPRMA1_V4.1.0, X-CUBE-GNSS1_V6.0.0, X-CUBE-MEMS1_V9.1.0, X-CUBE-MEMS1_V9.3.0, X-CUBE-MEMS1_V9.4.0, X-CUBE-NFC4_V3.0.0, X-CUBE-NFC7_V1.0.0, X-CUBE-SFXS2LP1_V4.0.0, X-CUBE-SUBG2_V5.0.0]
2023-02-23 22:02:01,834 [INFO] DbBoardsSqlite:225 - include board P-NUCLEO-WB55-NUCLEO as a kit item of type 'Nucleo-64'
2023-02-23 22:02:01,834 [INFO] DbBoardsSqlite:225 - include board P-NUCLEO-WB55-USBDONGLE as a kit item of type 'Nucleo USB Dongle'
2023-02-23 22:02:01,834 [INFO] DbBoardsSqlite:225 - include board STEVAL-IDP005V1 as a kit item of type 'Evaluation Board'
2023-02-23 22:02:01,834 [INFO] DbBoardsSqlite:225 - include board STEVAL-IDP005V2 as a kit item of type 'Evaluation Board'
2023-02-23 22:02:01,866 [INFO] ApiDb:239 - Found 143 in-development CPN: [B-WB1M-WPAN1, B-WL5M-SUBG1, NUCLEO-C031C6, STEVAL-PROTEUS1, STEVAL-STWINBX1, STM320518-EVAL, STM32C0116-DK, STM32C011D6Y3TR, STM32C011D6Y6TR, STM32C011F4P3, STM32C011F4P6, STM32C011F4U3, STM32C011F4U6TR, STM32C011F6P3, STM32C011F6P6, STM32C011F6U3, STM32C011F6U6TR, STM32C011J4M3, STM32C011J4M6, STM32C011J6M3, STM32C011J6M6, STM32C0316-DK, STM32C031C4T3, STM32C031C4T6, STM32C031C4U3, STM32C031C4U6, STM32C031C6T3, STM32C031C6T6, STM32C031C6U3, STM32C031C6U6, STM32C031F4P3, STM32C031F4P6, STM32C031F6P3, STM32C031F6P6, STM32C031G4U3, STM32C031G4U6, STM32C031G6U3, STM32C031G6U6, STM32C031K4T3, STM32C031K4T6, STM32C031K4U3, STM32C031K4U6, STM32C031K6T3, STM32C031K6T6, STM32C031K6U3, STM32C031K6U6, STM32G071K8TXN, STM32G071K8UXN, STM32G081GBU6N, STM32G081KBT6N, STM32G081KBUXN, STM32G0B1CCT6N, STM32G0B1KCT6, STM32G0B1NEY6TR, STM32G0B1RCT6N, STM32G0C1CCT6, STM32G0C1CCT6N, STM32G0C1CCU6N, STM32G0C1CET6N, STM32G0C1CEU6N, STM32G0C1KCT6, STM32G0C1NEY6TR, STM32G0C1RCI6N, STM32G0C1RCT6N, STM32G0C1REI6N, STM32G0C1RET6N, STM32G0C1VCI6, STM32G0C1VEI6, STM32G471CCT6, STM32G471CCU6, STM32G471CET3, STM32G471CET6, STM32G471CEU3, STM32G471CEU6, STM32G471MCT6, STM32G471MET3, STM32G471MET6, STM32G471MEY6TR, STM32G471QCT6, STM32G471QET3, STM32G471RCT6, STM32G471RET3, STM32G471RET6, STM32G471VCH6, STM32G471VCI6, STM32G471VCT6, STM32G471VEH3, STM32G471VEH6, STM32G471VEI3, STM32G471VEI6, STM32G471VET3, STM32G471VET6, STM32G474CCT6, STM32L476VGY6PTR, STM32L4R5QGI6STR, STM32MP131AAE3, STM32MP131AAF3, STM32MP131AAG3, STM32MP131CAE3, STM32MP131CAF3, STM32MP131CAG3, STM32MP131DAE7, STM32MP131DAF7, STM32MP131DAG7, STM32MP131FAE7, STM32MP131FAF7, STM32MP131FAG7, STM32MP133AAE3, STM32MP133AAF3, STM32MP133AAG3, STM32MP133CAE3, STM32MP133CAF3, STM32MP133CAG3, STM32MP133DAE7, STM32MP133DAF7, STM32MP133DAG7, STM32MP133FAE7, STM32MP133FAF7, STM32MP133FAG7, STM32MP135AAE3, STM32MP135AAF3, STM32MP135AAG3, STM32MP135CAE3, STM32MP135CAF3, STM32MP135CAG3, STM32MP135DAE7, STM32MP135DAF7, STM32MP135DAG7, STM32MP135F-DK, STM32MP135FAE7, STM32MP135FAF7, STM32MP135FAF7T, STM32MP135FAF7U, STM32MP135FAG7, STM32U595ZJT6Q, STM32U599BJY6QTR, STM32U599NIH6Q, STM32U599NJH6Q, STM32U5A5ZJT6Q, STM32U5A9BJY6QTR, STM32U5A9NJH6Q, STM32WB1MMCH6, STM32WL5MOCH6TR]
2023-02-23 22:02:01,955 [INFO] BoardInfo:879 - No configuration file found for board P-NUCLEO-WB55
2023-02-23 22:02:01,955 [INFO] DbBoards:156 - Kit is not supported: P-NUCLEO-WB55
2023-02-23 22:02:01,958 [INFO] BoardInfo:879 - No configuration file found for board STEVAL-BFA001V1B
2023-02-23 22:02:01,958 [INFO] DbBoards:156 - Kit is not supported: STEVAL-BFA001V1B
2023-02-23 22:02:01,959 [INFO] BoardInfo:879 - No configuration file found for board STEVAL-BFA001V2B
2023-02-23 22:02:01,959 [INFO] DbBoards:156 - Kit is not supported: STEVAL-BFA001V2B
2023-02-23 22:02:02,045 [INFO] DbBoards:160 - Found 179 boards, 176 are supported
2023-02-23 22:02:02,053 [INFO] ApiDb:422 - Load user favorites file C:\Users\Alec/.stm32cubeide/favorites.boards.txt: 1 item(s)
2023-02-23 22:02:02,053 [INFO] ApiDb:426 - User favorites Boards=[NUCLEO-H755ZI-Q]
2023-02-23 22:02:02,054 [INFO] DbBoards:189 - Set 1 / 1 favorites Boards
2023-02-23 22:02:02,056 [INFO] ApiDb:667 - CubeFinder database Data Model version=2.1
2023-02-23 22:02:02,056 [INFO] ApiDb:668 - CubeFinder database Configuration version=3.0.35
2023-02-23 22:02:02,056 [INFO] ApiDb:669 - CubeFinder database generation date=2023-02-01 (1675320190)
2023-02-23 22:02:02,056 [INFO] ApiDb:670 - CubeFinder database FW Pack versions=[FP-ATR-ASTRA1_V1.1.1, STM32Cube_FW_C0_V1.0.1, STM32Cube_FW_F4_V1.27.1, STM32Cube_FW_F7_V1.17.0, STM32Cube_FW_G0_V1.6.1, STM32Cube_FW_G4_V1.5.0, STM32Cube_FW_H5_V0.5.1, STM32Cube_FW_H7_V1.11.0, STM32Cube_FW_L5_V1.5.0, STM32Cube_FW_U5_V1.1.1, STM32Cube_FW_WBA_V0.2.0, STM32Cube_FW_WB_V1.15.0, STM32Cube_FW_WB_V1.15.0RC1, STM32Cube_FW_WL_V1.3.0, X-CUBE-ALGOBUILD_V1.3.0, X-CUBE-ALS_V1.0.1, X-CUBE-AZRTOS-F4_V1.1.0, X-CUBE-AZRTOS-F7_V1.1.0, X-CUBE-AZRTOS-G0_V1.1.0, X-CUBE-AZRTOS-G4_V1.0.0, X-CUBE-AZRTOS-H7_V3.0.0, X-CUBE-AZRTOS-L4_V1.0.0, X-CUBE-AZRTOS-L5_V1.1.0, X-CUBE-AZRTOS-WB_V1.1.0, X-CUBE-AZRTOS-WL_V1.0.0, X-CUBE-BLE1_V6.2.4, X-CUBE-BLE2_V3.3.0, X-CUBE-BLEMGR_V1.3.0, X-CUBE-EEPRMA1_V4.1.0, X-CUBE-GNSS1_V6.0.0, X-CUBE-MEMS1_V9.1.0, X-CUBE-MEMS1_V9.3.0, X-CUBE-MEMS1_V9.4.0, X-CUBE-NFC4_V3.0.0, X-CUBE-NFC7_V1.0.0, X-CUBE-SFXS2LP1_V4.0.0, X-CUBE-SUBG2_V5.0.0]
2023-02-23 22:02:02,699 [INFO] DbExamplesSqlite:375 - Ignored 32 examples not supported by CubeIDE
2023-02-23 22:02:02,700 [INFO] DbExamplesSqlite:376 - Found 6238 examples active
2023-02-23 22:02:02,700 [INFO] DbExamplesSqlite:377 - Found 276 examples obsolete
2023-02-23 22:02:02,700 [INFO] DbExamplesSqlite:378 - Found 0 examples under development
2023-02-23 22:02:02,700 [INFO] DbExamplesSqlite:379 - Found 76 examples not building
2023-02-23 22:02:02,701 [INFO] DbExamples:124 - Found 6282 examples
2023-02-23 22:02:02,712 [INFO] DbExamples:221 - Found 78 boards with related examples
2023-02-23 22:02:02,713 [INFO] DbExamples:234 - Found 65 MCUs with related examples
2023-02-23 22:02:02,732 [INFO] ApiDb:413 - User favorites file not found: C:\Users\Alec/.stm32cubeide/favorites.examples.txt
2023-02-23 22:02:02,732 [INFO] DbExamples:249 - Set 0 / 0 favorites Examples
2023-02-23 22:02:02,952 [INFO] McuFinderGlobals:65 - Set McuFinderConnectedMode to true
2023-02-23 22:02:02,959 [INFO] MultiScanPanel:196 - Auto-refresh data requested => check proxy status ongoing
2023-02-23 22:02:02,962 [INFO] FinderPluginLoader:92 - Searching for filters in installed packs
2023-02-23 22:02:04,101 [INFO] LoadUrlFilesThread:179 - End of LoadServerUrlFiles without Thread
2023-02-23 22:02:04,125 [INFO] DetailPanel:339 - Set advertising image to C:/Users/Alec/STM32Cube/Repository/\en.prom-stm32u5-0223.jpg
2023-02-23 22:02:04,712 [INFO] ToolPreferences:109 - Table McuList, key=mcufinder_cubeide.mculist: column name not found=IO
2023-02-23 22:02:04,712 [INFO] ToolPreferences:109 - Table McuList, key=mcufinder_cubeide.mculist: column name not found=Freq.
2023-02-23 22:02:47,386 [INFO] MultiScanPanel:196 - Auto-refresh data requested => check proxy status ongoing
2023-02-23 22:02:47,487 [INFO] LoadUrlFilesThread:179 - End of LoadServerUrlFiles without Thread
2023-02-23 22:02:47,487 [INFO] DetailPanel:339 - Set advertising image to C:/Users/Alec/STM32Cube/Repository/\en.prom-stm32u5-0223.jpg
2023-02-23 22:02:47,496 [INFO] DbBoards:633 - Loading board mini-images...
2023-02-23 22:02:49,189 [INFO] DbBoards:656 - Loaded 179 board mini-images
2023-02-23 22:03:07,365 [INFO] MetaSearchPanel:253 - search for filter with key=Nucleo-64
2023-02-23 22:03:07,365 [INFO] MetaSearchPanel:354 - search for filter component Type
2023-02-23 22:03:07,365 [INFO] MetaSearchPanel:328 - Collapse all filters sections
2023-02-23 22:03:33,725 [INFO] BoardResultTable:716 - Mark Board NUCLEO-F446RE as favorite
2023-02-23 22:07:20,108 [INFO] ServerAccessManage:474 - Download File DS10693.pdf
2023-02-23 22:07:20,460 [INFO] LoadUrlFilesThread:150 - End of LoadUrlFiles Thread
2023-02-23 22:07:20,526 [INFO] McuAction:140 - Datasheet
2023-02-23 22:07:24,084 [INFO] McuAction:76 - Docs & Resources
2023-02-23 22:07:38,444 [INFO] ServerAccessManage:474 - Download File RM0390.pdf
2023-02-23 22:07:39,058 [INFO] LoadUrlFilesThread:150 - End of LoadUrlFiles Thread
2023-02-23 22:08:17,074 [INFO] ServerAccessManage:474 - Download File ES0298.pdf
2023-02-23 22:08:17,284 [INFO] LoadUrlFilesThread:150 - End of LoadUrlFiles Thread
2023-02-23 22:11:02,807 [INFO] MainUpdater:2800 - connection check result : 10
2023-02-23 22:11:02,807 [INFO] MainUpdater:2800 - connection check result : 10
2023-02-23 22:11:02,834 [INFO] MicroXplorer:451 - Change Database Path : 
2023-02-23 22:11:02,834 [INFO] MicroXplorer:481 - Change Database Version : DB.6.0.70
2023-02-23 22:11:02,834 [WARN] ThirdParty:845 - waiting for thirdparty lock release [close project]
2023-02-23 22:11:02,834 [INFO] ThirdParty:847 - entering critical section [close project]
2023-02-23 22:11:02,835 [INFO] ThirdParty:857 - exiting critical section [close project]
2023-02-23 22:11:02,838 [INFO] PinOutPanel:1477 - setPackage(No Configuration,No Configuration)
2023-02-23 22:11:02,843 [INFO] UtilMem:74 - Begin LoadConfig() Used Memory: 323481976 Bytes (730857472)
2023-02-23 22:11:02,844 [INFO] MicroXplorer:451 - Change Database Path : 
2023-02-23 22:11:02,844 [INFO] MicroXplorer:481 - Change Database Version : DB.6.0.70
2023-02-23 22:11:02,844 [INFO] OpenFileManager:307 - Change cursor
2023-02-23 22:11:02,916 [INFO] Mcu:1925 - Initializing MCU STM32F446RETx STM32F446RETx 
2023-02-23 22:11:02,917 [INFO] Mcu:1938 - No CPN specified => set CPN to STM32F446RET6
2023-02-23 22:11:04,461 [INFO] Context:654 - Trying to add GPIOservice into a context  which must be forbidden
2023-02-23 22:11:04,798 [INFO] ImportTextPane:193 - (OptionalMessage_ERROR) Unable to find key (Mcu.ThirdPartyNb) in loaded IOC file
2023-02-23 22:11:04,798 [INFO] ImportTextPane:193 - (OptionalMessage_ERROR) Unable to find key (Mcu.PinsNb) in loaded IOC file
2023-02-23 22:11:04,798 [INFO] ImportTextPane:193 - (OptionalMessage_ERROR) Unable to find key (Mcu.IPNb) in loaded IOC file
2023-02-23 22:11:04,880 [INFO] RtosManager:489 - Registered RTOS mode: class=CMSIS, group=RTOS, mode=CMSIS_V1, owner=FREERTOS
2023-02-23 22:11:04,880 [INFO] RtosManager:489 - Registered RTOS mode: class=CMSIS, group=RTOS2, mode=CMSIS_V2, owner=FREERTOS
2023-02-23 22:11:04,880 [INFO] RtosManager:489 - Registered RTOS mode: class=RTOS, group=Core, mode=CMSIS_V1, owner=FREERTOS
2023-02-23 22:11:04,880 [INFO] RtosManager:489 - Registered RTOS mode: class=RTOS, group=Core, mode=CMSIS_V2, owner=FREERTOS
2023-02-23 22:11:04,880 [WARN] ModelIntegratedComponent:185 - Missing modes for component STMicroelectronics:FreeRTOS:0.0.1:STMicroelectronics:RTOS:FreeRTOS:Core:::10.2.0:
2023-02-23 22:11:04,902 [WARN] ModelIntegratedComponent:64 - No mode defined for component null
2023-02-23 22:11:04,902 [WARN] ModelIntegratedComponent:64 - No mode defined for component null
2023-02-23 22:11:04,902 [WARN] ModelIntegratedComponent:64 - No mode defined for component null
2023-02-23 22:11:04,902 [WARN] ModelIntegratedComponent:64 - No mode defined for component null
2023-02-23 22:11:04,902 [WARN] ModelIntegratedComponent:64 - No mode defined for component null
2023-02-23 22:11:04,902 [WARN] ModelIntegratedComponent:64 - No mode defined for component null
2023-02-23 22:11:04,902 [WARN] ModelIntegratedComponent:64 - No mode defined for component null
2023-02-23 22:11:04,902 [WARN] ModelIntegratedComponent:64 - No mode defined for component null
2023-02-23 22:11:04,902 [WARN] ModelIntegratedComponent:64 - No mode defined for component null
2023-02-23 22:11:04,902 [WARN] ModelIntegratedComponent:64 - No mode defined for component null
2023-02-23 22:11:04,902 [WARN] ModelIntegratedComponent:64 - No mode defined for component null
2023-02-23 22:11:04,903 [WARN] ModelIntegratedComponent:64 - No mode defined for component null
2023-02-23 22:11:04,903 [WARN] ModelIntegratedComponent:64 - No mode defined for component null
2023-02-23 22:11:04,903 [WARN] ModelIntegratedComponent:64 - No mode defined for component null
2023-02-23 22:11:04,903 [WARN] ModelIntegratedComponent:64 - No mode defined for component null
2023-02-23 22:11:04,903 [WARN] ModelIntegratedComponent:64 - No mode defined for component null
2023-02-23 22:11:04,903 [WARN] ModelIntegratedComponent:64 - No mode defined for component null
2023-02-23 22:11:04,903 [WARN] ModelIntegratedComponent:64 - No mode defined for component null
2023-02-23 22:11:04,903 [WARN] ModelIntegratedComponent:64 - No mode defined for component null
2023-02-23 22:11:04,903 [WARN] ModelIntegratedComponent:64 - No mode defined for component null
2023-02-23 22:11:04,903 [WARN] ModelIntegratedComponent:64 - No mode defined for component null
2023-02-23 22:11:04,903 [WARN] ModelIntegratedComponent:64 - No mode defined for component null
2023-02-23 22:11:04,903 [WARN] ModelIntegratedComponent:64 - No mode defined for component null
2023-02-23 22:11:04,903 [WARN] ModelIntegratedComponent:64 - No mode defined for component null
2023-02-23 22:11:04,903 [WARN] ModelIntegratedComponent:64 - No mode defined for component null
2023-02-23 22:11:04,903 [WARN] ModelIntegratedComponent:64 - No mode defined for component null
2023-02-23 22:11:04,903 [WARN] ModelIntegratedComponent:64 - No mode defined for component null
2023-02-23 22:11:04,904 [WARN] ModelIntegratedComponent:64 - No mode defined for component null
2023-02-23 22:11:04,904 [WARN] ModelIntegratedComponent:64 - No mode defined for component null
2023-02-23 22:11:04,904 [WARN] ModelIntegratedComponent:64 - No mode defined for component null
2023-02-23 22:11:04,904 [WARN] ModelIntegratedComponent:64 - No mode defined for component null
2023-02-23 22:11:04,904 [WARN] ModelIntegratedComponent:64 - No mode defined for component null
2023-02-23 22:11:04,904 [WARN] ModelIntegratedComponent:64 - No mode defined for component null
2023-02-23 22:11:05,089 [INFO] ThirdPartyModel:294 - Start build external matchings
2023-02-23 22:11:05,587 [INFO] ThirdPartyModel:310 - End build external matchings
2023-02-23 22:11:05,849 [INFO] UtilMem:74 - End LoadConfig() Used Memory: 335395600 Bytes (730857472)
2023-02-23 22:11:05,888 [WARN] ThirdParty:807 - waiting for thirdparty lock release [change project]
2023-02-23 22:11:05,888 [INFO] ThirdParty:809 - entering critical section [change project]
2023-02-23 22:11:05,888 [INFO] ThirdParty:999 - CMSIS Pack Vendor :wolfSSL I-CUBE-wolfSSL 5.0.0
2023-02-23 22:11:05,888 [INFO] ThirdParty:999 - CMSIS Pack Vendor :STMicroelectronics X-CUBE-ISPU 1.1.0
2023-02-23 22:11:05,888 [INFO] ThirdParty:999 - CMSIS Pack Vendor :RoweBots I-CUBE-UNISONRTOS 5.5.0-4
2023-02-23 22:11:05,888 [INFO] ThirdParty:999 - CMSIS Pack Vendor :STMicroelectronics X-CUBE-GNSS1 6.0.0
2023-02-23 22:11:05,888 [INFO] ThirdParty:999 - CMSIS Pack Vendor :STMicroelectronics USB_HOST 2.0.0
2023-02-23 22:11:05,888 [INFO] ThirdParty:999 - CMSIS Pack Vendor :STMicroelectronics X-CUBE-AZRTOS-F4 1.1.0
2023-02-23 22:11:05,888 [INFO] ThirdParty:999 - CMSIS Pack Vendor :STMicroelectronics LIBJPEG 8.0.0
2023-02-23 22:11:05,889 [INFO] ThirdParty:999 - CMSIS Pack Vendor :STMicroelectronics USB_DEVICE 3.0.0
2023-02-23 22:11:05,889 [INFO] ThirdParty:999 - CMSIS Pack Vendor :STMicroelectronics X-CUBE-AI 8.0.0
2023-02-23 22:11:05,889 [INFO] ThirdParty:999 - CMSIS Pack Vendor :STMicroelectronics X-CUBE-TOUCHGFX 4.21.1
2023-02-23 22:11:05,889 [INFO] ThirdParty:999 - CMSIS Pack Vendor :STMicroelectronics X-CUBE-AZRTOS-F7 1.1.0
2023-02-23 22:11:05,889 [INFO] ThirdParty:999 - CMSIS Pack Vendor :STMicroelectronics USB_DEVICE 2.0.0
2023-02-23 22:11:05,889 [INFO] ThirdParty:999 - CMSIS Pack Vendor :STMicroelectronics X-CUBE-ALGOBUILD 1.3.0
2023-02-23 22:11:05,889 [INFO] ThirdParty:999 - CMSIS Pack Vendor :STMicroelectronics X-CUBE-BLE1 6.2.4
2023-02-23 22:11:05,889 [INFO] ThirdParty:999 - CMSIS Pack Vendor :STMicroelectronics X-CUBE-AZRTOS-L5 1.1.0
2023-02-23 22:11:05,889 [INFO] ThirdParty:999 - CMSIS Pack Vendor :STMicroelectronics FreeRTOS 0.0.1
2023-02-23 22:11:05,889 [INFO] ThirdParty:999 - CMSIS Pack Vendor :emotas I-CUBE-CANOPEN 1.1.3
2023-02-23 22:11:05,889 [INFO] ThirdParty:999 - CMSIS Pack Vendor :STMicroelectronics X-CUBE-AZRTOS-G0 1.1.0
2023-02-23 22:11:05,889 [INFO] ThirdParty:999 - CMSIS Pack Vendor :STMicroelectronics X-CUBE-SUBG2 5.0.0
2023-02-23 22:11:05,889 [INFO] ThirdParty:999 - CMSIS Pack Vendor :STMicroelectronics X-CUBE-NFC4 3.0.0
2023-02-23 22:11:05,889 [INFO] ThirdParty:999 - CMSIS Pack Vendor :SEGGER I-CUBE-embOS 1.2.0
2023-02-23 22:11:05,889 [INFO] ThirdParty:999 - CMSIS Pack Vendor :STMicroelectronics STM32_WPAN 1.0.0
2023-02-23 22:11:05,889 [INFO] ThirdParty:999 - CMSIS Pack Vendor :STMicroelectronics lwIP 2.0.3
2023-02-23 22:11:05,889 [INFO] ThirdParty:999 - CMSIS Pack Vendor :STMicroelectronics X-CUBE-BLE1 6.2.2
2023-02-23 22:11:05,890 [INFO] ThirdParty:999 - CMSIS Pack Vendor :STMicroelectronics X-CUBE-BLE2 3.2.2
2023-02-23 22:11:05,890 [INFO] ThirdParty:999 - CMSIS Pack Vendor :STMicroelectronics USB_HOST 1.0.0
2023-02-23 22:11:05,890 [INFO] ThirdParty:999 - CMSIS Pack Vendor :STMicroelectronics X-CUBE-NFC4 2.0.3
2023-02-23 22:11:05,890 [INFO] ThirdParty:999 - CMSIS Pack Vendor :STMicroelectronics PDM2PCM 3.1.0
2023-02-23 22:11:05,890 [INFO] ThirdParty:999 - CMSIS Pack Vendor :STMicroelectronics FP-ATR-ASTRA1 1.1.1
2023-02-23 22:11:05,890 [INFO] ThirdParty:999 - CMSIS Pack Vendor :STMicroelectronics PDM2PCM 3.3.0
2023-02-23 22:11:05,890 [INFO] ThirdParty:999 - CMSIS Pack Vendor :STMicroelectronics X-CUBE-SFXS2LP1 3.1.0
2023-02-23 22:11:05,890 [INFO] ThirdParty:999 - CMSIS Pack Vendor :STMicroelectronics X-CUBE-DISPLAY 3.0.0
2023-02-23 22:11:05,890 [INFO] ThirdParty:999 - CMSIS Pack Vendor :STMicroelectronics X-CUBE-BLEMGR 1.3.0
2023-02-23 22:11:05,890 [INFO] ThirdParty:999 - CMSIS Pack Vendor :STMicroelectronics X-CUBE-AZRTOS-F4 1.0.0
2023-02-23 22:11:05,890 [INFO] ThirdParty:999 - CMSIS Pack Vendor :STMicroelectronics X-CUBE-AZRTOS-H7 2.0.0
2023-02-23 22:11:05,890 [INFO] ThirdParty:999 - CMSIS Pack Vendor :STMicroelectronics X-CUBE-AZRTOS-G4 1.0.0
2023-02-23 22:11:05,890 [INFO] ThirdParty:999 - CMSIS Pack Vendor :STMicroelectronics FP-ATR-SIGFOX1 3.2.0
2023-02-23 22:11:05,890 [INFO] ThirdParty:999 - CMSIS Pack Vendor :STMicroelectronics X-CUBE-AZRTOS-L4 1.0.0
2023-02-23 22:11:05,890 [INFO] ThirdParty:999 - CMSIS Pack Vendor :STMicroelectronics X-CUBE-TOF1 2.0.0
2023-02-23 22:11:05,890 [INFO] ThirdParty:999 - CMSIS Pack Vendor :STMicroelectronics HAL Drivers 0.0.0
2023-02-23 22:11:05,890 [INFO] ThirdParty:999 - CMSIS Pack Vendor :STMicroelectronics MBEDTLS 2.16.2
2023-02-23 22:11:05,890 [INFO] ThirdParty:999 - CMSIS Pack Vendor :STMicroelectronics MBEDTLS 2.14.1
2023-02-23 22:11:05,890 [INFO] ThirdParty:999 - CMSIS Pack Vendor :STMicroelectronics X-CUBE-NFC7 1.0.0
2023-02-23 22:11:05,890 [INFO] ThirdParty:999 - CMSIS Pack Vendor :STMicroelectronics X-CUBE-AZRTOS-F7 1.0.0
2023-02-23 22:11:05,890 [INFO] ThirdParty:999 - CMSIS Pack Vendor :STMicroelectronics X-CUBE-AZRTOS-WL 1.0.0
2023-02-23 22:11:05,890 [INFO] ThirdParty:999 - CMSIS Pack Vendor :STMicroelectronics X-CUBE-SUBG2 4.2.0
2023-02-23 22:11:05,890 [INFO] ThirdParty:999 - CMSIS Pack Vendor :STMicroelectronics X-CUBE-MEMS1 9.1.0
2023-02-23 22:11:05,890 [INFO] ThirdParty:999 - CMSIS Pack Vendor :STMicroelectronics X-CUBE-EEPRMA1 4.1.0
2023-02-23 22:11:05,890 [INFO] ThirdParty:999 - CMSIS Pack Vendor :portGmbH I-Cube-SoM-uGOAL 1.1.0
2023-02-23 22:11:05,890 [INFO] ThirdParty:999 - CMSIS Pack Vendor :STMicroelectronics X-CUBE-ALS 1.0.1
2023-02-23 22:11:05,890 [INFO] ThirdParty:999 - CMSIS Pack Vendor :STMicroelectronics X-CUBE-MEMS1 9.5.0
2023-02-23 22:11:05,890 [INFO] ThirdParty:999 - CMSIS Pack Vendor :STMicroelectronics X-CUBE-AI 7.0.0
2023-02-23 22:11:05,891 [INFO] ThirdParty:999 - CMSIS Pack Vendor :STMicroelectronics ThreadX 1.0.0
2023-02-23 22:11:05,891 [INFO] ThirdParty:999 - CMSIS Pack Vendor :STMicroelectronics X-CUBE-AZRTOS-WB 1.1.0
2023-02-23 22:11:05,891 [INFO] ThirdParty:999 - CMSIS Pack Vendor :STMicroelectronics X-CUBE-ALGOBUILD 1.2.1
2023-02-23 22:11:05,891 [INFO] ThirdParty:999 - CMSIS Pack Vendor :STMicroelectronics X-CUBE-AZRTOS-L5 1.0.0
2023-02-23 22:11:05,891 [INFO] ThirdParty:999 - CMSIS Pack Vendor :STMicroelectronics USB_DEVICE 1.0.0
2023-02-23 22:11:05,891 [INFO] ThirdParty:999 - CMSIS Pack Vendor :STMicroelectronics X-CUBE-EEPRMA1 3.1.0
2023-02-23 22:11:05,891 [INFO] ThirdParty:999 - CMSIS Pack Vendor :STMicroelectronics X-CUBE-GNSS1 5.2.0
2023-02-23 22:11:05,891 [INFO] ThirdParty:999 - CMSIS Pack Vendor :STMicroelectronics ThreadX 0.0.2
2023-02-23 22:11:05,891 [INFO] ThirdParty:999 - CMSIS Pack Vendor :STMicroelectronics lwIP 2.1.2
2023-02-23 22:11:05,891 [INFO] ThirdParty:999 - CMSIS Pack Vendor :STMicroelectronics X-CUBE-SFXS2LP1 4.0.0
2023-02-23 22:11:05,891 [INFO] ThirdParty:999 - CMSIS Pack Vendor :STMicroelectronics X-CUBE-BLE2 3.3.0
2023-02-23 22:11:05,891 [INFO] ThirdParty:999 - CMSIS Pack Vendor :STMicroelectronics X-CUBE-DISPLAY 2.0.0
2023-02-23 22:11:05,891 [INFO] ThirdParty:999 - CMSIS Pack Vendor :STMicroelectronics X-CUBE-TOF1 3.2.0
2023-02-23 22:11:05,891 [INFO] ThirdParty:999 - CMSIS Pack Vendor :STMicroelectronics PDM2PCM 3.2.0
2023-02-23 22:11:05,891 [INFO] ThirdParty:999 - CMSIS Pack Vendor :STMicroelectronics X-CUBE-AZRTOS-H7 3.0.0
2023-02-23 22:11:05,891 [INFO] ThirdParty:999 - CMSIS Pack Vendor :STMicroelectronics X-CUBE-TOUCHGFX 4.18.0
2023-02-23 22:11:05,891 [INFO] ThirdParty:815 - exiting critical section [change project]
2023-02-23 22:11:06,172 [INFO] PinOutPanel:1477 - setPackage(No Configuration,No Configuration)
2023-02-23 22:11:06,174 [INFO] PinOutPanel:1477 - setPackage(STM32F446RETx,LQFP64)
2023-02-23 22:11:06,649 [INFO] UtilMem:74 - Before build in PCC Used Memory: 251901000 Bytes (730857472)
2023-02-23 22:11:07,197 [INFO] UtilMem:74 - After build in PCC Used Memory: 408663120 Bytes (730857472)
2023-02-23 22:11:07,216 [INFO] IPUIPlugin:79 - create IPUIPlugin
2023-02-23 22:11:07,217 [INFO] IPUIPlugin:79 - create IPUIPlugin
2023-02-23 22:11:07,217 [INFO] IPUIPlugin:79 - create IPUIPlugin
2023-02-23 22:11:07,217 [INFO] IPUIPlugin:79 - create IPUIPlugin
2023-02-23 22:11:07,217 [INFO] IPUIPlugin:79 - create IPUIPlugin
2023-02-23 22:11:07,217 [INFO] IPUIPlugin:79 - create IPUIPlugin
2023-02-23 22:11:07,217 [INFO] IPUIPlugin:79 - create IPUIPlugin
2023-02-23 22:11:07,217 [INFO] IPUIPlugin:79 - create IPUIPlugin
2023-02-23 22:11:07,218 [INFO] IPUIPlugin:79 - create IPUIPlugin
2023-02-23 22:11:07,218 [INFO] IPUIPlugin:79 - create IPUIPlugin
2023-02-23 22:11:07,218 [INFO] IPUIPlugin:79 - create IPUIPlugin
2023-02-23 22:11:07,218 [INFO] IPUIPlugin:79 - create IPUIPlugin
2023-02-23 22:11:07,218 [INFO] IPUIPlugin:79 - create IPUIPlugin
2023-02-23 22:11:07,218 [INFO] IPUIPlugin:79 - create IPUIPlugin
2023-02-23 22:11:07,218 [INFO] IPUIPlugin:79 - create IPUIPlugin
2023-02-23 22:11:07,218 [INFO] IPUIPlugin:79 - create IPUIPlugin
2023-02-23 22:11:07,218 [INFO] IPUIPlugin:79 - create IPUIPlugin
2023-02-23 22:11:07,218 [INFO] IPUIPlugin:79 - create IPUIPlugin
2023-02-23 22:11:07,218 [INFO] IPUIPlugin:79 - create IPUIPlugin
2023-02-23 22:11:07,219 [INFO] IPUIPlugin:79 - create IPUIPlugin
2023-02-23 22:11:07,219 [INFO] IPUIPlugin:79 - create IPUIPlugin
2023-02-23 22:11:07,219 [INFO] IPUIPlugin:79 - create IPUIPlugin
2023-02-23 22:11:07,219 [INFO] IPUIPlugin:79 - create IPUIPlugin
2023-02-23 22:11:07,219 [INFO] IPUIPlugin:79 - create IPUIPlugin
2023-02-23 22:11:07,219 [INFO] IPUIPlugin:79 - create IPUIPlugin
2023-02-23 22:11:07,219 [INFO] IPUIPlugin:79 - create IPUIPlugin
2023-02-23 22:11:07,220 [INFO] IPUIPlugin:79 - create IPUIPlugin
2023-02-23 22:11:07,220 [INFO] IPUIPlugin:79 - create IPUIPlugin
2023-02-23 22:11:07,220 [INFO] IPUIPlugin:79 - create IPUIPlugin
2023-02-23 22:11:07,220 [INFO] IPUIPlugin:79 - create IPUIPlugin
2023-02-23 22:11:07,220 [INFO] IPUIPlugin:79 - create IPUIPlugin
2023-02-23 22:11:07,220 [INFO] IPUIPlugin:79 - create IPUIPlugin
2023-02-23 22:11:07,221 [INFO] IPUIPlugin:79 - create IPUIPlugin
2023-02-23 22:11:07,221 [INFO] IPUIPlugin:79 - create IPUIPlugin
2023-02-23 22:11:07,221 [INFO] IPUIPlugin:79 - create IPUIPlugin
2023-02-23 22:11:07,221 [INFO] IPUIPlugin:79 - create IPUIPlugin
2023-02-23 22:11:07,221 [INFO] IPUIPlugin:79 - create IPUIPlugin
2023-02-23 22:11:07,221 [INFO] IPUIPlugin:79 - create IPUIPlugin
2023-02-23 22:11:07,222 [INFO] IPUIPlugin:79 - create IPUIPlugin
2023-02-23 22:11:07,222 [INFO] IPUIPlugin:79 - create IPUIPlugin
2023-02-23 22:11:07,222 [INFO] IPUIPlugin:79 - create IPUIPlugin
2023-02-23 22:11:07,222 [INFO] IPUIPlugin:79 - create IPUIPlugin
2023-02-23 22:11:07,222 [INFO] IPUIPlugin:79 - create IPUIPlugin
2023-02-23 22:11:07,222 [INFO] IPUIPlugin:79 - create IPUIPlugin
2023-02-23 22:11:07,223 [INFO] IPUIPlugin:79 - create IPUIPlugin
2023-02-23 22:11:07,223 [INFO] IPUIPlugin:79 - create IPUIPlugin
2023-02-23 22:11:07,223 [INFO] IPUIPlugin:79 - create IPUIPlugin
2023-02-23 22:11:07,223 [INFO] IPUIPlugin:79 - create IPUIPlugin
2023-02-23 22:11:07,223 [INFO] IPUIPlugin:79 - create IPUIPlugin
2023-02-23 22:11:07,224 [INFO] IPUIPlugin:79 - create IPUIPlugin
2023-02-23 22:11:07,224 [INFO] IPUIPlugin:79 - create IPUIPlugin
2023-02-23 22:11:07,224 [INFO] IPUIPlugin:79 - create IPUIPlugin
2023-02-23 22:11:07,224 [INFO] IPUIPlugin:79 - create IPUIPlugin
2023-02-23 22:11:07,224 [INFO] IPUIPlugin:79 - create IPUIPlugin
2023-02-23 22:11:07,225 [INFO] IPUIPlugin:79 - create IPUIPlugin
2023-02-23 22:11:07,225 [INFO] IPUIPlugin:79 - create IPUIPlugin
2023-02-23 22:11:07,225 [INFO] IPUIPlugin:79 - create IPUIPlugin
2023-02-23 22:11:07,225 [INFO] IPUIPlugin:79 - create IPUIPlugin
2023-02-23 22:11:07,226 [INFO] IPUIPlugin:79 - create IPUIPlugin
2023-02-23 22:11:07,226 [INFO] IPUIPlugin:79 - create IPUIPlugin
2023-02-23 22:11:07,277 [INFO] ApiDbMcu:505 - Load IP Config File for PDM2PCM
2023-02-23 22:11:07,410 [INFO] CADModel:164 - CPN selected for project levelSTM32F446RET6
2023-02-23 22:11:07,410 [INFO] CADModel:113 - Register for checkConnection events
2023-02-23 22:11:07,471 [INFO] OpenFileManager:327 - Restore cursor
2023-02-23 22:11:08,047 [INFO] UtilMem:74 - End SaveConfig() Used Memory: 597473600 Bytes (730857472)
2023-02-23 22:11:08,967 [INFO] ServerAccessManage:474 - Download File stm32cube_fw_f4_v1270.zip
2023-02-23 22:11:26,126 [INFO] AnalyticsPlugin:358 - Accepted License(s) without tracking enabled: [FW.F4.1.27.0]
2023-02-23 22:11:26,126 [INFO] FileExtend:239 - Unzip File : stm32cube_fw_f4_v1270.zip
2023-02-23 22:11:26,126 [INFO] FileExtend:254 - Standard Zip Deflate
2023-02-23 22:12:00,076 [INFO] ServerAccessManage:474 - Download File stm32cube_fw_f4_v1271.zip
2023-02-23 22:12:01,801 [INFO] FileExtend:239 - Unzip File : stm32cube_fw_f4_v1271.zip
2023-02-23 22:12:01,801 [INFO] FileExtend:254 - Standard Zip Deflate
2023-02-23 22:12:02,358 [INFO] LoadServerPackagesThread:190 - End of LoadServerPackages Thread
2023-02-23 22:12:02,503 [INFO] ThirdPartyModel:294 - Start build external matchings
2023-02-23 22:12:02,508 [INFO] UtilMem:74 - End SaveConfig() Used Memory: 331466008 Bytes (1073741824)
2023-02-23 22:12:03,030 [INFO] BlockDiagram:2759 - set Specific Code input for plugin: RCC
2023-02-23 22:12:03,031 [INFO] BlockDiagram:2759 - set Specific Code input for plugin: NVIC
2023-02-23 22:12:03,032 [INFO] CodeGenerator:692 - code generatio: config db path: C:\ST\STM32CubeIDE_1.11.2\STM32CubeIDE\plugins\com.st.stm32cube.common.mx_6.7.0.202301130839\\db\
2023-02-23 22:12:03,321 [INFO] ThirdPartyModel:310 - End build external matchings
2023-02-23 22:12:03,331 [INFO] CheckServerUpdateThread:119 - End of CheckServer Thread
2023-02-23 22:12:03,442 [INFO] CodeEngine:247 - oldGeneratedFile, C:\Users\Alec\Documents\repos\Embedded-C\All_source_codes\mytarget\helloworld\MXTmpFiles\license.tmp_save
2023-02-23 22:12:03,764 [INFO] CodeEngine:271 - Generated code: C:\Users\Alec\Documents\repos\Embedded-C\All_source_codes\mytarget\helloworld\MXTmpFiles\license.tmp
2023-02-23 22:12:03,783 [INFO] CodeEngine:247 - oldGeneratedFile, C:\Users\Alec\Documents\repos\Embedded-C\All_source_codes\mytarget\helloworld\Core\Src\stm32f4xx_it.c_save
2023-02-23 22:12:03,923 [INFO] CodeEngine:271 - Generated code: C:\Users\Alec\Documents\repos\Embedded-C\All_source_codes\mytarget\helloworld\Core\Src\stm32f4xx_it.c
2023-02-23 22:12:03,932 [INFO] CodeEngine:247 - oldGeneratedFile, C:\Users\Alec\Documents\repos\Embedded-C\All_source_codes\mytarget\helloworld\Core\Inc\stm32f4xx_it.h_save
2023-02-23 22:12:04,032 [INFO] CodeEngine:271 - Generated code: C:\Users\Alec\Documents\repos\Embedded-C\All_source_codes\mytarget\helloworld\Core\Inc\stm32f4xx_it.h
2023-02-23 22:12:04,098 [INFO] CodeEngine:247 - oldGeneratedFile, C:\Users\Alec\Documents\repos\Embedded-C\All_source_codes\mytarget\helloworld\Core\Src\stm32f4xx_hal_msp.c_save
2023-02-23 22:12:04,229 [INFO] CodeEngine:271 - Generated code: C:\Users\Alec\Documents\repos\Embedded-C\All_source_codes\mytarget\helloworld\Core\Src\stm32f4xx_hal_msp.c
2023-02-23 22:12:04,237 [INFO] CodeEngine:247 - oldGeneratedFile, C:\Users\Alec\Documents\repos\Embedded-C\All_source_codes\mytarget\helloworld\MXTmpFiles\system.tmp_save
2023-02-23 22:12:04,309 [INFO] CodeEngine:271 - Generated code: C:\Users\Alec\Documents\repos\Embedded-C\All_source_codes\mytarget\helloworld\MXTmpFiles\system.tmp
2023-02-23 22:12:04,323 [INFO] CodeEngine:303 - oldGeneratedFile, C:\Users\Alec\Documents\repos\Embedded-C\All_source_codes\mytarget\helloworld\Core\Inc\stm32f4xx_hal_conf.h_save
2023-02-23 22:12:04,432 [INFO] CodeEngine:327 - Generated code: C:\Users\Alec\Documents\repos\Embedded-C\All_source_codes\mytarget\helloworld\Core\Inc\stm32f4xx_hal_conf.h
2023-02-23 22:12:04,473 [WARN] IPConfigManager:2928 - Warning: the RefConfig PLL2P_FOR_MCO is not available in your config.xml file
2023-02-23 22:12:04,492 [INFO] CodeEngine:247 - oldGeneratedFile, C:\Users\Alec\Documents\repos\Embedded-C\All_source_codes\mytarget\helloworld\Core\Inc\main.h_save
2023-02-23 22:12:04,609 [INFO] CodeEngine:271 - Generated code: C:\Users\Alec\Documents\repos\Embedded-C\All_source_codes\mytarget\helloworld\Core\Inc\main.h
2023-02-23 22:12:04,619 [INFO] CodeEngine:247 - oldGeneratedFile, C:\Users\Alec\Documents\repos\Embedded-C\All_source_codes\mytarget\helloworld\Core\Src\main.c_save
2023-02-23 22:12:04,773 [INFO] CodeEngine:271 - Generated code: C:\Users\Alec\Documents\repos\Embedded-C\All_source_codes\mytarget\helloworld\Core\Src\main.c
2023-02-23 22:12:05,441 [INFO] ProjectBuilder:2919 - Time for Copy HAL[1] : 241mS.
2023-02-23 22:12:05,454 [INFO] ProjectBuilder:4183 - Project Generator version: 3.18.0-B7
2023-02-23 22:12:05,708 [INFO] ConfigFileManager:1396 - The Die is : DIE421
2023-02-23 22:12:05,723 [INFO] ApiDbMcu:505 - Load IP Config File for FATFS
2023-02-23 22:12:05,736 [INFO] ApiDbMcu:505 - Load IP Config File for FREERTOS
2023-02-23 22:12:05,744 [INFO] ApiDbMcu:505 - Load IP Config File for LIBJPEG
2023-02-23 22:12:05,756 [INFO] ApiDbMcu:505 - Load IP Config File for MBEDTLS
2023-02-23 22:12:05,770 [INFO] ApiDbMcu:505 - Load IP Config File for USB_DEVICE
2023-02-23 22:12:05,779 [INFO] ApiDbMcu:505 - Load IP Config File for USB_HOST
2023-02-23 22:12:09,065 [INFO] ProjectBuilder:4351 - Time for Generating toolchain IDE Files: 3611mS.
2023-02-23 22:12:09,066 [INFO] ProjectBuilder:2790 - Time for Copy CMSIS : 0mS.
2023-02-23 22:12:09,068 [INFO] ProjectBuilder:2790 - Time for Copy CMSIS : 0mS.
2023-02-23 22:12:09,261 [INFO] McuFinderGlobals:65 - Set McuFinderConnectedMode to true
2023-02-23 22:12:09,265 [INFO] ApiDb:447 - Save user favorites file C:\Users\Alec/.stm32cubeide/favorites.mcus.txt: 0 item(s)
2023-02-23 22:12:09,265 [INFO] ApiDb:451 - User favorites MCUs=[]
2023-02-23 22:12:09,267 [INFO] ApiDb:447 - Save user favorites file C:\Users\Alec/.stm32cubeide/favorites.boards.txt: 2 item(s)
2023-02-23 22:12:09,267 [INFO] ApiDb:451 - User favorites Boards=[NUCLEO-F446RE, NUCLEO-H755ZI-Q]
2023-02-23 22:16:36,231 [INFO] MainUpdater:2800 - connection check result : 10
2023-02-23 22:16:36,346 [INFO] McuFinderGlobals:65 - Set McuFinderConnectedMode to true
2023-02-23 22:16:36,347 [INFO] MultiScanPanel:196 - Auto-refresh data requested => check proxy status ongoing
2023-02-23 22:16:36,347 [INFO] FinderPluginLoader:92 - Searching for filters in installed packs
2023-02-23 22:16:36,879 [INFO] LoadUrlFilesThread:179 - End of LoadServerUrlFiles without Thread
2023-02-23 22:16:36,879 [INFO] DetailPanel:339 - Set advertising image to C:/Users/Alec/STM32Cube/Repository/\en.prom-stm32u5-0223.jpg
2023-02-23 22:16:37,143 [INFO] ToolPreferences:109 - Table McuList, key=mcufinder_cubeide.mculist: column name not found=IO
2023-02-23 22:16:37,143 [INFO] ToolPreferences:109 - Table McuList, key=mcufinder_cubeide.mculist: column name not found=Freq.
2023-02-23 22:16:50,376 [INFO] MultiScanPanel:196 - Auto-refresh data requested => check proxy status ongoing
2023-02-23 22:16:50,418 [INFO] LoadUrlFilesThread:179 - End of LoadServerUrlFiles without Thread
2023-02-23 22:16:50,418 [INFO] DetailPanel:339 - Set advertising image to C:/Users/Alec/STM32Cube/Repository/\en.prom-stm32u5-0223.jpg
2023-02-23 22:16:52,497 [INFO] ApiDb:580 - Connected to CubeFinder SQLite database (C:\Users\Alec\.stmcufinder\plugins\mcufinder\mcu\cube-finder-db.db)
2023-02-23 22:17:14,803 [INFO] McuFinderGlobals:65 - Set McuFinderConnectedMode to true
2023-02-23 22:17:14,805 [INFO] ApiDb:447 - Save user favorites file C:\Users\Alec/.stm32cubeide/favorites.mcus.txt: 0 item(s)
2023-02-23 22:17:14,805 [INFO] ApiDb:451 - User favorites MCUs=[]
2023-02-23 22:17:14,806 [INFO] ApiDb:447 - Save user favorites file C:\Users\Alec/.stm32cubeide/favorites.boards.txt: 2 item(s)
2023-02-23 22:17:14,806 [INFO] ApiDb:451 - User favorites Boards=[NUCLEO-F446RE, NUCLEO-H755ZI-Q]
2023-02-23 22:29:36,790 [INFO] WebAppUi:459 - Close the Jxbrowser engine manually
2023-02-23 22:29:36,963 [INFO] WebAppUi:462 - Profiles folder deleted
2023-02-23 22:29:37,227 [ERROR] LogOutputStream:74 - [STDERR_REDIRECT] 
2023-03-04 18:19:52,333 [INFO] Activator:179 - 


2023-03-04 18:19:52,334 [INFO] Activator:180 - !SESSION log4j initialized
2023-03-04 18:20:19,381 [ERROR] LogOutputStream:74 - [STDERR_REDIRECT] SLF4J: Failed to load class "org.slf4j.impl.StaticLoggerBinder".
2023-03-04 18:20:19,381 [ERROR] LogOutputStream:74 - [STDERR_REDIRECT] SLF4J: Defaulting to no-operation (NOP) logger implementation
2023-03-04 18:20:19,382 [ERROR] LogOutputStream:74 - [STDERR_REDIRECT] SLF4J: See http://www.slf4j.org/codes.html#StaticLoggerBinder for further details.
2023-03-06 21:52:14,820 [INFO] LogOutputStream:76 - [STDOUT_REDIRECT] StartTraceHandler.execute(), success : Collect=true
2023-03-06 21:59:50,364 [INFO] LogOutputStream:76 - [STDOUT_REDIRECT] StartTraceHandler.execute(), success : Collect=false
2023-03-06 22:00:20,046 [INFO] LogOutputStream:76 - [STDOUT_REDIRECT] StartTraceHandler.execute(), success : Collect=true
2023-03-06 22:00:35,794 [INFO] LogOutputStream:76 - [STDOUT_REDIRECT] StartTraceHandler.execute(), success : Collect=false
2023-03-06 22:00:36,872 [INFO] LogOutputStream:76 - [STDOUT_REDIRECT] StartTraceHandler.execute(), success : Collect=true
2023-03-06 22:00:38,442 [INFO] LogOutputStream:76 - [STDOUT_REDIRECT] StartTraceHandler.execute(), success : Collect=false
2023-03-06 22:00:39,922 [INFO] LogOutputStream:76 - [STDOUT_REDIRECT] StartTraceHandler.execute(), success : Collect=true
2023-03-06 22:00:40,780 [INFO] LogOutputStream:76 - [STDOUT_REDIRECT] StartTraceHandler.execute(), success : Collect=false
2023-03-06 22:00:46,588 [INFO] LogOutputStream:76 - [STDOUT_REDIRECT] StartTraceHandler.execute(), success : Collect=true
