2023-10-23 15:26:37,927 [INFO] Activator:176 - 


2023-10-23 15:26:37,932 [INFO] Activator:177 - !SESSION log4j initialized
2023-10-23 15:26:43,962 [INFO] LogOutputStream:77 - [STDOUT_REDIRECT] 
2023-10-23 15:26:49,511 [INFO] ApplicationProperties:184 - Using Application install path: C:\ST\STM32CubeIDE_1.11.2\STM32CubeIDE\plugins\com.st.stm32cube.common.mx_6.9.2.202309101412
2023-10-23 15:26:49,527 [INFO] DbMcusXml:78 - Set database path to: C:\ST\STM32CubeIDE_1.11.2\STM32CubeIDE\plugins\com.st.stm32cube.common.mx_6.9.2.202309101412\\db\/mcu/
2023-10-23 15:26:49,527 [INFO] ApiDb:274 - Set plugin database path to: C:\ST\STM32CubeIDE_1.11.2\STM32CubeIDE\plugins\com.st.stm32cube.common.mx_6.9.2.202309101412\\db\/plugins/boardmanager/
2023-10-23 15:26:49,527 [WARN] ApiDb:259 - Overriding images path with different value:  => C:\ST\STM32CubeIDE_1.11.2\STM32CubeIDE\plugins\com.st.stm32cube.common.mx_6.9.2.202309101412\\db\/plugins/mcufinder/images/
2023-10-23 15:26:49,538 [INFO] ApiDb:250 - Set database path to: C:\Users\Alec\.stmcufinder\plugins\mcufinder//mcu/
2023-10-23 15:26:49,538 [INFO] DbMcusAds:125 - Set database path to: C:\Users\Alec\.stmcufinder\plugins\mcufinder//mcu/
2023-10-23 15:26:49,540 [INFO] CrossReferenceDbSqlite:203 - Set database path to: C:\Users\Alec\.stmcufinder\plugins\mcufinder//mcu/cs/
2023-10-23 15:26:49,630 [INFO] RulesReader:64 - Compatibility file has been processed (293 Rules)
2023-10-23 15:26:49,700 [INFO] DbMcusXml:78 - Set database path to: C:\ST\STM32CubeIDE_1.11.2\STM32CubeIDE\plugins\com.st.stm32cube.common.mx_6.9.2.202309101412\\db\/mcu/
2023-10-23 15:26:49,700 [INFO] ApiDb:274 - Set plugin database path to: C:\ST\STM32CubeIDE_1.11.2\STM32CubeIDE\plugins\com.st.stm32cube.common.mx_6.9.2.202309101412\\db\/plugins/boardmanager/
2023-10-23 15:26:49,700 [INFO] ApiDb:261 - Set plugin images path to: C:\ST\STM32CubeIDE_1.11.2\STM32CubeIDE\plugins\com.st.stm32cube.common.mx_6.9.2.202309101412\\db\/plugins/mcufinder/images/
2023-10-23 15:26:49,700 [WARN] DbFile:41 - Overriding database path with different value: C:\Users\Alec\.stmcufinder\plugins\mcufinder/ => C:\Users\Alec\.stmcufinder\plugins\mcufinder
2023-10-23 15:26:49,700 [INFO] ApiDb:250 - Set database path to: C:\Users\Alec\.stmcufinder\plugins\mcufinder//mcu/
2023-10-23 15:26:49,700 [WARN] DbFile:41 - Overriding database path with different value: C:\Users\Alec\.stmcufinder\plugins\mcufinder/ => C:\Users\Alec\.stmcufinder\plugins\mcufinder
2023-10-23 15:26:49,701 [INFO] DbMcusAds:125 - Set database path to: C:\Users\Alec\.stmcufinder\plugins\mcufinder//mcu/
2023-10-23 15:26:49,701 [WARN] DbFile:41 - Overriding database path with different value: C:\Users\Alec\.stmcufinder\plugins\mcufinder/ => C:\Users\Alec\.stmcufinder\plugins\mcufinder
2023-10-23 15:26:49,701 [WARN] DbFile:41 - Overriding database path with different value: C:\Users\Alec\.stmcufinder\plugins\mcufinder/ => C:\Users\Alec\.stmcufinder\plugins\mcufinder
2023-10-23 15:26:49,701 [INFO] CrossReferenceDbSqlite:203 - Set database path to: C:\Users\Alec\.stmcufinder\plugins\mcufinder//mcu/cs/
2023-10-23 15:26:49,762 [INFO] MainPanel:262 - HeapMemory: 268435456
2023-10-23 15:26:49,833 [INFO] DbMcusXml:78 - Set database path to: C:\ST\STM32CubeIDE_1.11.2\STM32CubeIDE\plugins\com.st.stm32cube.common.mx_6.9.2.202309101412\\db\/mcu/
2023-10-23 15:26:49,833 [INFO] ApiDb:274 - Set plugin database path to: C:\ST\STM32CubeIDE_1.11.2\STM32CubeIDE\plugins\com.st.stm32cube.common.mx_6.9.2.202309101412\\db\/plugins/boardmanager/
2023-10-23 15:26:49,833 [INFO] ApiDb:261 - Set plugin images path to: C:\ST\STM32CubeIDE_1.11.2\STM32CubeIDE\plugins\com.st.stm32cube.common.mx_6.9.2.202309101412\\db\/plugins/mcufinder/images/
2023-10-23 15:26:49,833 [WARN] DbFile:41 - Overriding database path with different value: C:\Users\Alec\.stmcufinder\plugins\mcufinder/ => C:\Users\Alec\.stmcufinder\plugins\mcufinder
2023-10-23 15:26:49,834 [INFO] ApiDb:250 - Set database path to: C:\Users\Alec\.stmcufinder\plugins\mcufinder//mcu/
2023-10-23 15:26:49,834 [WARN] DbFile:41 - Overriding database path with different value: C:\Users\Alec\.stmcufinder\plugins\mcufinder/ => C:\Users\Alec\.stmcufinder\plugins\mcufinder
2023-10-23 15:26:49,834 [INFO] DbMcusAds:125 - Set database path to: C:\Users\Alec\.stmcufinder\plugins\mcufinder//mcu/
2023-10-23 15:26:49,834 [WARN] DbFile:41 - Overriding database path with different value: C:\Users\Alec\.stmcufinder\plugins\mcufinder/ => C:\Users\Alec\.stmcufinder\plugins\mcufinder
2023-10-23 15:26:49,834 [WARN] DbFile:41 - Overriding database path with different value: C:\Users\Alec\.stmcufinder\plugins\mcufinder/ => C:\Users\Alec\.stmcufinder\plugins\mcufinder
2023-10-23 15:26:49,834 [INFO] CrossReferenceDbSqlite:203 - Set database path to: C:\Users\Alec\.stmcufinder\plugins\mcufinder//mcu/cs/
2023-10-23 15:26:49,848 [INFO] ApplicationProperties:184 - Using Application install path: C:\ST\STM32CubeIDE_1.11.2\STM32CubeIDE\plugins\com.st.stm32cube.common.mx_6.9.2.202309101412
2023-10-23 15:26:49,849 [INFO] PluginManage:196 - Search for loadable plugins [exclusion list=, ]
2023-10-23 15:26:49,850 [INFO] PluginManage:310 - Check plugin analytics
2023-10-23 15:26:54,487 [INFO] AnalyticsPlugin:253 - Accepted Software Licenses: 
2023-10-23 15:26:54,487 [INFO] AnalyticsPlugin:255 - Accepted CMSIS Pack Licenses: 
2023-10-23 15:26:54,488 [INFO] AnalyticsPlugin:257 - Accepted Firmware Licenses: 
2023-10-23 15:26:54,489 [INFO] PluginManage:359 - Loaded plugin analytics (category:tool,tabindex:-1)
2023-10-23 15:26:54,490 [INFO] PluginManage:310 - Check plugin cadmodel
2023-10-23 15:26:54,503 [INFO] CADModel:105 - Init CAD model plugin
2023-10-23 15:26:54,503 [INFO] PluginManage:359 - Loaded plugin cadmodel (category:power,tabindex:5)
2023-10-23 15:26:54,504 [INFO] PluginManage:310 - Check plugin clock
2023-10-23 15:26:54,520 [INFO] PluginManage:359 - Loaded plugin clock (category:base,tabindex:2)
2023-10-23 15:26:54,521 [INFO] PluginManage:310 - Check plugin ddr
2023-10-23 15:26:54,523 [INFO] PluginManage:359 - Loaded plugin ddr (category:tool,tabindex:6)
2023-10-23 15:26:54,523 [INFO] PluginManage:310 - Check plugin filemanager
2023-10-23 15:26:54,636 [INFO] PluginManage:359 - Loaded plugin filemanager (category:base,tabindex:10)
2023-10-23 15:26:54,637 [INFO] PluginManage:310 - Check plugin ipmanager
2023-10-23 15:26:54,643 [INFO] PluginManage:359 - Loaded plugin ipmanager (category:base,tabindex:5)
2023-10-23 15:26:54,643 [INFO] PluginManage:310 - Check plugin lpbam
2023-10-23 15:26:54,658 [INFO] PluginManage:359 - Loaded plugin lpbam (category:base,tabindex:0)
2023-10-23 15:26:54,658 [INFO] PluginManage:310 - Check plugin memorymap
2023-10-23 15:26:54,677 [INFO] PluginManage:359 - Loaded plugin memorymap (category:base,tabindex:4)
2023-10-23 15:26:54,677 [INFO] PluginManage:310 - Check plugin pinoutandconfiguration
2023-10-23 15:26:54,691 [INFO] PluginManage:359 - Loaded plugin pinoutandconfiguration (category:base,tabindex:1)
2023-10-23 15:26:54,692 [INFO] PluginManage:310 - Check plugin pinoutconfig
2023-10-23 15:26:54,772 [WARN] SupportedApi:132 - Cannot load RTOS API schema: s4s-elt-must-match.1: The content of 'definitions' must match (annotation?, (simpleType | complexType)?, (unique | key | keyref)*)). A problem was found starting at: attribute.
2023-10-23 15:26:54,897 [INFO] PluginManage:359 - Loaded plugin pinoutconfig (category:base,tabindex:0)
2023-10-23 15:26:54,897 [INFO] PluginManage:310 - Check plugin power
2023-10-23 15:26:54,916 [INFO] PluginManage:359 - Loaded plugin power (category:power,tabindex:4)
2023-10-23 15:26:54,916 [INFO] PluginManage:310 - Check plugin projectmanager
2023-10-23 15:26:54,929 [INFO] PluginManage:359 - Loaded plugin projectmanager (category:projectmanager,tabindex:3)
2023-10-23 15:26:54,930 [INFO] PluginManage:310 - Check plugin thirdparty
2023-10-23 15:26:55,166 [INFO] PluginManage:359 - Loaded plugin thirdparty (category:base,tabindex:-1)
2023-10-23 15:26:55,166 [INFO] PluginManage:310 - Check plugin tools
2023-10-23 15:26:55,166 [WARN] IntegrityCheckThread:84 - waiting for thirdparty lock release [integrity check]
2023-10-23 15:26:55,166 [INFO] IntegrityCheckThread:86 - entering critical section [integrity check]
2023-10-23 15:26:55,167 [INFO] ThirdPartyUpdaterWithRetryManager:70 - Updater plugin not ready yet. [1/15]
2023-10-23 15:26:55,193 [INFO] PluginManage:359 - Loaded plugin tools (category:base,tabindex:7)
2023-10-23 15:26:55,193 [INFO] PluginManage:310 - Check plugin tutovideos
2023-10-23 15:26:55,354 [INFO] PluginManage:359 - Loaded plugin tutovideos (category:base,tabindex:-1)
2023-10-23 15:26:55,354 [INFO] PluginManage:310 - Check plugin updater
2023-10-23 15:26:55,364 [INFO] PluginManage:359 - Loaded plugin updater (category:base,tabindex:12)
2023-10-23 15:26:55,364 [INFO] PluginManage:310 - Check plugin userauth
2023-10-23 15:26:55,369 [INFO] UserAuth:113 - Init User Auth plugin
2023-10-23 15:26:55,369 [INFO] PluginManage:359 - Loaded plugin userauth (category:base,tabindex:14)
2023-10-23 15:26:55,369 [INFO] PluginManage:283 - PluginManage : Loaded plugins [17]
2023-10-23 15:26:55,554 [INFO] PinOutPanel:1499 - setPackage(No Configuration,No Configuration)
2023-10-23 15:26:55,654 [INFO] CADModel:165 - CPN selected for project level
2023-10-23 15:26:55,654 [INFO] CADModel:114 - Register for checkConnection events
2023-10-23 15:26:55,674 [INFO] IPUIPlugin:80 - create IPUIPlugin
2023-10-23 15:26:55,674 [INFO] PluginManager:220 - loadIPPluginJar : add adc
2023-10-23 15:26:55,699 [INFO] IPUIPlugin:80 - create IPUIPlugin
2023-10-23 15:26:55,699 [INFO] PluginManager:220 - loadIPPluginJar : add aes
2023-10-23 15:26:55,729 [INFO] IPUIPlugin:80 - create IPUIPlugin
2023-10-23 15:26:55,729 [INFO] PluginManager:220 - loadIPPluginJar : add can
2023-10-23 15:26:55,745 [INFO] IPUIPlugin:80 - create IPUIPlugin
2023-10-23 15:26:55,745 [INFO] PluginManager:220 - loadIPPluginJar : add comp
2023-10-23 15:26:55,768 [INFO] IPUIPlugin:80 - create IPUIPlugin
2023-10-23 15:26:55,768 [INFO] PluginManager:220 - loadIPPluginJar : add cryp
2023-10-23 15:26:55,789 [INFO] IPUIPlugin:80 - create IPUIPlugin
2023-10-23 15:26:55,789 [INFO] PluginManager:220 - loadIPPluginJar : add dfsdm
2023-10-23 15:26:55,800 [INFO] IPUIPlugin:80 - create IPUIPlugin
2023-10-23 15:26:55,801 [INFO] PluginManager:220 - loadIPPluginJar : add dma
2023-10-23 15:26:55,832 [INFO] IPUIPlugin:80 - create IPUIPlugin
2023-10-23 15:26:55,832 [INFO] PluginManager:220 - loadIPPluginJar : add dma3
2023-10-23 15:26:55,847 [INFO] IPUIPlugin:80 - create IPUIPlugin
2023-10-23 15:26:55,847 [INFO] PluginManager:220 - loadIPPluginJar : add fatfs
2023-10-23 15:26:55,881 [INFO] IPUIPlugin:80 - create IPUIPlugin
2023-10-23 15:26:55,881 [INFO] PluginManager:220 - loadIPPluginJar : add fmc
2023-10-23 15:26:55,893 [INFO] IPUIPlugin:80 - create IPUIPlugin
2023-10-23 15:26:55,893 [INFO] PluginManager:220 - loadIPPluginJar : add freertos
2023-10-23 15:26:55,909 [INFO] IPUIPlugin:80 - create IPUIPlugin
2023-10-23 15:26:55,909 [INFO] PluginManager:220 - loadIPPluginJar : add genericplugin
2023-10-23 15:26:55,971 [INFO] IPUIPlugin:80 - create IPUIPlugin
2023-10-23 15:26:55,971 [INFO] PluginManager:220 - loadIPPluginJar : add gfxmmu
2023-10-23 15:26:56,057 [INFO] IPUIPlugin:80 - create IPUIPlugin
2023-10-23 15:26:56,057 [INFO] PluginManager:220 - loadIPPluginJar : add gic
2023-10-23 15:26:56,067 [INFO] IPUIPlugin:80 - create IPUIPlugin
2023-10-23 15:26:56,067 [INFO] PluginManager:220 - loadIPPluginJar : add gpio
2023-10-23 15:26:56,131 [INFO] IPUIPlugin:80 - create IPUIPlugin
2023-10-23 15:26:56,131 [INFO] PluginManager:220 - loadIPPluginJar : add gtzc
2023-10-23 15:26:56,153 [INFO] IPUIPlugin:80 - create IPUIPlugin
2023-10-23 15:26:56,153 [INFO] PluginManager:220 - loadIPPluginJar : add hash
2023-10-23 15:26:56,188 [INFO] IPUIPlugin:80 - create IPUIPlugin
2023-10-23 15:26:56,188 [INFO] PluginManager:220 - loadIPPluginJar : add i2c
2023-10-23 15:26:56,216 [INFO] IPUIPlugin:80 - create IPUIPlugin
2023-10-23 15:26:56,216 [INFO] PluginManager:220 - loadIPPluginJar : add i2s
2023-10-23 15:26:56,245 [INFO] IPUIPlugin:80 - create IPUIPlugin
2023-10-23 15:26:56,245 [INFO] PluginManager:220 - loadIPPluginJar : add i3c
2023-10-23 15:26:56,318 [INFO] IPUIPlugin:80 - create IPUIPlugin
2023-10-23 15:26:56,318 [INFO] PluginManager:220 - loadIPPluginJar : add ipddr
2023-10-23 15:26:56,379 [INFO] IPUIPlugin:80 - create IPUIPlugin
2023-10-23 15:26:56,379 [INFO] PluginManager:220 - loadIPPluginJar : add linkedlist
2023-10-23 15:26:56,405 [INFO] IPUIPlugin:80 - create IPUIPlugin
2023-10-23 15:26:56,405 [INFO] PluginManager:220 - loadIPPluginJar : add lorawan
2023-10-23 15:26:56,430 [INFO] IPUIPlugin:80 - create IPUIPlugin
2023-10-23 15:26:56,430 [INFO] PluginManager:220 - loadIPPluginJar : add ltdc
2023-10-23 15:26:56,441 [INFO] IPUIPlugin:80 - create IPUIPlugin
2023-10-23 15:26:56,441 [INFO] PluginManager:220 - loadIPPluginJar : add mdma
2023-10-23 15:26:56,450 [INFO] IPUIPlugin:80 - create IPUIPlugin
2023-10-23 15:26:56,450 [INFO] PluginManager:220 - loadIPPluginJar : add nvic
2023-10-23 15:26:56,475 [INFO] IPUIPlugin:80 - create IPUIPlugin
2023-10-23 15:26:56,475 [INFO] PluginManager:220 - loadIPPluginJar : add opamp
2023-10-23 15:26:56,517 [INFO] IPUIPlugin:80 - create IPUIPlugin
2023-10-23 15:26:56,517 [INFO] PluginManager:220 - loadIPPluginJar : add openamp
2023-10-23 15:26:56,547 [INFO] IPUIPlugin:80 - create IPUIPlugin
2023-10-23 15:26:56,547 [INFO] PluginManager:220 - loadIPPluginJar : add pdm2pcm
2023-10-23 15:26:56,558 [INFO] IPUIPlugin:80 - create IPUIPlugin
2023-10-23 15:26:56,559 [INFO] PluginManager:220 - loadIPPluginJar : add plateformsettings
2023-10-23 15:26:56,576 [INFO] IPUIPlugin:80 - create IPUIPlugin
2023-10-23 15:26:56,576 [INFO] PluginManager:220 - loadIPPluginJar : add quadspi
2023-10-23 15:26:56,587 [INFO] IPUIPlugin:80 - create IPUIPlugin
2023-10-23 15:26:56,587 [INFO] PluginManager:220 - loadIPPluginJar : add resmgrutility
2023-10-23 15:26:56,623 [INFO] IPUIPlugin:80 - create IPUIPlugin
2023-10-23 15:26:56,623 [INFO] PluginManager:220 - loadIPPluginJar : add sai
2023-10-23 15:26:56,649 [INFO] IPUIPlugin:80 - create IPUIPlugin
2023-10-23 15:26:56,649 [INFO] PluginManager:220 - loadIPPluginJar : add spi
2023-10-23 15:26:56,689 [INFO] IPUIPlugin:80 - create IPUIPlugin
2023-10-23 15:26:56,690 [INFO] PluginManager:220 - loadIPPluginJar : add stm32_wpan
2023-10-23 15:26:56,706 [INFO] IPUIPlugin:80 - create IPUIPlugin
2023-10-23 15:26:56,706 [INFO] PluginManager:220 - loadIPPluginJar : add tim
2023-10-23 15:26:56,744 [INFO] IPUIPlugin:80 - create IPUIPlugin
2023-10-23 15:26:56,744 [INFO] PluginManager:220 - loadIPPluginJar : add touchsensing
2023-10-23 15:26:56,761 [INFO] IPUIPlugin:80 - create IPUIPlugin
2023-10-23 15:26:56,761 [INFO] PluginManager:220 - loadIPPluginJar : add tracer_emb
2023-10-23 15:26:56,777 [INFO] IPUIPlugin:80 - create IPUIPlugin
2023-10-23 15:26:56,777 [INFO] PluginManager:220 - loadIPPluginJar : add ts
2023-10-23 15:26:56,792 [INFO] IPUIPlugin:80 - create IPUIPlugin
2023-10-23 15:26:56,792 [INFO] PluginManager:220 - loadIPPluginJar : add tsc
2023-10-23 15:26:56,808 [INFO] IPUIPlugin:80 - create IPUIPlugin
2023-10-23 15:26:56,808 [INFO] PluginManager:220 - loadIPPluginJar : add ucpd
2023-10-23 15:26:56,838 [INFO] IPUIPlugin:80 - create IPUIPlugin
2023-10-23 15:26:56,838 [INFO] PluginManager:220 - loadIPPluginJar : add usart
2023-10-23 15:26:56,868 [INFO] IPUIPlugin:80 - create IPUIPlugin
2023-10-23 15:26:56,868 [INFO] PluginManager:220 - loadIPPluginJar : add usbx
2023-10-23 15:26:56,982 [INFO] CADModel:165 - CPN selected for project level
2023-10-23 15:26:56,982 [INFO] CADModel:114 - Register for checkConnection events
2023-10-23 15:26:56,982 [FATAL] Updater:308 - Updater called before beeing initialized
2023-10-23 15:26:56,982 [ERROR] CADModel:125 - Updater not yet initialized, retry later 
2023-10-23 15:26:57,088 [INFO] CADModel:165 - CPN selected for project level
2023-10-23 15:26:57,088 [INFO] CADModel:114 - Register for checkConnection events
2023-10-23 15:26:57,088 [FATAL] Updater:308 - Updater called before beeing initialized
2023-10-23 15:26:57,088 [ERROR] CADModel:125 - Updater not yet initialized, retry later 
2023-10-23 15:26:57,090 [FATAL] Updater:308 - Updater called before beeing initialized
2023-10-23 15:26:57,170 [FATAL] Updater:308 - Updater called before beeing initialized
2023-10-23 15:26:57,178 [INFO] DbMcusAds:53 - JSON generation date=Tue Mar 07 01:50:55 MST 2023 (1678179055114)
2023-10-23 15:26:57,178 [FATAL] Updater:308 - Updater called before beeing initialized
2023-10-23 15:26:57,241 [WARN] DetailPanel:346 - Failed to get advertising image, set to default
2023-10-23 15:26:57,326 [FATAL] Updater:308 - Updater called before beeing initialized
2023-10-23 15:26:57,327 [FATAL] Updater:308 - Updater called before beeing initialized
2023-10-23 15:26:57,327 [FATAL] Updater:308 - Updater called before beeing initialized
2023-10-23 15:26:57,327 [WARN] DetailPanel:346 - Failed to get advertising image, set to default
2023-10-23 15:26:57,328 [FATAL] Updater:308 - Updater called before beeing initialized
2023-10-23 15:26:57,368 [ERROR] Updater:1120 - MainUpdater not yet initialized. External WinMGr cannot be set.
2023-10-23 15:26:57,375 [INFO] Updater:1056 - Updater Version found : 6.9.2
2023-10-23 15:26:57,389 [INFO] ApplicationProperties:184 - Using Application install path: C:\ST\STM32CubeIDE_1.11.2\STM32CubeIDE\plugins\com.st.stm32cube.common.mx_6.9.2.202309101412
2023-10-23 15:26:57,909 [INFO] MainUpdater:2868 - connection check result : 10
2023-10-23 15:26:57,910 [INFO] MainUpdater:3562 - Updater definition file requires update
2023-10-23 15:26:57,910 [INFO] MainUpdater:285 - Updater Check For Update Now.
2023-10-23 15:26:57,910 [INFO] MicroXplorer:498 - Change Database Version : DB.6.0.92
2023-10-23 15:26:57,923 [INFO] McuFinderGlobals:63 - Set McuFinder mode to 2 (CubeIDE integrated)
2023-10-23 15:26:57,923 [INFO] UserAuth:179 - activating auth plugin
2023-10-23 15:26:57,925 [INFO] UserAuth:393 - Internet connection configuration mode: 1
2023-10-23 15:26:57,942 [INFO] JxBrowserEngine:151 - Initiate JxBrowser Engine with user profile folder
2023-10-23 15:26:57,956 [INFO] ServerAccessManage:473 - Download File updaters.zip
2023-10-23 15:26:58,030 [INFO] FileExtend:240 - Unzip File : updaters.zip
2023-10-23 15:26:58,030 [INFO] FileExtend:255 - Standard Zip Deflate
2023-10-23 15:26:58,167 [WARN] MainUpdater:1189 - Updater busy. Cannot search thirdparties
2023-10-23 15:26:58,167 [INFO] ThirdPartyUpdaterWithRetryManager:96 - Updater plugin is busy. [1/15]
2023-10-23 15:26:58,393 [INFO] ServerAccessManage:473 - Download File PacksControlFlags.xml
2023-10-23 15:26:58,476 [INFO] ServerAccessManage:473 - Download File cubemx.pidx
2023-10-23 15:26:59,078 [INFO] ServerAccessManage:473 - Download File STMicroelectronics.X-CUBE-MEMS1.pdsc
2023-10-23 15:26:59,784 [INFO] WebApp:157 - Instantiating new browser for Auth
2023-10-23 15:27:00,194 [INFO] WebApp:753 - Register for checkConnection events
2023-10-23 15:27:00,194 [INFO] WebApp:390 - Apply proxy settings
2023-10-23 15:27:00,194 [INFO] WebApp:475 - Chromium requires no authentication
2023-10-23 15:27:00,200 [INFO] WebApp:418 - Direct internet connection detected
2023-10-23 15:27:00,332 [INFO] WebApp:188 - Starting web application
2023-10-23 15:27:00,332 [INFO] WebApp:520 - Web application path used C:\ST\STM32CubeIDE_1.11.2\STM32CubeIDE\plugins\com.st.stm32cube.common.mx_6.9.2.202309101412\db\plugins\mcufinder\reactClient1\index.html
2023-10-23 15:27:01,164 [WARN] PackLoader:240 - Cannot read IP mode file for STMicroelectronics.X-CUBE-MEMS1.10.0.0
2023-10-23 15:27:01,170 [WARN] MainUpdater:1189 - Updater busy. Cannot search thirdparties
2023-10-23 15:27:01,170 [INFO] ThirdPartyUpdaterWithRetryManager:96 - Updater plugin is busy. [2/15]
2023-10-23 15:27:01,240 [INFO] CheckServerUpdateThread:120 - End of CheckServer Thread
2023-10-23 15:27:01,286 [INFO] PopulateThirdPartyThread:66 - Ending populate Thread
2023-10-23 15:27:01,287 [INFO] ThirdParty:1030 - CMSIS Pack Vendor :STMicroelectronics X-CUBE-MEMS1 10.0.0
2023-10-23 15:27:01,287 [INFO] LoadServerUpdatesThread:373 - End of LoadServerUpdate Thread
2023-10-23 15:27:04,315 [WARN] PackLoader:240 - Cannot read IP mode file for STMicroelectronics.X-CUBE-SMBUS.2.1.0
2023-10-23 15:27:04,338 [WARN] PackLoader:240 - Cannot read IP mode file for STMicroelectronics.X-CUBE-AZRTOS-F7.1.1.0
2023-10-23 15:27:04,350 [WARN] PackLoader:240 - Cannot read IP mode file for STMicroelectronics.FP-SNS-MOTENV1.4.3.2
2023-10-23 15:27:04,361 [WARN] PackLoader:240 - Cannot read IP mode file for STMicroelectronics.X-CUBE-BLE1.6.2.4
2023-10-23 15:27:04,369 [WARN] PackLoader:240 - Cannot read IP mode file for STMicroelectronics.X-CUBE-BLE1.6.2.2
2023-10-23 15:27:04,373 [WARN] PackLoader:240 - Cannot read IP mode file for STMicroelectronics.FP-SNS-FLIGHT1.5.0.2
2023-10-23 15:27:04,382 [WARN] PackLoader:240 - Cannot read IP mode file for STMicroelectronics.X-CUBE-BLE2.3.2.2
2023-10-23 15:27:04,393 [WARN] PackLoader:240 - Cannot read IP mode file for STMicroelectronics.X-CUBE-DISPLAY.3.0.0
2023-10-23 15:27:04,404 [WARN] PackLoader:240 - Cannot read IP mode file for STMicroelectronics.X-CUBE-BLE1.7.0.0
2023-10-23 15:27:04,413 [WARN] PackLoader:240 - Cannot read IP mode file for STMicroelectronics.X-CUBE-TOUCHGFX.4.22.1
2023-10-23 15:27:04,427 [WARN] PackLoader:240 - Cannot read IP mode file for STMicroelectronics.X-CUBE-SUBG2.4.2.0
2023-10-23 15:27:04,438 [WARN] PackLoader:240 - Cannot read IP mode file for STMicroelectronics.FP-SNS-SMARTAG2.1.2.0
2023-10-23 15:27:04,459 [INFO] LogOutputStream:77 - [STDOUT_REDIRECT] 1 : Invalid condition id : UX_CORESTACK_Condition cause : null
2023-10-23 15:27:04,459 [INFO] LogOutputStream:77 - [STDOUT_REDIRECT] 1 : Invalid condition id : UX_CORESTACK_Condition cause : null
2023-10-23 15:27:04,460 [INFO] LogOutputStream:77 - [STDOUT_REDIRECT] 1 : Invalid condition id : UX_CORESTACK_Condition cause : null
2023-10-23 15:27:04,461 [INFO] LogOutputStream:77 - [STDOUT_REDIRECT] 1 : Invalid condition id : UX_CORESTACK_Condition cause : null
2023-10-23 15:27:04,461 [INFO] LogOutputStream:77 - [STDOUT_REDIRECT] 1 : Invalid condition id : UX_CORESTACK_Condition cause : null
2023-10-23 15:27:04,464 [WARN] PackLoader:240 - Cannot read IP mode file for STMicroelectronics.X-CUBE-AZRTOS-WL.2.0.0
2023-10-23 15:27:04,475 [WARN] PackLoader:240 - Cannot read IP mode file for STMicroelectronics.X-CUBE-ALGOBUILD.1.2.1
2023-10-23 15:27:04,487 [WARN] PackLoader:240 - Cannot read IP mode file for WES.I-CUBE-Cesium.1.3.0
2023-10-23 15:27:04,496 [WARN] PackLoader:240 - Cannot read IP mode file for STMicroelectronics.X-CUBE-BLE2.3.3.0
2023-10-23 15:27:04,512 [WARN] PackLoader:240 - Cannot read IP mode file for STMicroelectronics.X-CUBE-TOF1.3.2.0
2023-10-23 15:27:04,523 [WARN] PackLoader:240 - Cannot read IP mode file for STMicroelectronics.X-CUBE-TOUCHGFX.4.18.0
2023-10-23 15:27:04,532 [WARN] PackLoader:240 - Cannot read IP mode file for wolfSSL.I-CUBE-wolfSSL.5.0.0
2023-10-23 15:27:04,540 [WARN] PackLoader:240 - Cannot read IP mode file for STMicroelectronics.X-CUBE-TOUCHGFX.4.21.1
2023-10-23 15:27:04,548 [WARN] PackLoader:240 - Cannot read IP mode file for STMicroelectronics.X-CUBE-ALGOBUILD.1.3.0
2023-10-23 15:27:04,568 [WARN] PackLoader:240 - Cannot read IP mode file for STMicroelectronics.X-CUBE-AZRTOS-G0.1.1.0
2023-10-23 15:27:04,578 [WARN] PackLoader:240 - Cannot read IP mode file for STMicroelectronics.X-CUBE-NFC4.3.0.0
2023-10-23 15:27:04,606 [WARN] PackLoader:240 - Cannot read IP mode file for SEGGER.I-CUBE-embOS.1.2.0
2023-10-23 15:27:04,634 [WARN] PackLoader:240 - Cannot read IP mode file for STMicroelectronics.X-CUBE-BLEMGR.1.3.0
2023-10-23 15:27:04,656 [WARN] PackLoader:240 - Cannot read IP mode file for STMicroelectronics.X-CUBE-AZRTOS-H7.2.0.0
2023-10-23 15:27:04,660 [WARN] PackLoader:240 - Cannot read IP mode file for STMicroelectronics.FP-ATR-SIGFOX1.3.2.0
2023-10-23 15:27:04,694 [WARN] PackLoader:240 - Cannot read IP mode file for STMicroelectronics.X-CUBE-MEMS1.9.5.0
2023-10-23 15:27:04,795 [WARN] PackLoader:240 - Cannot read IP mode file for SEGGER.I-CUBE-embOS.1.3.1
2023-10-23 15:27:04,820 [WARN] PackLoader:240 - Cannot read IP mode file for STMicroelectronics.X-CUBE-DISPLAY.2.0.0
2023-10-23 15:27:04,830 [WARN] PackLoader:240 - Cannot read IP mode file for STMicroelectronics.X-CUBE-GNSS1.6.0.0
2023-10-23 15:27:04,853 [WARN] PackLoader:240 - Cannot read IP mode file for STMicroelectronics.X-CUBE-AZRTOS-F4.1.1.0
2023-10-23 15:27:04,873 [WARN] PackLoader:240 - Cannot read IP mode file for STMicroelectronics.X-CUBE-AZRTOS-L5.2.0.0
2023-10-23 15:27:04,906 [WARN] PackLoader:240 - Cannot read IP mode file for STMicroelectronics.X-CUBE-MEMS1.9.6.0
2023-10-23 15:27:04,979 [WARN] PackLoader:240 - Cannot read IP mode file for ITTIA_DB.I-CUBE-ITTIADB.8.8.0
2023-10-23 15:27:04,989 [WARN] PackLoader:240 - Cannot read IP mode file for emotas.I-CUBE-CANOPEN.1.1.3
2023-10-23 15:27:04,999 [WARN] PackLoader:240 - Cannot read IP mode file for STMicroelectronics.X-CUBE-BLEMGR.2.0.0
2023-10-23 15:27:05,009 [WARN] PackLoader:240 - Cannot read IP mode file for STMicroelectronics.X-CUBE-NFC4.2.0.3
2023-10-23 15:27:05,028 [WARN] ConditionMgr:438 - getConditionDescription Invalid condition id : UX DEVICE CLASS RTOS Condition cause : null
2023-10-23 15:27:05,028 [WARN] ConditionMgr:438 - getConditionDescription Invalid condition id : UX DEVICE CLASS RTOS Condition cause : null
2023-10-23 15:27:05,030 [WARN] PackLoader:240 - Cannot read IP mode file for STMicroelectronics.X-CUBE-AZRTOS-H7.3.1.0
2023-10-23 15:27:05,030 [WARN] ConditionMgr:1039 - genDependencies : Invalid condition id : UX DEVICE CLASS RTOS Condition cause : null
2023-10-23 15:27:05,030 [WARN] ConditionMgr:1039 - genDependencies : Invalid condition id : UX DEVICE CLASS RTOS Condition cause : null
2023-10-23 15:27:05,031 [WARN] ConditionMgr:1039 - genDependencies : Invalid condition id : UX DEVICE CLASS RTOS Condition cause : null
2023-10-23 15:27:05,031 [WARN] ConditionMgr:1039 - genDependencies : Invalid condition id : UX DEVICE CLASS RTOS Condition cause : null
2023-10-23 15:27:05,031 [WARN] ConditionMgr:1039 - genDependencies : Invalid condition id : UX DEVICE CLASS RTOS Condition cause : null
2023-10-23 15:27:05,047 [WARN] PackLoader:240 - Cannot read IP mode file for STMicroelectronics.X-CUBE-SFXS2LP1.3.1.0
2023-10-23 15:27:05,067 [WARN] PackLoader:240 - Cannot read IP mode file for STMicroelectronics.X-CUBE-AZRTOS-F4.1.0.0
2023-10-23 15:27:05,077 [WARN] PackLoader:240 - Cannot read IP mode file for STMicroelectronics.X-CUBE-TOF1.2.0.0
2023-10-23 15:27:05,087 [WARN] PackLoader:240 - Cannot read IP mode file for STMicroelectronics.X-CUBE-NFC7.1.0.1
2023-10-23 15:27:05,095 [WARN] PackLoader:240 - Cannot read IP mode file for STMicroelectronics.X-CUBE-NFC7.1.0.0
2023-10-23 15:27:05,105 [WARN] PackLoader:240 - Cannot read IP mode file for STMicroelectronics.X-CUBE-NFC6.3.0.0
2023-10-23 15:27:05,115 [WARN] PackLoader:240 - Cannot read IP mode file for STMicroelectronics.X-CUBE-EEPRMA1.4.1.0
2023-10-23 15:27:05,124 [WARN] PackLoader:240 - Cannot read IP mode file for STMicroelectronics.X-CUBE-AI.8.1.0
2023-10-23 15:27:05,144 [WARN] ConditionMgr:438 - getConditionDescription Invalid condition id : LAN8742 Phy interface Condition cause : null
2023-10-23 15:27:05,145 [WARN] PackLoader:240 - Cannot read IP mode file for STMicroelectronics.X-CUBE-AZRTOS-L4.2.0.0
2023-10-23 15:27:05,145 [WARN] ConditionMgr:1039 - genDependencies : Invalid condition id : LAN8742 Phy interface Condition cause : null
2023-10-23 15:27:05,146 [WARN] ConditionMgr:1039 - genDependencies : Invalid condition id : LAN8742 Phy interface Condition cause : null
2023-10-23 15:27:05,146 [WARN] ConditionMgr:1039 - genDependencies : Invalid condition id : LAN8742 Phy interface Condition cause : null
2023-10-23 15:27:05,156 [WARN] PackLoader:240 - Cannot read IP mode file for STMicroelectronics.X-CUBE-SFXS2LP1.4.0.0
2023-10-23 15:27:05,176 [WARN] PackLoader:240 - Cannot read IP mode file for STMicroelectronics.X-CUBE-AZRTOS-H7.3.0.0
2023-10-23 15:27:05,187 [WARN] PackLoader:240 - Cannot read IP mode file for STMicroelectronics.X-CUBE-ISPU.1.1.0
2023-10-23 15:27:05,199 [WARN] PackLoader:240 - Cannot read IP mode file for RoweBots.I-CUBE-UNISONRTOS.5.5.0-4
2023-10-23 15:27:05,207 [WARN] PackLoader:240 - Cannot read IP mode file for STMicroelectronics.X-CUBE-AI.8.0.0
2023-10-23 15:27:05,224 [WARN] ConditionMgr:438 - getConditionDescription Invalid condition id : UX DEVICE CLASS RTOS Condition cause : null
2023-10-23 15:27:05,225 [WARN] ConditionMgr:438 - getConditionDescription Invalid condition id : UX DEVICE CLASS RTOS Condition cause : null
2023-10-23 15:27:05,225 [WARN] PackLoader:240 - Cannot read IP mode file for STMicroelectronics.X-CUBE-AZRTOS-WB.2.0.0
2023-10-23 15:27:05,226 [WARN] ConditionMgr:1039 - genDependencies : Invalid condition id : UX DEVICE CLASS RTOS Condition cause : null
2023-10-23 15:27:05,226 [WARN] ConditionMgr:1039 - genDependencies : Invalid condition id : UX DEVICE CLASS RTOS Condition cause : null
2023-10-23 15:27:05,226 [WARN] ConditionMgr:1039 - genDependencies : Invalid condition id : UX DEVICE CLASS RTOS Condition cause : null
2023-10-23 15:27:05,226 [WARN] ConditionMgr:1039 - genDependencies : Invalid condition id : UX DEVICE CLASS RTOS Condition cause : null
2023-10-23 15:27:05,226 [WARN] ConditionMgr:1039 - genDependencies : Invalid condition id : UX DEVICE CLASS RTOS Condition cause : null
2023-10-23 15:27:05,244 [WARN] PackLoader:240 - Cannot read IP mode file for STMicroelectronics.X-CUBE-AZRTOS-L5.1.1.0
2023-10-23 15:27:05,258 [WARN] PackLoader:240 - Cannot read IP mode file for STMicroelectronics.X-CUBE-SUBG2.5.0.0
2023-10-23 15:27:05,276 [WARN] PackLoader:240 - Cannot read IP mode file for STMicroelectronics.X-CUBE-TOF1.3.3.1
2023-10-23 15:27:05,300 [WARN] PackLoader:240 - Cannot read IP mode file for STMicroelectronics.X-CUBE-AZRTOS-G4.2.0.0
2023-10-23 15:27:05,311 [WARN] PackLoader:240 - Cannot read IP mode file for STMicroelectronics.FP-ATR-ASTRA1.1.1.1
2023-10-23 15:27:05,327 [WARN] PackLoader:240 - Cannot read IP mode file for Infineon.AIROC-Wi-Fi-Bluetooth-STM32.1.5.1
2023-10-23 15:27:05,345 [WARN] PackLoader:240 - Cannot read IP mode file for STMicroelectronics.X-CUBE-AZRTOS-G4.1.0.0
2023-10-23 15:27:05,365 [WARN] PackLoader:240 - Cannot read IP mode file for STMicroelectronics.X-CUBE-AZRTOS-L4.1.0.0
2023-10-23 15:27:05,387 [WARN] PackLoader:240 - Cannot read IP mode file for STMicroelectronics.X-CUBE-MEMS1.10.0.0
2023-10-23 15:27:05,460 [WARN] PackLoader:240 - Cannot read IP mode file for STMicroelectronics.X-CUBE-FREERTOS.1.1.0
2023-10-23 15:27:05,479 [WARN] PackLoader:240 - Cannot read IP mode file for STMicroelectronics.X-CUBE-AZRTOS-F7.1.0.0
2023-10-23 15:27:05,495 [WARN] PackLoader:240 - Cannot read IP mode file for STMicroelectronics.X-CUBE-AZRTOS-WL.1.0.0
2023-10-23 15:27:05,524 [WARN] PackLoader:240 - Cannot read IP mode file for STMicroelectronics.X-CUBE-MEMS1.9.1.0
2023-10-23 15:27:05,589 [WARN] PackLoader:240 - Cannot read IP mode file for portGmbH.I-Cube-SoM-uGOAL.1.1.0
2023-10-23 15:27:05,597 [WARN] PackLoader:240 - Cannot read IP mode file for STMicroelectronics.X-CUBE-ALS.1.0.1
2023-10-23 15:27:05,606 [WARN] PackLoader:240 - Cannot read IP mode file for STMicroelectronics.X-CUBE-AI.7.0.0
2023-10-23 15:27:05,621 [WARN] PackLoader:240 - Cannot read IP mode file for STMicroelectronics.X-CUBE-AZRTOS-WB.1.1.0
2023-10-23 15:27:05,640 [WARN] PackLoader:240 - Cannot read IP mode file for STMicroelectronics.X-CUBE-AZRTOS-L5.1.0.0
2023-10-23 15:27:05,650 [WARN] PackLoader:240 - Cannot read IP mode file for STMicroelectronics.X-CUBE-EEPRMA1.3.1.0
2023-10-23 15:27:05,660 [WARN] PackLoader:240 - Cannot read IP mode file for STMicroelectronics.X-CUBE-GNSS1.5.2.0
2023-10-23 15:27:05,663 [WARN] PackLoader:240 - Cannot read IP mode file for STMicroelectronics.FP-ATR-ASTRA1.2.0.0
2023-10-23 15:27:05,664 [INFO] ThirdParty:978 - Integrity check success = true
2023-10-23 15:27:05,664 [INFO] IntegrityCheckThread:100 - exiting critical section [integrity check]
2023-10-23 15:27:05,664 [INFO] IntegrityCheckThread:103 - End integrity checks thread
2023-10-23 15:27:20,954 [ERROR] LogOutputStream:75 - [STDERR_REDIRECT] SLF4J: Failed to load class "org.slf4j.impl.StaticLoggerBinder".
2023-10-23 15:27:20,955 [ERROR] LogOutputStream:75 - [STDERR_REDIRECT] SLF4J: Defaulting to no-operation (NOP) logger implementation
2023-10-23 15:27:20,955 [ERROR] LogOutputStream:75 - [STDERR_REDIRECT] SLF4J: See http://www.slf4j.org/codes.html#StaticLoggerBinder for further details.
2023-10-23 17:12:32,273 [ERROR] LogOutputStream:75 - [STDERR_REDIRECT] 
