2023-10-12 15:29:08,700 [INFO] Activator:176 - 


2023-10-12 15:29:08,706 [INFO] Activator:177 - !SESSION log4j initialized
2023-10-12 15:29:14,328 [INFO] LogOutputStream:77 - [STDOUT_REDIRECT] 
2023-10-12 15:29:33,609 [ERROR] LogOutputStream:75 - [STDERR_REDIRECT] SLF4J: Failed to load class "org.slf4j.impl.StaticLoggerBinder".
2023-10-12 15:29:33,610 [ERROR] LogOutputStream:75 - [STDERR_REDIRECT] SLF4J: Defaulting to no-operation (NOP) logger implementation
2023-10-12 15:29:33,611 [ERROR] LogOutputStream:75 - [STDERR_REDIRECT] SLF4J: See http://www.slf4j.org/codes.html#StaticLoggerBinder for further details.
2023-10-12 15:38:37,853 [INFO] Activator:176 - 


2023-10-12 15:38:37,854 [INFO] Activator:177 - !SESSION log4j initialized
2023-10-12 15:38:43,561 [INFO] LogOutputStream:77 - [STDOUT_REDIRECT] 
2023-10-12 15:38:48,961 [INFO] ApplicationProperties:184 - Using Application install path: C:\ST\STM32CubeIDE_1.11.2\STM32CubeIDE\plugins\com.st.stm32cube.common.mx_6.9.2.202309101412
2023-10-12 15:38:48,974 [INFO] DbMcusXml:78 - Set database path to: C:\ST\STM32CubeIDE_1.11.2\STM32CubeIDE\plugins\com.st.stm32cube.common.mx_6.9.2.202309101412\\db\/mcu/
2023-10-12 15:38:48,974 [INFO] ApiDb:274 - Set plugin database path to: C:\ST\STM32CubeIDE_1.11.2\STM32CubeIDE\plugins\com.st.stm32cube.common.mx_6.9.2.202309101412\\db\/plugins/boardmanager/
2023-10-12 15:38:48,974 [WARN] ApiDb:259 - Overriding images path with different value:  => C:\ST\STM32CubeIDE_1.11.2\STM32CubeIDE\plugins\com.st.stm32cube.common.mx_6.9.2.202309101412\\db\/plugins/mcufinder/images/
2023-10-12 15:38:49,981 [INFO] ApiDb:250 - Set database path to: C:\Users\Alec\.stmcufinder\plugins\mcufinder//mcu/
2023-10-12 15:38:49,982 [INFO] DbMcusAds:125 - Set database path to: C:\Users\Alec\.stmcufinder\plugins\mcufinder//mcu/
2023-10-12 15:38:49,984 [INFO] CrossReferenceDbSqlite:203 - Set database path to: C:\Users\Alec\.stmcufinder\plugins\mcufinder//mcu/cs/
2023-10-12 15:38:50,064 [INFO] RulesReader:64 - Compatibility file has been processed (293 Rules)
2023-10-12 15:38:50,129 [INFO] DbMcusXml:78 - Set database path to: C:\ST\STM32CubeIDE_1.11.2\STM32CubeIDE\plugins\com.st.stm32cube.common.mx_6.9.2.202309101412\\db\/mcu/
2023-10-12 15:38:50,130 [INFO] ApiDb:274 - Set plugin database path to: C:\ST\STM32CubeIDE_1.11.2\STM32CubeIDE\plugins\com.st.stm32cube.common.mx_6.9.2.202309101412\\db\/plugins/boardmanager/
2023-10-12 15:38:50,130 [INFO] ApiDb:261 - Set plugin images path to: C:\ST\STM32CubeIDE_1.11.2\STM32CubeIDE\plugins\com.st.stm32cube.common.mx_6.9.2.202309101412\\db\/plugins/mcufinder/images/
2023-10-12 15:38:50,130 [WARN] DbFile:41 - Overriding database path with different value: C:\Users\Alec\.stmcufinder\plugins\mcufinder/ => C:\Users\Alec\.stmcufinder\plugins\mcufinder
2023-10-12 15:38:50,130 [INFO] ApiDb:250 - Set database path to: C:\Users\Alec\.stmcufinder\plugins\mcufinder//mcu/
2023-10-12 15:38:50,130 [WARN] DbFile:41 - Overriding database path with different value: C:\Users\Alec\.stmcufinder\plugins\mcufinder/ => C:\Users\Alec\.stmcufinder\plugins\mcufinder
2023-10-12 15:38:50,130 [INFO] DbMcusAds:125 - Set database path to: C:\Users\Alec\.stmcufinder\plugins\mcufinder//mcu/
2023-10-12 15:38:50,130 [WARN] DbFile:41 - Overriding database path with different value: C:\Users\Alec\.stmcufinder\plugins\mcufinder/ => C:\Users\Alec\.stmcufinder\plugins\mcufinder
2023-10-12 15:38:50,130 [WARN] DbFile:41 - Overriding database path with different value: C:\Users\Alec\.stmcufinder\plugins\mcufinder/ => C:\Users\Alec\.stmcufinder\plugins\mcufinder
2023-10-12 15:38:50,130 [INFO] CrossReferenceDbSqlite:203 - Set database path to: C:\Users\Alec\.stmcufinder\plugins\mcufinder//mcu/cs/
2023-10-12 15:38:50,199 [INFO] MainPanel:262 - HeapMemory: 268435456
2023-10-12 15:38:50,265 [INFO] DbMcusXml:78 - Set database path to: C:\ST\STM32CubeIDE_1.11.2\STM32CubeIDE\plugins\com.st.stm32cube.common.mx_6.9.2.202309101412\\db\/mcu/
2023-10-12 15:38:50,265 [INFO] ApiDb:274 - Set plugin database path to: C:\ST\STM32CubeIDE_1.11.2\STM32CubeIDE\plugins\com.st.stm32cube.common.mx_6.9.2.202309101412\\db\/plugins/boardmanager/
2023-10-12 15:38:50,265 [INFO] ApiDb:261 - Set plugin images path to: C:\ST\STM32CubeIDE_1.11.2\STM32CubeIDE\plugins\com.st.stm32cube.common.mx_6.9.2.202309101412\\db\/plugins/mcufinder/images/
2023-10-12 15:38:50,266 [WARN] DbFile:41 - Overriding database path with different value: C:\Users\Alec\.stmcufinder\plugins\mcufinder/ => C:\Users\Alec\.stmcufinder\plugins\mcufinder
2023-10-12 15:38:50,266 [INFO] ApiDb:250 - Set database path to: C:\Users\Alec\.stmcufinder\plugins\mcufinder//mcu/
2023-10-12 15:38:50,266 [WARN] DbFile:41 - Overriding database path with different value: C:\Users\Alec\.stmcufinder\plugins\mcufinder/ => C:\Users\Alec\.stmcufinder\plugins\mcufinder
2023-10-12 15:38:50,266 [INFO] DbMcusAds:125 - Set database path to: C:\Users\Alec\.stmcufinder\plugins\mcufinder//mcu/
2023-10-12 15:38:50,266 [WARN] DbFile:41 - Overriding database path with different value: C:\Users\Alec\.stmcufinder\plugins\mcufinder/ => C:\Users\Alec\.stmcufinder\plugins\mcufinder
2023-10-12 15:38:50,266 [WARN] DbFile:41 - Overriding database path with different value: C:\Users\Alec\.stmcufinder\plugins\mcufinder/ => C:\Users\Alec\.stmcufinder\plugins\mcufinder
2023-10-12 15:38:50,266 [INFO] CrossReferenceDbSqlite:203 - Set database path to: C:\Users\Alec\.stmcufinder\plugins\mcufinder//mcu/cs/
2023-10-12 15:38:50,280 [INFO] ApplicationProperties:184 - Using Application install path: C:\ST\STM32CubeIDE_1.11.2\STM32CubeIDE\plugins\com.st.stm32cube.common.mx_6.9.2.202309101412
2023-10-12 15:38:50,282 [INFO] PluginManage:196 - Search for loadable plugins [exclusion list=, ]
2023-10-12 15:38:50,284 [INFO] PluginManage:310 - Check plugin analytics
2023-10-12 15:38:54,933 [INFO] AnalyticsPlugin:253 - Accepted Software Licenses: 
2023-10-12 15:38:54,933 [INFO] AnalyticsPlugin:255 - Accepted CMSIS Pack Licenses: 
2023-10-12 15:38:54,933 [INFO] AnalyticsPlugin:257 - Accepted Firmware Licenses: 
2023-10-12 15:38:54,935 [INFO] PluginManage:359 - Loaded plugin analytics (category:tool,tabindex:-1)
2023-10-12 15:38:54,935 [INFO] PluginManage:310 - Check plugin cadmodel
2023-10-12 15:38:54,939 [INFO] CADModel:105 - Init CAD model plugin
2023-10-12 15:38:54,939 [INFO] PluginManage:359 - Loaded plugin cadmodel (category:power,tabindex:5)
2023-10-12 15:38:54,939 [INFO] PluginManage:310 - Check plugin clock
2023-10-12 15:38:54,952 [INFO] PluginManage:359 - Loaded plugin clock (category:base,tabindex:2)
2023-10-12 15:38:54,952 [INFO] PluginManage:310 - Check plugin ddr
2023-10-12 15:38:54,953 [INFO] PluginManage:359 - Loaded plugin ddr (category:tool,tabindex:6)
2023-10-12 15:38:54,954 [INFO] PluginManage:310 - Check plugin filemanager
2023-10-12 15:38:55,054 [INFO] PluginManage:359 - Loaded plugin filemanager (category:base,tabindex:10)
2023-10-12 15:38:55,054 [INFO] PluginManage:310 - Check plugin ipmanager
2023-10-12 15:38:55,064 [INFO] PluginManage:359 - Loaded plugin ipmanager (category:base,tabindex:5)
2023-10-12 15:38:55,064 [INFO] PluginManage:310 - Check plugin lpbam
2023-10-12 15:38:55,071 [INFO] PluginManage:359 - Loaded plugin lpbam (category:base,tabindex:0)
2023-10-12 15:38:55,071 [INFO] PluginManage:310 - Check plugin memorymap
2023-10-12 15:38:55,078 [INFO] PluginManage:359 - Loaded plugin memorymap (category:base,tabindex:4)
2023-10-12 15:38:55,078 [INFO] PluginManage:310 - Check plugin pinoutandconfiguration
2023-10-12 15:38:55,082 [INFO] PluginManage:359 - Loaded plugin pinoutandconfiguration (category:base,tabindex:1)
2023-10-12 15:38:55,082 [INFO] PluginManage:310 - Check plugin pinoutconfig
2023-10-12 15:38:55,143 [WARN] SupportedApi:132 - Cannot load RTOS API schema: s4s-elt-must-match.1: The content of 'definitions' must match (annotation?, (simpleType | complexType)?, (unique | key | keyref)*)). A problem was found starting at: attribute.
2023-10-12 15:38:55,245 [INFO] PluginManage:359 - Loaded plugin pinoutconfig (category:base,tabindex:0)
2023-10-12 15:38:55,246 [INFO] PluginManage:310 - Check plugin power
2023-10-12 15:38:55,253 [INFO] PluginManage:359 - Loaded plugin power (category:power,tabindex:4)
2023-10-12 15:38:55,253 [INFO] PluginManage:310 - Check plugin projectmanager
2023-10-12 15:38:55,266 [INFO] PluginManage:359 - Loaded plugin projectmanager (category:projectmanager,tabindex:3)
2023-10-12 15:38:55,266 [INFO] PluginManage:310 - Check plugin thirdparty
2023-10-12 15:38:55,366 [INFO] PluginManage:359 - Loaded plugin thirdparty (category:base,tabindex:-1)
2023-10-12 15:38:55,367 [INFO] PluginManage:310 - Check plugin tools
2023-10-12 15:38:55,367 [WARN] IntegrityCheckThread:84 - waiting for thirdparty lock release [integrity check]
2023-10-12 15:38:55,367 [INFO] IntegrityCheckThread:86 - entering critical section [integrity check]
2023-10-12 15:38:55,367 [INFO] ThirdPartyUpdaterWithRetryManager:70 - Updater plugin not ready yet. [1/15]
2023-10-12 15:38:55,368 [INFO] PluginManage:359 - Loaded plugin tools (category:base,tabindex:7)
2023-10-12 15:38:55,368 [INFO] PluginManage:310 - Check plugin tutovideos
2023-10-12 15:38:55,510 [INFO] PluginManage:359 - Loaded plugin tutovideos (category:base,tabindex:-1)
2023-10-12 15:38:55,510 [INFO] PluginManage:310 - Check plugin updater
2023-10-12 15:38:55,517 [INFO] PluginManage:359 - Loaded plugin updater (category:base,tabindex:12)
2023-10-12 15:38:55,517 [INFO] PluginManage:310 - Check plugin userauth
2023-10-12 15:38:55,521 [INFO] UserAuth:113 - Init User Auth plugin
2023-10-12 15:38:55,521 [INFO] PluginManage:359 - Loaded plugin userauth (category:base,tabindex:14)
2023-10-12 15:38:55,521 [INFO] PluginManage:283 - PluginManage : Loaded plugins [17]
2023-10-12 15:38:55,666 [INFO] PinOutPanel:1499 - setPackage(No Configuration,No Configuration)
2023-10-12 15:38:55,746 [INFO] CADModel:165 - CPN selected for project level
2023-10-12 15:38:55,746 [INFO] CADModel:114 - Register for checkConnection events
2023-10-12 15:38:55,758 [INFO] IPUIPlugin:80 - create IPUIPlugin
2023-10-12 15:38:55,758 [INFO] PluginManager:220 - loadIPPluginJar : add adc
2023-10-12 15:38:55,760 [INFO] IPUIPlugin:80 - create IPUIPlugin
2023-10-12 15:38:55,760 [INFO] PluginManager:220 - loadIPPluginJar : add aes
2023-10-12 15:38:55,762 [INFO] IPUIPlugin:80 - create IPUIPlugin
2023-10-12 15:38:55,762 [INFO] PluginManager:220 - loadIPPluginJar : add can
2023-10-12 15:38:55,763 [INFO] IPUIPlugin:80 - create IPUIPlugin
2023-10-12 15:38:55,763 [INFO] PluginManager:220 - loadIPPluginJar : add comp
2023-10-12 15:38:55,765 [INFO] IPUIPlugin:80 - create IPUIPlugin
2023-10-12 15:38:55,765 [INFO] PluginManager:220 - loadIPPluginJar : add cryp
2023-10-12 15:38:55,767 [INFO] IPUIPlugin:80 - create IPUIPlugin
2023-10-12 15:38:55,767 [INFO] PluginManager:220 - loadIPPluginJar : add dfsdm
2023-10-12 15:38:55,771 [INFO] IPUIPlugin:80 - create IPUIPlugin
2023-10-12 15:38:55,772 [INFO] PluginManager:220 - loadIPPluginJar : add dma
2023-10-12 15:38:55,774 [INFO] IPUIPlugin:80 - create IPUIPlugin
2023-10-12 15:38:55,774 [INFO] PluginManager:220 - loadIPPluginJar : add dma3
2023-10-12 15:38:55,775 [INFO] IPUIPlugin:80 - create IPUIPlugin
2023-10-12 15:38:55,775 [INFO] PluginManager:220 - loadIPPluginJar : add fatfs
2023-10-12 15:38:55,778 [INFO] IPUIPlugin:80 - create IPUIPlugin
2023-10-12 15:38:55,778 [INFO] PluginManager:220 - loadIPPluginJar : add fmc
2023-10-12 15:38:55,783 [INFO] IPUIPlugin:80 - create IPUIPlugin
2023-10-12 15:38:55,783 [INFO] PluginManager:220 - loadIPPluginJar : add freertos
2023-10-12 15:38:55,784 [INFO] IPUIPlugin:80 - create IPUIPlugin
2023-10-12 15:38:55,784 [INFO] PluginManager:220 - loadIPPluginJar : add genericplugin
2023-10-12 15:38:55,786 [INFO] IPUIPlugin:80 - create IPUIPlugin
2023-10-12 15:38:55,786 [INFO] PluginManager:220 - loadIPPluginJar : add gfxmmu
2023-10-12 15:38:55,789 [INFO] IPUIPlugin:80 - create IPUIPlugin
2023-10-12 15:38:55,789 [INFO] PluginManager:220 - loadIPPluginJar : add gic
2023-10-12 15:38:55,792 [INFO] IPUIPlugin:80 - create IPUIPlugin
2023-10-12 15:38:55,792 [INFO] PluginManager:220 - loadIPPluginJar : add gpio
2023-10-12 15:38:55,794 [INFO] IPUIPlugin:80 - create IPUIPlugin
2023-10-12 15:38:55,795 [INFO] PluginManager:220 - loadIPPluginJar : add gtzc
2023-10-12 15:38:55,796 [INFO] IPUIPlugin:80 - create IPUIPlugin
2023-10-12 15:38:55,797 [INFO] PluginManager:220 - loadIPPluginJar : add hash
2023-10-12 15:38:55,798 [INFO] IPUIPlugin:80 - create IPUIPlugin
2023-10-12 15:38:55,798 [INFO] PluginManager:220 - loadIPPluginJar : add i2c
2023-10-12 15:38:55,801 [INFO] IPUIPlugin:80 - create IPUIPlugin
2023-10-12 15:38:55,801 [INFO] PluginManager:220 - loadIPPluginJar : add i2s
2023-10-12 15:38:55,803 [INFO] IPUIPlugin:80 - create IPUIPlugin
2023-10-12 15:38:55,803 [INFO] PluginManager:220 - loadIPPluginJar : add i3c
2023-10-12 15:38:55,805 [INFO] IPUIPlugin:80 - create IPUIPlugin
2023-10-12 15:38:55,805 [INFO] PluginManager:220 - loadIPPluginJar : add ipddr
2023-10-12 15:38:55,809 [INFO] IPUIPlugin:80 - create IPUIPlugin
2023-10-12 15:38:55,810 [INFO] PluginManager:220 - loadIPPluginJar : add linkedlist
2023-10-12 15:38:55,811 [INFO] IPUIPlugin:80 - create IPUIPlugin
2023-10-12 15:38:55,811 [INFO] PluginManager:220 - loadIPPluginJar : add lorawan
2023-10-12 15:38:55,812 [INFO] IPUIPlugin:80 - create IPUIPlugin
2023-10-12 15:38:55,813 [INFO] PluginManager:220 - loadIPPluginJar : add ltdc
2023-10-12 15:38:55,817 [INFO] IPUIPlugin:80 - create IPUIPlugin
2023-10-12 15:38:55,817 [INFO] PluginManager:220 - loadIPPluginJar : add mdma
2023-10-12 15:38:55,820 [INFO] IPUIPlugin:80 - create IPUIPlugin
2023-10-12 15:38:55,820 [INFO] PluginManager:220 - loadIPPluginJar : add nvic
2023-10-12 15:38:55,822 [INFO] IPUIPlugin:80 - create IPUIPlugin
2023-10-12 15:38:55,822 [INFO] PluginManager:220 - loadIPPluginJar : add opamp
2023-10-12 15:38:55,824 [INFO] IPUIPlugin:80 - create IPUIPlugin
2023-10-12 15:38:55,824 [INFO] PluginManager:220 - loadIPPluginJar : add openamp
2023-10-12 15:38:55,826 [INFO] IPUIPlugin:80 - create IPUIPlugin
2023-10-12 15:38:55,826 [INFO] PluginManager:220 - loadIPPluginJar : add pdm2pcm
2023-10-12 15:38:55,830 [INFO] IPUIPlugin:80 - create IPUIPlugin
2023-10-12 15:38:55,832 [INFO] PluginManager:220 - loadIPPluginJar : add plateformsettings
2023-10-12 15:38:55,833 [INFO] IPUIPlugin:80 - create IPUIPlugin
2023-10-12 15:38:55,833 [INFO] PluginManager:220 - loadIPPluginJar : add quadspi
2023-10-12 15:38:55,835 [INFO] IPUIPlugin:80 - create IPUIPlugin
2023-10-12 15:38:55,835 [INFO] PluginManager:220 - loadIPPluginJar : add resmgrutility
2023-10-12 15:38:55,837 [INFO] IPUIPlugin:80 - create IPUIPlugin
2023-10-12 15:38:55,837 [INFO] PluginManager:220 - loadIPPluginJar : add sai
2023-10-12 15:38:55,839 [INFO] IPUIPlugin:80 - create IPUIPlugin
2023-10-12 15:38:55,839 [INFO] PluginManager:220 - loadIPPluginJar : add spi
2023-10-12 15:38:55,842 [INFO] IPUIPlugin:80 - create IPUIPlugin
2023-10-12 15:38:55,842 [INFO] PluginManager:220 - loadIPPluginJar : add stm32_wpan
2023-10-12 15:38:55,843 [INFO] IPUIPlugin:80 - create IPUIPlugin
2023-10-12 15:38:55,843 [INFO] PluginManager:220 - loadIPPluginJar : add tim
2023-10-12 15:38:55,845 [INFO] IPUIPlugin:80 - create IPUIPlugin
2023-10-12 15:38:55,845 [INFO] PluginManager:220 - loadIPPluginJar : add touchsensing
2023-10-12 15:38:55,846 [INFO] IPUIPlugin:80 - create IPUIPlugin
2023-10-12 15:38:55,846 [INFO] PluginManager:220 - loadIPPluginJar : add tracer_emb
2023-10-12 15:38:55,847 [INFO] IPUIPlugin:80 - create IPUIPlugin
2023-10-12 15:38:55,847 [INFO] PluginManager:220 - loadIPPluginJar : add ts
2023-10-12 15:38:55,848 [INFO] IPUIPlugin:80 - create IPUIPlugin
2023-10-12 15:38:55,848 [INFO] PluginManager:220 - loadIPPluginJar : add tsc
2023-10-12 15:38:55,849 [INFO] IPUIPlugin:80 - create IPUIPlugin
2023-10-12 15:38:55,849 [INFO] PluginManager:220 - loadIPPluginJar : add ucpd
2023-10-12 15:38:55,851 [INFO] IPUIPlugin:80 - create IPUIPlugin
2023-10-12 15:38:55,851 [INFO] PluginManager:220 - loadIPPluginJar : add usart
2023-10-12 15:38:55,853 [INFO] IPUIPlugin:80 - create IPUIPlugin
2023-10-12 15:38:55,853 [INFO] PluginManager:220 - loadIPPluginJar : add usbx
2023-10-12 15:38:55,967 [INFO] CADModel:165 - CPN selected for project level
2023-10-12 15:38:55,967 [INFO] CADModel:114 - Register for checkConnection events
2023-10-12 15:38:55,967 [FATAL] Updater:308 - Updater called before beeing initialized
2023-10-12 15:38:55,967 [ERROR] CADModel:125 - Updater not yet initialized, retry later 
2023-10-12 15:38:56,076 [INFO] CADModel:165 - CPN selected for project level
2023-10-12 15:38:56,076 [INFO] CADModel:114 - Register for checkConnection events
2023-10-12 15:38:56,077 [FATAL] Updater:308 - Updater called before beeing initialized
2023-10-12 15:38:56,077 [ERROR] CADModel:125 - Updater not yet initialized, retry later 
2023-10-12 15:38:56,079 [FATAL] Updater:308 - Updater called before beeing initialized
2023-10-12 15:38:56,196 [FATAL] Updater:308 - Updater called before beeing initialized
2023-10-12 15:38:56,201 [INFO] DbMcusAds:53 - JSON generation date=Thu Sep 30 00:55:09 MDT 2021 (1632984909247)
2023-10-12 15:38:56,201 [FATAL] Updater:308 - Updater called before beeing initialized
2023-10-12 15:38:56,234 [WARN] DetailPanel:346 - Failed to get advertising image, set to default
2023-10-12 15:38:56,320 [FATAL] Updater:308 - Updater called before beeing initialized
2023-10-12 15:38:56,321 [FATAL] Updater:308 - Updater called before beeing initialized
2023-10-12 15:38:56,321 [FATAL] Updater:308 - Updater called before beeing initialized
2023-10-12 15:38:56,321 [WARN] DetailPanel:346 - Failed to get advertising image, set to default
2023-10-12 15:38:56,322 [FATAL] Updater:308 - Updater called before beeing initialized
2023-10-12 15:38:56,353 [ERROR] Updater:1120 - MainUpdater not yet initialized. External WinMGr cannot be set.
2023-10-12 15:38:56,354 [INFO] Updater:1056 - Updater Version found : 6.9.2
2023-10-12 15:38:56,365 [INFO] ApplicationProperties:184 - Using Application install path: C:\ST\STM32CubeIDE_1.11.2\STM32CubeIDE\plugins\com.st.stm32cube.common.mx_6.9.2.202309101412
2023-10-12 15:38:56,405 [INFO] MainUpdater:521 - Copy updater definitions from MX database
2023-10-12 15:38:56,648 [INFO] MainUpdater:2868 - connection check result : 10
2023-10-12 15:38:56,648 [INFO] MainUpdater:3562 - Updater definition file requires update
2023-10-12 15:38:56,649 [INFO] MainUpdater:285 - Updater Check For Update Now.
2023-10-12 15:38:56,649 [INFO] MicroXplorer:498 - Change Database Version : DB.6.0.92
2023-10-12 15:38:56,655 [INFO] McuFinderGlobals:63 - Set McuFinder mode to 2 (CubeIDE integrated)
2023-10-12 15:38:56,655 [INFO] UserAuth:179 - activating auth plugin
2023-10-12 15:38:56,657 [INFO] UserAuth:393 - Internet connection configuration mode: 1
2023-10-12 15:38:56,664 [INFO] JxBrowserEngine:151 - Initiate JxBrowser Engine with user profile folder
2023-10-12 15:38:56,687 [INFO] ServerAccessManage:473 - Download File updaters.zip
2023-10-12 15:38:56,767 [INFO] FileExtend:240 - Unzip File : updaters.zip
2023-10-12 15:38:56,768 [INFO] FileExtend:255 - Standard Zip Deflate
2023-10-12 15:38:57,374 [INFO] ServerAccessManage:473 - Download File PacksControlFlags.xml
2023-10-12 15:38:57,489 [INFO] ServerAccessManage:473 - Download File cubemx.pidx
2023-10-12 15:38:57,867 [INFO] ServerAccessManage:473 - Download File STMicroelectronics.FP-ATR-ASTRA1.pdsc
2023-10-12 15:38:58,165 [INFO] ServerAccessManage:473 - Download File STMicroelectronics.FP-SNS-FLIGHT1.pdsc
2023-10-12 15:38:58,369 [WARN] MainUpdater:1189 - Updater busy. Cannot search thirdparties
2023-10-12 15:38:58,369 [INFO] ThirdPartyUpdaterWithRetryManager:96 - Updater plugin is busy. [1/15]
2023-10-12 15:38:58,455 [INFO] ServerAccessManage:473 - Download File STMicroelectronics.FP-SNS-MOTENV1.pdsc
2023-10-12 15:38:58,679 [INFO] ServerAccessManage:473 - Download File STMicroelectronics.FP-SNS-SMARTAG2.pdsc
2023-10-12 15:38:58,831 [INFO] ServerAccessManage:473 - Download File STMicroelectronics.X-CUBE-AI.pdsc
2023-10-12 15:38:59,807 [INFO] ServerAccessManage:473 - Download File STMicroelectronics.X-CUBE-BLE1.pdsc
2023-10-12 15:39:01,103 [ERROR] ServerAccessManage:1089 - Problem, file not found on Server
2023-10-12 15:39:01,203 [INFO] ServerAccessManage:473 - Download File STMicroelectronics.X-CUBE-BLEMGR.pdsc
2023-10-12 15:39:01,370 [WARN] MainUpdater:1189 - Updater busy. Cannot search thirdparties
2023-10-12 15:39:01,370 [INFO] ThirdPartyUpdaterWithRetryManager:96 - Updater plugin is busy. [2/15]
2023-10-12 15:39:01,623 [INFO] ServerAccessManage:473 - Download File STMicroelectronics.X-CUBE-FREERTOS.pdsc
2023-10-12 15:39:02,014 [INFO] ServerAccessManage:473 - Download File STMicroelectronics.X-CUBE-MEMS1.pdsc
2023-10-12 15:39:03,514 [INFO] ServerAccessManage:473 - Download File STMicroelectronics.X-CUBE-NFC6.pdsc
2023-10-12 15:39:03,651 [INFO] ServerAccessManage:473 - Download File STMicroelectronics.X-CUBE-NFC7.pdsc
2023-10-12 15:39:03,879 [INFO] ServerAccessManage:473 - Download File STMicroelectronics.X-CUBE-SMBUS.pdsc
2023-10-12 15:39:04,370 [WARN] MainUpdater:1189 - Updater busy. Cannot search thirdparties
2023-10-12 15:39:04,370 [INFO] ThirdPartyUpdaterWithRetryManager:96 - Updater plugin is busy. [3/15]
2023-10-12 15:39:04,480 [ERROR] ServerAccessManage:1089 - Problem, file not found on Server
2023-10-12 15:39:04,549 [INFO] ServerAccessManage:473 - Download File STMicroelectronics.X-CUBE-TOF1.pdsc
2023-10-12 15:39:05,454 [ERROR] ServerAccessManage:1089 - Problem, file not found on Server
2023-10-12 15:39:05,571 [INFO] ServerAccessManage:473 - Download File STMicroelectronics.X-CUBE-TOUCHGFX.pdsc
2023-10-12 15:39:06,092 [INFO] WebApp:157 - Instantiating new browser for Auth
2023-10-12 15:39:06,470 [INFO] WebApp:753 - Register for checkConnection events
2023-10-12 15:39:06,470 [INFO] WebApp:390 - Apply proxy settings
2023-10-12 15:39:06,470 [INFO] WebApp:475 - Chromium requires no authentication
2023-10-12 15:39:06,474 [INFO] WebApp:418 - Direct internet connection detected
2023-10-12 15:39:06,582 [INFO] WebApp:188 - Starting web application
2023-10-12 15:39:06,583 [INFO] WebApp:520 - Web application path used C:\ST\STM32CubeIDE_1.11.2\STM32CubeIDE\plugins\com.st.stm32cube.common.mx_6.9.2.202309101412\db\plugins\mcufinder\reactClient1\index.html
2023-10-12 15:39:06,755 [INFO] ServerAccessManage:473 - Download File STMicroelectronics.X-CUBE-AZRTOS-H7.pdsc
2023-10-12 15:39:07,242 [INFO] ServerAccessManage:473 - Download File STMicroelectronics.X-CUBE-AZRTOS-L4.pdsc
2023-10-12 15:39:07,372 [WARN] MainUpdater:1189 - Updater busy. Cannot search thirdparties
2023-10-12 15:39:07,372 [INFO] ThirdPartyUpdaterWithRetryManager:96 - Updater plugin is busy. [4/15]
2023-10-12 15:39:07,494 [INFO] ServerAccessManage:473 - Download File STMicroelectronics.X-CUBE-AZRTOS-L5.pdsc
2023-10-12 15:39:07,846 [INFO] ServerAccessManage:473 - Download File STMicroelectronics.X-CUBE-AZRTOS-G4.pdsc
2023-10-12 15:39:08,073 [INFO] ServerAccessManage:473 - Download File STMicroelectronics.X-CUBE-AZRTOS-WB.pdsc
2023-10-12 15:39:08,284 [INFO] ServerAccessManage:473 - Download File STMicroelectronics.X-CUBE-AZRTOS-WL.pdsc
2023-10-12 15:39:09,358 [INFO] ServerAccessManage:473 - Download File SEGGER.I-CUBE-embOS.pdsc
2023-10-12 15:39:10,373 [WARN] MainUpdater:1189 - Updater busy. Cannot search thirdparties
2023-10-12 15:39:10,373 [INFO] ThirdPartyUpdaterWithRetryManager:96 - Updater plugin is busy. [5/15]
2023-10-12 15:39:11,031 [INFO] ServerAccessManage:473 - Download File WES.I-CUBE-Cesium.pdsc
2023-10-12 15:39:11,863 [ERROR] ServerAccessManage:1089 - Problem, file not found on Server
2023-10-12 15:39:12,178 [ERROR] ServerAccessManage:1089 - Problem, file not found on Server
2023-10-12 15:39:12,818 [INFO] ServerAccessManage:473 - Download File ITTIA_DB.I-CUBE-ITTIADB.pdsc
2023-10-12 15:39:13,373 [WARN] MainUpdater:1189 - Updater busy. Cannot search thirdparties
2023-10-12 15:39:13,373 [INFO] ThirdPartyUpdaterWithRetryManager:96 - Updater plugin is busy. [6/15]
2023-10-12 15:39:14,460 [INFO] ServerAccessManage:473 - Download File Infineon.AIROC-Wi-Fi-Bluetooth-STM32.pdsc
2023-10-12 15:39:15,640 [WARN] PackLoader:240 - Cannot read IP mode file for STMicroelectronics.FP-ATR-ASTRA1.2.0.0
2023-10-12 15:39:15,646 [WARN] PackLoader:240 - Cannot read IP mode file for STMicroelectronics.FP-SNS-FLIGHT1.5.0.2
2023-10-12 15:39:15,650 [WARN] PackLoader:240 - Cannot read IP mode file for STMicroelectronics.FP-SNS-MOTENV1.4.3.2
2023-10-12 15:39:15,657 [WARN] PackLoader:240 - Cannot read IP mode file for STMicroelectronics.FP-SNS-SMARTAG2.1.2.0
2023-10-12 15:39:15,661 [WARN] PackLoader:240 - Cannot read IP mode file for STMicroelectronics.X-CUBE-AI.8.1.0
2023-10-12 15:39:15,665 [WARN] PackLoader:240 - Cannot read IP mode file for STMicroelectronics.X-CUBE-BLE1.7.0.0
2023-10-12 15:39:15,672 [WARN] PackLoader:240 - Cannot read IP mode file for STMicroelectronics.X-CUBE-BLEMGR.2.0.0
2023-10-12 15:39:15,680 [WARN] PackLoader:240 - Cannot read IP mode file for STMicroelectronics.X-CUBE-FREERTOS.1.1.0
2023-10-12 15:39:15,728 [WARN] PackLoader:240 - Cannot read IP mode file for STMicroelectronics.X-CUBE-MEMS1.9.6.0
2023-10-12 15:39:15,766 [INFO] CheckServerUpdateThread:120 - End of CheckServer Thread
2023-10-12 15:39:15,849 [WARN] PackLoader:240 - Cannot read IP mode file for STMicroelectronics.X-CUBE-NFC6.3.0.0
2023-10-12 15:39:15,854 [WARN] PackLoader:240 - Cannot read IP mode file for STMicroelectronics.X-CUBE-NFC7.1.0.1
2023-10-12 15:39:15,858 [WARN] PackLoader:240 - Cannot read IP mode file for STMicroelectronics.X-CUBE-SMBUS.2.1.0
2023-10-12 15:39:15,866 [WARN] PackLoader:240 - Cannot read IP mode file for STMicroelectronics.X-CUBE-TOF1.3.3.1
2023-10-12 15:39:15,877 [WARN] PackLoader:240 - Cannot read IP mode file for STMicroelectronics.X-CUBE-TOUCHGFX.4.22.1
2023-10-12 15:39:15,888 [WARN] ConditionMgr:438 - getConditionDescription Invalid condition id : UX DEVICE CLASS RTOS Condition cause : null
2023-10-12 15:39:15,888 [WARN] ConditionMgr:438 - getConditionDescription Invalid condition id : UX DEVICE CLASS RTOS Condition cause : null
2023-10-12 15:39:15,890 [WARN] PackLoader:240 - Cannot read IP mode file for STMicroelectronics.X-CUBE-AZRTOS-H7.3.1.0
2023-10-12 15:39:15,891 [WARN] ConditionMgr:1039 - genDependencies : Invalid condition id : UX DEVICE CLASS RTOS Condition cause : null
2023-10-12 15:39:15,891 [WARN] ConditionMgr:1039 - genDependencies : Invalid condition id : UX DEVICE CLASS RTOS Condition cause : null
2023-10-12 15:39:15,892 [WARN] ConditionMgr:1039 - genDependencies : Invalid condition id : UX DEVICE CLASS RTOS Condition cause : null
2023-10-12 15:39:15,892 [WARN] ConditionMgr:1039 - genDependencies : Invalid condition id : UX DEVICE CLASS RTOS Condition cause : null
2023-10-12 15:39:15,892 [WARN] ConditionMgr:1039 - genDependencies : Invalid condition id : UX DEVICE CLASS RTOS Condition cause : null
2023-10-12 15:39:15,905 [WARN] ConditionMgr:438 - getConditionDescription Invalid condition id : LAN8742 Phy interface Condition cause : null
2023-10-12 15:39:15,905 [WARN] PackLoader:240 - Cannot read IP mode file for STMicroelectronics.X-CUBE-AZRTOS-L4.2.0.0
2023-10-12 15:39:15,906 [WARN] ConditionMgr:1039 - genDependencies : Invalid condition id : LAN8742 Phy interface Condition cause : null
2023-10-12 15:39:15,906 [WARN] ConditionMgr:1039 - genDependencies : Invalid condition id : LAN8742 Phy interface Condition cause : null
2023-10-12 15:39:15,907 [WARN] ConditionMgr:1039 - genDependencies : Invalid condition id : LAN8742 Phy interface Condition cause : null
2023-10-12 15:39:15,923 [WARN] PackLoader:240 - Cannot read IP mode file for STMicroelectronics.X-CUBE-AZRTOS-L5.2.0.0
2023-10-12 15:39:15,938 [WARN] PackLoader:240 - Cannot read IP mode file for STMicroelectronics.X-CUBE-AZRTOS-G4.2.0.0
2023-10-12 15:39:15,949 [WARN] ConditionMgr:438 - getConditionDescription Invalid condition id : UX DEVICE CLASS RTOS Condition cause : null
2023-10-12 15:39:15,949 [WARN] ConditionMgr:438 - getConditionDescription Invalid condition id : UX DEVICE CLASS RTOS Condition cause : null
2023-10-12 15:39:15,952 [WARN] PackLoader:240 - Cannot read IP mode file for STMicroelectronics.X-CUBE-AZRTOS-WB.2.0.0
2023-10-12 15:39:15,952 [WARN] ConditionMgr:1039 - genDependencies : Invalid condition id : UX DEVICE CLASS RTOS Condition cause : null
2023-10-12 15:39:15,952 [WARN] ConditionMgr:1039 - genDependencies : Invalid condition id : UX DEVICE CLASS RTOS Condition cause : null
2023-10-12 15:39:15,953 [WARN] ConditionMgr:1039 - genDependencies : Invalid condition id : UX DEVICE CLASS RTOS Condition cause : null
2023-10-12 15:39:15,953 [WARN] ConditionMgr:1039 - genDependencies : Invalid condition id : UX DEVICE CLASS RTOS Condition cause : null
2023-10-12 15:39:15,953 [WARN] ConditionMgr:1039 - genDependencies : Invalid condition id : UX DEVICE CLASS RTOS Condition cause : null
2023-10-12 15:39:15,961 [INFO] LogOutputStream:77 - [STDOUT_REDIRECT] 1 : Invalid condition id : UX_CORESTACK_Condition cause : null
2023-10-12 15:39:15,962 [INFO] LogOutputStream:77 - [STDOUT_REDIRECT] 1 : Invalid condition id : UX_CORESTACK_Condition cause : null
2023-10-12 15:39:15,963 [INFO] LogOutputStream:77 - [STDOUT_REDIRECT] 1 : Invalid condition id : UX_CORESTACK_Condition cause : null
2023-10-12 15:39:15,964 [INFO] LogOutputStream:77 - [STDOUT_REDIRECT] 1 : Invalid condition id : UX_CORESTACK_Condition cause : null
2023-10-12 15:39:15,965 [INFO] LogOutputStream:77 - [STDOUT_REDIRECT] 1 : Invalid condition id : UX_CORESTACK_Condition cause : null
2023-10-12 15:39:15,969 [WARN] PackLoader:240 - Cannot read IP mode file for STMicroelectronics.X-CUBE-AZRTOS-WL.2.0.0
2023-10-12 15:39:15,998 [WARN] PackLoader:240 - Cannot read IP mode file for SEGGER.I-CUBE-embOS.1.3.1
2023-10-12 15:39:16,028 [WARN] PackLoader:240 - Cannot read IP mode file for WES.I-CUBE-Cesium.1.3.0
2023-10-12 15:39:16,032 [WARN] PackLoader:240 - Cannot read IP mode file for ITTIA_DB.I-CUBE-ITTIADB.8.8.0
2023-10-12 15:39:16,039 [WARN] PackLoader:240 - Cannot read IP mode file for Infineon.AIROC-Wi-Fi-Bluetooth-STM32.1.5.1
2023-10-12 15:39:16,042 [INFO] PopulateThirdPartyThread:66 - Ending populate Thread
2023-10-12 15:39:16,043 [INFO] ThirdParty:1030 - CMSIS Pack Vendor :STMicroelectronics FP-SNS-SMARTAG2 1.2.0
2023-10-12 15:39:16,043 [INFO] ThirdParty:1030 - CMSIS Pack Vendor :STMicroelectronics FP-SNS-MOTENV1 4.3.2
2023-10-12 15:39:16,043 [INFO] ThirdParty:1030 - CMSIS Pack Vendor :STMicroelectronics X-CUBE-AZRTOS-WL 2.0.0
2023-10-12 15:39:16,043 [INFO] ThirdParty:1030 - CMSIS Pack Vendor :SEGGER I-CUBE-embOS 1.3.1
2023-10-12 15:39:16,043 [INFO] ThirdParty:1030 - CMSIS Pack Vendor :STMicroelectronics X-CUBE-BLE1 7.0.0
2023-10-12 15:39:16,044 [INFO] ThirdParty:1030 - CMSIS Pack Vendor :STMicroelectronics X-CUBE-AI 8.1.0
2023-10-12 15:39:16,044 [INFO] ThirdParty:1030 - CMSIS Pack Vendor :STMicroelectronics X-CUBE-BLEMGR 2.0.0
2023-10-12 15:39:16,044 [INFO] ThirdParty:1030 - CMSIS Pack Vendor :STMicroelectronics X-CUBE-SMBUS 2.1.0
2023-10-12 15:39:16,044 [INFO] ThirdParty:1030 - CMSIS Pack Vendor :STMicroelectronics X-CUBE-AZRTOS-L4 2.0.0
2023-10-12 15:39:16,044 [INFO] ThirdParty:1030 - CMSIS Pack Vendor :STMicroelectronics X-CUBE-AZRTOS-WB 2.0.0
2023-10-12 15:39:16,044 [INFO] ThirdParty:1030 - CMSIS Pack Vendor :STMicroelectronics FP-ATR-ASTRA1 2.0.0
2023-10-12 15:39:16,044 [INFO] ThirdParty:1030 - CMSIS Pack Vendor :WES I-CUBE-Cesium 1.3.0
2023-10-12 15:39:16,044 [INFO] ThirdParty:1030 - CMSIS Pack Vendor :STMicroelectronics X-CUBE-FREERTOS 1.1.0
2023-10-12 15:39:16,044 [INFO] ThirdParty:1030 - CMSIS Pack Vendor :STMicroelectronics X-CUBE-NFC7 1.0.1
2023-10-12 15:39:16,044 [INFO] ThirdParty:1030 - CMSIS Pack Vendor :STMicroelectronics FP-SNS-FLIGHT1 5.0.2
2023-10-12 15:39:16,044 [INFO] ThirdParty:1030 - CMSIS Pack Vendor :STMicroelectronics X-CUBE-TOUCHGFX 4.22.1
2023-10-12 15:39:16,044 [INFO] ThirdParty:1030 - CMSIS Pack Vendor :STMicroelectronics X-CUBE-TOF1 3.3.1
2023-10-12 15:39:16,044 [INFO] ThirdParty:1030 - CMSIS Pack Vendor :STMicroelectronics X-CUBE-AZRTOS-L5 2.0.0
2023-10-12 15:39:16,044 [INFO] ThirdParty:1030 - CMSIS Pack Vendor :STMicroelectronics X-CUBE-AZRTOS-G4 2.0.0
2023-10-12 15:39:16,044 [INFO] ThirdParty:1030 - CMSIS Pack Vendor :STMicroelectronics X-CUBE-NFC6 3.0.0
2023-10-12 15:39:16,044 [INFO] ThirdParty:1030 - CMSIS Pack Vendor :STMicroelectronics X-CUBE-AZRTOS-H7 3.1.0
2023-10-12 15:39:16,044 [INFO] ThirdParty:1030 - CMSIS Pack Vendor :Infineon AIROC-Wi-Fi-Bluetooth-STM32 1.5.1
2023-10-12 15:39:16,045 [INFO] ThirdParty:1030 - CMSIS Pack Vendor :STMicroelectronics X-CUBE-MEMS1 9.6.0
2023-10-12 15:39:16,045 [INFO] ThirdParty:1030 - CMSIS Pack Vendor :ITTIA_DB I-CUBE-ITTIADB 8.8.0
2023-10-12 15:39:16,045 [INFO] LoadServerUpdatesThread:373 - End of LoadServerUpdate Thread
2023-10-12 15:39:16,491 [WARN] PackLoader:240 - Cannot read IP mode file for STMicroelectronics.X-CUBE-SMBUS.2.1.0
2023-10-12 15:39:16,511 [WARN] PackLoader:240 - Cannot read IP mode file for STMicroelectronics.X-CUBE-AZRTOS-F7.1.1.0
2023-10-12 15:39:16,516 [WARN] PackLoader:240 - Cannot read IP mode file for STMicroelectronics.FP-SNS-MOTENV1.4.3.2
2023-10-12 15:39:16,527 [WARN] PackLoader:240 - Cannot read IP mode file for STMicroelectronics.X-CUBE-BLE1.6.2.4
2023-10-12 15:39:16,536 [WARN] PackLoader:240 - Cannot read IP mode file for STMicroelectronics.X-CUBE-BLE1.6.2.2
2023-10-12 15:39:16,538 [WARN] PackLoader:240 - Cannot read IP mode file for STMicroelectronics.FP-SNS-FLIGHT1.5.0.2
2023-10-12 15:39:16,547 [WARN] PackLoader:240 - Cannot read IP mode file for STMicroelectronics.X-CUBE-BLE2.3.2.2
2023-10-12 15:39:16,558 [WARN] PackLoader:240 - Cannot read IP mode file for STMicroelectronics.X-CUBE-DISPLAY.3.0.0
2023-10-12 15:39:16,568 [WARN] PackLoader:240 - Cannot read IP mode file for STMicroelectronics.X-CUBE-BLE1.7.0.0
2023-10-12 15:39:16,571 [WARN] PackLoader:240 - Cannot read IP mode file for STMicroelectronics.X-CUBE-TOUCHGFX.4.22.1
2023-10-12 15:39:16,583 [WARN] PackLoader:240 - Cannot read IP mode file for STMicroelectronics.X-CUBE-SUBG2.4.2.0
2023-10-12 15:39:16,588 [WARN] PackLoader:240 - Cannot read IP mode file for STMicroelectronics.FP-SNS-SMARTAG2.1.2.0
2023-10-12 15:39:16,598 [INFO] LogOutputStream:77 - [STDOUT_REDIRECT] 1 : Invalid condition id : UX_CORESTACK_Condition cause : null
2023-10-12 15:39:16,599 [INFO] LogOutputStream:77 - [STDOUT_REDIRECT] 1 : Invalid condition id : UX_CORESTACK_Condition cause : null
2023-10-12 15:39:16,599 [INFO] LogOutputStream:77 - [STDOUT_REDIRECT] 1 : Invalid condition id : UX_CORESTACK_Condition cause : null
2023-10-12 15:39:16,600 [INFO] LogOutputStream:77 - [STDOUT_REDIRECT] 1 : Invalid condition id : UX_CORESTACK_Condition cause : null
2023-10-12 15:39:16,601 [INFO] LogOutputStream:77 - [STDOUT_REDIRECT] 1 : Invalid condition id : UX_CORESTACK_Condition cause : null
2023-10-12 15:39:16,603 [WARN] PackLoader:240 - Cannot read IP mode file for STMicroelectronics.X-CUBE-AZRTOS-WL.2.0.0
2023-10-12 15:39:16,612 [WARN] PackLoader:240 - Cannot read IP mode file for STMicroelectronics.X-CUBE-ALGOBUILD.1.2.1
2023-10-12 15:39:16,616 [WARN] PackLoader:240 - Cannot read IP mode file for WES.I-CUBE-Cesium.1.3.0
2023-10-12 15:39:16,626 [WARN] PackLoader:240 - Cannot read IP mode file for STMicroelectronics.X-CUBE-BLE2.3.3.0
2023-10-12 15:39:16,639 [WARN] PackLoader:240 - Cannot read IP mode file for STMicroelectronics.X-CUBE-TOF1.3.2.0
2023-10-12 15:39:16,649 [WARN] PackLoader:240 - Cannot read IP mode file for STMicroelectronics.X-CUBE-TOUCHGFX.4.18.0
2023-10-12 15:39:16,658 [WARN] PackLoader:240 - Cannot read IP mode file for wolfSSL.I-CUBE-wolfSSL.5.0.0
2023-10-12 15:39:16,667 [WARN] PackLoader:240 - Cannot read IP mode file for STMicroelectronics.X-CUBE-TOUCHGFX.4.21.1
2023-10-12 15:39:16,675 [WARN] PackLoader:240 - Cannot read IP mode file for STMicroelectronics.X-CUBE-ALGOBUILD.1.3.0
2023-10-12 15:39:16,692 [WARN] PackLoader:240 - Cannot read IP mode file for STMicroelectronics.X-CUBE-AZRTOS-G0.1.1.0
2023-10-12 15:39:16,703 [WARN] PackLoader:240 - Cannot read IP mode file for STMicroelectronics.X-CUBE-NFC4.3.0.0
2023-10-12 15:39:16,728 [WARN] PackLoader:240 - Cannot read IP mode file for SEGGER.I-CUBE-embOS.1.2.0
2023-10-12 15:39:16,757 [WARN] PackLoader:240 - Cannot read IP mode file for STMicroelectronics.X-CUBE-BLEMGR.1.3.0
2023-10-12 15:39:16,777 [WARN] PackLoader:240 - Cannot read IP mode file for STMicroelectronics.X-CUBE-AZRTOS-H7.2.0.0
2023-10-12 15:39:16,782 [WARN] PackLoader:240 - Cannot read IP mode file for STMicroelectronics.FP-ATR-SIGFOX1.3.2.0
2023-10-12 15:39:16,817 [WARN] PackLoader:240 - Cannot read IP mode file for STMicroelectronics.X-CUBE-MEMS1.9.5.0
2023-10-12 15:39:16,928 [WARN] PackLoader:240 - Cannot read IP mode file for SEGGER.I-CUBE-embOS.1.3.1
2023-10-12 15:39:16,965 [WARN] PackLoader:240 - Cannot read IP mode file for STMicroelectronics.X-CUBE-DISPLAY.2.0.0
2023-10-12 15:39:16,977 [WARN] PackLoader:240 - Cannot read IP mode file for STMicroelectronics.X-CUBE-GNSS1.6.0.0
2023-10-12 15:39:16,998 [WARN] PackLoader:240 - Cannot read IP mode file for STMicroelectronics.X-CUBE-AZRTOS-F4.1.1.0
2023-10-12 15:39:17,011 [WARN] PackLoader:240 - Cannot read IP mode file for STMicroelectronics.X-CUBE-AZRTOS-L5.2.0.0
2023-10-12 15:39:17,041 [WARN] PackLoader:240 - Cannot read IP mode file for STMicroelectronics.X-CUBE-MEMS1.9.6.0
2023-10-12 15:39:17,128 [WARN] PackLoader:240 - Cannot read IP mode file for ITTIA_DB.I-CUBE-ITTIADB.8.8.0
2023-10-12 15:39:17,139 [WARN] PackLoader:240 - Cannot read IP mode file for emotas.I-CUBE-CANOPEN.1.1.3
2023-10-12 15:39:17,144 [WARN] PackLoader:240 - Cannot read IP mode file for STMicroelectronics.X-CUBE-BLEMGR.2.0.0
2023-10-12 15:39:17,155 [WARN] PackLoader:240 - Cannot read IP mode file for STMicroelectronics.X-CUBE-NFC4.2.0.3
2023-10-12 15:39:17,167 [WARN] ConditionMgr:438 - getConditionDescription Invalid condition id : UX DEVICE CLASS RTOS Condition cause : null
2023-10-12 15:39:17,167 [WARN] ConditionMgr:438 - getConditionDescription Invalid condition id : UX DEVICE CLASS RTOS Condition cause : null
2023-10-12 15:39:17,170 [WARN] PackLoader:240 - Cannot read IP mode file for STMicroelectronics.X-CUBE-AZRTOS-H7.3.1.0
2023-10-12 15:39:17,170 [WARN] ConditionMgr:1039 - genDependencies : Invalid condition id : UX DEVICE CLASS RTOS Condition cause : null
2023-10-12 15:39:17,171 [WARN] ConditionMgr:1039 - genDependencies : Invalid condition id : UX DEVICE CLASS RTOS Condition cause : null
2023-10-12 15:39:17,171 [WARN] ConditionMgr:1039 - genDependencies : Invalid condition id : UX DEVICE CLASS RTOS Condition cause : null
2023-10-12 15:39:17,172 [WARN] ConditionMgr:1039 - genDependencies : Invalid condition id : UX DEVICE CLASS RTOS Condition cause : null
2023-10-12 15:39:17,172 [WARN] ConditionMgr:1039 - genDependencies : Invalid condition id : UX DEVICE CLASS RTOS Condition cause : null
2023-10-12 15:39:17,184 [WARN] PackLoader:240 - Cannot read IP mode file for STMicroelectronics.X-CUBE-SFXS2LP1.3.1.0
2023-10-12 15:39:17,206 [WARN] PackLoader:240 - Cannot read IP mode file for STMicroelectronics.X-CUBE-AZRTOS-F4.1.0.0
2023-10-12 15:39:17,218 [WARN] PackLoader:240 - Cannot read IP mode file for STMicroelectronics.X-CUBE-TOF1.2.0.0
2023-10-12 15:39:17,222 [WARN] PackLoader:240 - Cannot read IP mode file for STMicroelectronics.X-CUBE-NFC7.1.0.1
2023-10-12 15:39:17,232 [WARN] PackLoader:240 - Cannot read IP mode file for STMicroelectronics.X-CUBE-NFC7.1.0.0
2023-10-12 15:39:17,237 [WARN] PackLoader:240 - Cannot read IP mode file for STMicroelectronics.X-CUBE-NFC6.3.0.0
2023-10-12 15:39:17,250 [WARN] PackLoader:240 - Cannot read IP mode file for STMicroelectronics.X-CUBE-EEPRMA1.4.1.0
2023-10-12 15:39:17,254 [WARN] PackLoader:240 - Cannot read IP mode file for STMicroelectronics.X-CUBE-AI.8.1.0
2023-10-12 15:39:17,267 [WARN] ConditionMgr:438 - getConditionDescription Invalid condition id : LAN8742 Phy interface Condition cause : null
2023-10-12 15:39:17,268 [WARN] PackLoader:240 - Cannot read IP mode file for STMicroelectronics.X-CUBE-AZRTOS-L4.2.0.0
2023-10-12 15:39:17,269 [WARN] ConditionMgr:1039 - genDependencies : Invalid condition id : LAN8742 Phy interface Condition cause : null
2023-10-12 15:39:17,269 [WARN] ConditionMgr:1039 - genDependencies : Invalid condition id : LAN8742 Phy interface Condition cause : null
2023-10-12 15:39:17,269 [WARN] ConditionMgr:1039 - genDependencies : Invalid condition id : LAN8742 Phy interface Condition cause : null
2023-10-12 15:39:17,280 [WARN] PackLoader:240 - Cannot read IP mode file for STMicroelectronics.X-CUBE-SFXS2LP1.4.0.0
2023-10-12 15:39:17,302 [WARN] PackLoader:240 - Cannot read IP mode file for STMicroelectronics.X-CUBE-AZRTOS-H7.3.0.0
2023-10-12 15:39:17,313 [WARN] PackLoader:240 - Cannot read IP mode file for STMicroelectronics.X-CUBE-ISPU.1.1.0
2023-10-12 15:39:17,324 [WARN] PackLoader:240 - Cannot read IP mode file for RoweBots.I-CUBE-UNISONRTOS.5.5.0-4
2023-10-12 15:39:17,332 [WARN] PackLoader:240 - Cannot read IP mode file for STMicroelectronics.X-CUBE-AI.8.0.0
2023-10-12 15:39:17,339 [WARN] ConditionMgr:438 - getConditionDescription Invalid condition id : UX DEVICE CLASS RTOS Condition cause : null
2023-10-12 15:39:17,339 [WARN] ConditionMgr:438 - getConditionDescription Invalid condition id : UX DEVICE CLASS RTOS Condition cause : null
2023-10-12 15:39:17,340 [WARN] PackLoader:240 - Cannot read IP mode file for STMicroelectronics.X-CUBE-AZRTOS-WB.2.0.0
2023-10-12 15:39:17,340 [WARN] ConditionMgr:1039 - genDependencies : Invalid condition id : UX DEVICE CLASS RTOS Condition cause : null
2023-10-12 15:39:17,340 [WARN] ConditionMgr:1039 - genDependencies : Invalid condition id : UX DEVICE CLASS RTOS Condition cause : null
2023-10-12 15:39:17,340 [WARN] ConditionMgr:1039 - genDependencies : Invalid condition id : UX DEVICE CLASS RTOS Condition cause : null
2023-10-12 15:39:17,340 [WARN] ConditionMgr:1039 - genDependencies : Invalid condition id : UX DEVICE CLASS RTOS Condition cause : null
2023-10-12 15:39:17,340 [WARN] ConditionMgr:1039 - genDependencies : Invalid condition id : UX DEVICE CLASS RTOS Condition cause : null
2023-10-12 15:39:17,358 [WARN] PackLoader:240 - Cannot read IP mode file for STMicroelectronics.X-CUBE-AZRTOS-L5.1.1.0
2023-10-12 15:39:17,372 [WARN] PackLoader:240 - Cannot read IP mode file for STMicroelectronics.X-CUBE-SUBG2.5.0.0
2023-10-12 15:39:17,379 [WARN] PackLoader:240 - Cannot read IP mode file for STMicroelectronics.X-CUBE-TOF1.3.3.1
2023-10-12 15:39:17,389 [WARN] PackLoader:240 - Cannot read IP mode file for STMicroelectronics.X-CUBE-AZRTOS-G4.2.0.0
2023-10-12 15:39:17,393 [WARN] PackLoader:240 - Cannot read IP mode file for STMicroelectronics.FP-ATR-ASTRA1.1.1.1
2023-10-12 15:39:17,401 [WARN] PackLoader:240 - Cannot read IP mode file for Infineon.AIROC-Wi-Fi-Bluetooth-STM32.1.5.1
2023-10-12 15:39:17,418 [WARN] PackLoader:240 - Cannot read IP mode file for STMicroelectronics.X-CUBE-AZRTOS-G4.1.0.0
2023-10-12 15:39:17,437 [WARN] PackLoader:240 - Cannot read IP mode file for STMicroelectronics.X-CUBE-AZRTOS-L4.1.0.0
2023-10-12 15:39:17,441 [WARN] PackLoader:240 - Cannot read IP mode file for STMicroelectronics.X-CUBE-FREERTOS.1.1.0
2023-10-12 15:39:17,459 [WARN] PackLoader:240 - Cannot read IP mode file for STMicroelectronics.X-CUBE-AZRTOS-F7.1.0.0
2023-10-12 15:39:17,478 [WARN] PackLoader:240 - Cannot read IP mode file for STMicroelectronics.X-CUBE-AZRTOS-WL.1.0.0
2023-10-12 15:39:17,511 [WARN] PackLoader:240 - Cannot read IP mode file for STMicroelectronics.X-CUBE-MEMS1.9.1.0
2023-10-12 15:39:17,588 [WARN] PackLoader:240 - Cannot read IP mode file for portGmbH.I-Cube-SoM-uGOAL.1.1.0
2023-10-12 15:39:17,597 [WARN] PackLoader:240 - Cannot read IP mode file for STMicroelectronics.X-CUBE-ALS.1.0.1
2023-10-12 15:39:17,605 [WARN] PackLoader:240 - Cannot read IP mode file for STMicroelectronics.X-CUBE-AI.7.0.0
2023-10-12 15:39:17,622 [WARN] PackLoader:240 - Cannot read IP mode file for STMicroelectronics.X-CUBE-AZRTOS-WB.1.1.0
2023-10-12 15:39:17,641 [WARN] PackLoader:240 - Cannot read IP mode file for STMicroelectronics.X-CUBE-AZRTOS-L5.1.0.0
2023-10-12 15:39:17,651 [WARN] PackLoader:240 - Cannot read IP mode file for STMicroelectronics.X-CUBE-EEPRMA1.3.1.0
2023-10-12 15:39:17,661 [WARN] PackLoader:240 - Cannot read IP mode file for STMicroelectronics.X-CUBE-GNSS1.5.2.0
2023-10-12 15:39:17,664 [WARN] PackLoader:240 - Cannot read IP mode file for STMicroelectronics.FP-ATR-ASTRA1.2.0.0
2023-10-12 15:39:17,665 [INFO] ThirdParty:978 - Integrity check success = true
2023-10-12 15:39:17,665 [INFO] IntegrityCheckThread:100 - exiting critical section [integrity check]
2023-10-12 15:39:17,665 [INFO] IntegrityCheckThread:103 - End integrity checks thread
2023-10-12 15:39:27,085 [ERROR] LogOutputStream:75 - [STDERR_REDIRECT] SLF4J: Failed to load class "org.slf4j.impl.StaticLoggerBinder".
2023-10-12 15:39:27,085 [ERROR] LogOutputStream:75 - [STDERR_REDIRECT] SLF4J: Defaulting to no-operation (NOP) logger implementation
2023-10-12 15:39:27,086 [ERROR] LogOutputStream:75 - [STDERR_REDIRECT] SLF4J: See http://www.slf4j.org/codes.html#StaticLoggerBinder for further details.
2023-10-12 18:11:39,265 [INFO] WebApp:330 - JxBrowser engine has been closed 
2023-10-12 18:11:43,263 [ERROR] LogOutputStream:75 - [STDERR_REDIRECT] 
